Using pre-set license
Built from '2022.3/staging' branch; Version is '2022.3.13f1 (5f90a5ebde0f) revision 6262949'; Using compiler version '192829333'; Build Type 'Release'
OS: 'Windows 10  (10.0.19045) 64bit Core' Language: 'ko' Physical Memory: 16298 MB
BatchMode: 1, IsHumanControllingUs: 0, StartBugReporterOnCrash: 0, Is64bit: 1, IsPro: 1

COMMAND LINE ARGUMENTS:
C:\Program Files\Unity\Hub\Editor\2022.3.13f1\Editor\Unity.exe
-adb2
-batchMode
-noUpm
-name
AssetImportWorker1
-projectPath
C:/GitHub/2DGames/DontTouchTheSpikes
-logFile
Logs/AssetImportWorker1.log
-srvPort
4114
Successfully changed project path to: C:/GitHub/2DGames/DontTouchTheSpikes
C:/GitHub/2DGames/DontTouchTheSpikes
[UnityMemory] Configuration Parameters - Can be set up in boot.config
    "memorysetup-bucket-allocator-granularity=16"
    "memorysetup-bucket-allocator-bucket-count=8"
    "memorysetup-bucket-allocator-block-size=33554432"
    "memorysetup-bucket-allocator-block-count=8"
    "memorysetup-main-allocator-block-size=16777216"
    "memorysetup-thread-allocator-block-size=16777216"
    "memorysetup-gfx-main-allocator-block-size=16777216"
    "memorysetup-gfx-thread-allocator-block-size=16777216"
    "memorysetup-cache-allocator-block-size=4194304"
    "memorysetup-typetree-allocator-block-size=2097152"
    "memorysetup-profiler-bucket-allocator-granularity=16"
    "memorysetup-profiler-bucket-allocator-bucket-count=8"
    "memorysetup-profiler-bucket-allocator-block-size=33554432"
    "memorysetup-profiler-bucket-allocator-block-count=8"
    "memorysetup-profiler-allocator-block-size=16777216"
    "memorysetup-profiler-editor-allocator-block-size=1048576"
    "memorysetup-temp-allocator-size-main=16777216"
    "memorysetup-job-temp-allocator-block-size=2097152"
    "memorysetup-job-temp-allocator-block-size-background=1048576"
    "memorysetup-job-temp-allocator-reduction-small-platforms=262144"
    "memorysetup-allocator-temp-initial-block-size-main=262144"
    "memorysetup-allocator-temp-initial-block-size-worker=262144"
    "memorysetup-temp-allocator-size-background-worker=32768"
    "memorysetup-temp-allocator-size-job-worker=262144"
    "memorysetup-temp-allocator-size-preload-manager=33554432"
    "memorysetup-temp-allocator-size-nav-mesh-worker=65536"
    "memorysetup-temp-allocator-size-audio-worker=65536"
    "memorysetup-temp-allocator-size-cloud-worker=32768"
    "memorysetup-temp-allocator-size-gi-baking-worker=262144"
    "memorysetup-temp-allocator-size-gfx=262144"
Player connection [13244] Host "[IP] 192.168.0.67 [Port] 0 [Flags] 2 [Guid] 1423770511 [EditorId] 1423770511 [Version] 1048832 [Id] WindowsEditor(7,DESKTOP-MNV88Q3) [Debug] 1 [PackageName] WindowsEditor [ProjectName] Editor" joined multi-casting on [225.0.0.222:54997]...

Player connection [13244] Host "[IP] 192.168.0.67 [Port] 0 [Flags] 2 [Guid] 1423770511 [EditorId] 1423770511 [Version] 1048832 [Id] WindowsEditor(7,DESKTOP-MNV88Q3) [Debug] 1 [PackageName] WindowsEditor [ProjectName] Editor" joined alternative multi-casting on [225.0.0.222:34997]...

[Physics::Module] Initialized MultithreadedJobDispatcher with 7 workers.
Refreshing native plugins compatible for Editor in 61.33 ms, found 4 plugins.
Preloading 0 native plugins for Editor in 0.00 ms.
Initialize engine version: 2022.3.13f1 (5f90a5ebde0f)
[Subsystems] Discovering subsystems at path C:/Program Files/Unity/Hub/Editor/2022.3.13f1/Editor/Data/Resources/UnitySubsystems
[Subsystems] Discovering subsystems at path C:/GitHub/2DGames/DontTouchTheSpikes/Assets
GfxDevice: creating device client; threaded=0; jobified=0
Direct3D:
    Version:  Direct3D 11.0 [level 11.1]
    Renderer: NVIDIA GeForce GTX 1060 3GB (ID=0x1c02)
    Vendor:   NVIDIA
    VRAM:     2979 MB
    Driver:   31.0.15.3623
Initialize mono
Mono path[0] = 'C:/Program Files/Unity/Hub/Editor/2022.3.13f1/Editor/Data/Managed'
Mono path[1] = 'C:/Program Files/Unity/Hub/Editor/2022.3.13f1/Editor/Data/MonoBleedingEdge/lib/mono/unityjit-win32'
Mono config path = 'C:/Program Files/Unity/Hub/Editor/2022.3.13f1/Editor/Data/MonoBleedingEdge/etc'
Using monoOptions --debugger-agent=transport=dt_socket,embedding=1,server=y,suspend=n,address=127.0.0.1:56952
Begin MonoManager ReloadAssembly
Registering precompiled unity dll's ...
Register platform support module: C:/Program Files/Unity/Hub/Editor/2022.3.13f1/Editor/Data/PlaybackEngines/WebGLSupport/UnityEditor.WebGL.Extensions.dll
Register platform support module: C:/Program Files/Unity/Hub/Editor/2022.3.13f1/Editor/Data/PlaybackEngines/AndroidPlayer/UnityEditor.Android.Extensions.dll
Register platform support module: C:/Program Files/Unity/Hub/Editor/2022.3.13f1/Editor/Data/PlaybackEngines/iOSSupport/UnityEditor.iOS.Extensions.dll
Register platform support module: C:/Program Files/Unity/Hub/Editor/2022.3.13f1/Editor/Data/PlaybackEngines/WindowsStandaloneSupport/UnityEditor.WindowsStandalone.Extensions.dll
Registered in 0.018214 seconds.
- Loaded All Assemblies, in  0.478 seconds
Native extension for WindowsStandalone target not found
[usbmuxd] Start listen thread
[usbmuxd] Listen thread started
Native extension for iOS target not found
Native extension for Android target not found
Android Extension - Scanning For ADB Devices 325 ms
Native extension for WebGL target not found
Mono: successfully reloaded assembly
- Finished resetting the current domain, in  0.748 seconds
Domain Reload Profiling: 1223ms
	BeginReloadAssembly (151ms)
		ExecutionOrderSort (0ms)
		DisableScriptedObjects (0ms)
		BackupInstance (0ms)
		ReleaseScriptingObjects (0ms)
		CreateAndSetChildDomain (1ms)
	RebuildCommonClasses (42ms)
	RebuildNativeTypeToScriptingClass (13ms)
	initialDomainReloadingComplete (80ms)
	LoadAllAssembliesAndSetupDomain (188ms)
		LoadAssemblies (149ms)
		RebuildTransferFunctionScriptingTraits (0ms)
		AnalyzeDomain (184ms)
			TypeCache.Refresh (183ms)
				TypeCache.ScanAssembly (169ms)
			ScanForSourceGeneratedMonoScriptInfo (0ms)
			ResolveRequiredComponents (0ms)
	FinalizeReload (749ms)
		ReleaseScriptCaches (0ms)
		RebuildScriptCaches (0ms)
		SetupLoadedEditorAssemblies (679ms)
			LogAssemblyErrors (0ms)
			InitializePlatformSupportModulesInManaged (473ms)
			SetLoadedEditorAssemblies (6ms)
			RefreshPlugins (0ms)
			BeforeProcessingInitializeOnLoad (4ms)
			ProcessInitializeOnLoadAttributes (132ms)
			ProcessInitializeOnLoadMethodAttributes (64ms)
			AfterProcessingInitializeOnLoad (0ms)
			EditorAssembliesLoaded (0ms)
		ExecutionOrderSort2 (0ms)
		AwakeInstancesAfterBackupRestoration (0ms)
========================================================================
Worker process is ready to serve import requests
Begin MonoManager ReloadAssembly
- Loaded All Assemblies, in  1.103 seconds
Refreshing native plugins compatible for Editor in 33.53 ms, found 4 plugins.
Native extension for WindowsStandalone target not found
Native extension for iOS target not found
Native extension for Android target not found
Native extension for WebGL target not found
GPGSUpgrader start
0x00007ff6eeb5a4bd (Unity) StackWalker::GetCurrentCallstack
0x00007ff6eeb5f469 (Unity) StackWalker::ShowCallstack
0x00007ff6efb36da1 (Unity) GetStacktrace
0x00007ff6f01f5782 (Unity) DebugStringToFile
0x00007ff6edaa9e76 (Unity) DebugLogHandler_CUSTOM_Internal_Log
0x000002e183d8acfa (Mono JIT Code) (wrapper managed-to-native) UnityEngine.DebugLogHandler:Internal_Log (UnityEngine.LogType,UnityEngine.LogOption,string,UnityEngine.Object)
0x000002e183d8a64b (Mono JIT Code) UnityEngine.DebugLogHandler:LogFormat (UnityEngine.LogType,UnityEngine.Object,string,object[])
0x000002e183d89b6e (Mono JIT Code) UnityEngine.Logger:Log (UnityEngine.LogType,object)
0x000002e183d897fd (Mono JIT Code) UnityEngine.Debug:Log (object)
0x000002e183d88f73 (Mono JIT Code) GooglePlayGames.Editor.GPGSUpgrader:.cctor () (at C:/GitHub/2DGames/DontTouchTheSpikes/Assets/GooglePlayGames/com.google.play.games/Editor/GPGSUpgrader.cs:38)
0x000002e183d89505 (Mono JIT Code) (wrapper runtime-invoke) object:runtime_invoke_void (object,intptr,intptr,intptr)
0x00007ff8e6634b6e (mono-2.0-bdwgc) mono_jit_runtime_invoke (at C:/build/output/Unity-Technologies/mono/mono/mini/mini-runtime.c:3445)
0x00007ff8e656d204 (mono-2.0-bdwgc) do_runtime_invoke (at C:/build/output/Unity-Technologies/mono/mono/metadata/object.c:3066)
0x00007ff8e6567fa9 (mono-2.0-bdwgc) mono_runtime_class_init_full (at C:/build/output/Unity-Technologies/mono/mono/metadata/object.c:563)
0x00007ff8e649ddd7 (mono-2.0-bdwgc) ves_icall_System_Runtime_CompilerServices_RuntimeHelpers_RunClassConstructor (at C:/build/output/Unity-Technologies/mono/mono/metadata/icall.c:1292)
0x00007ff8e64cfebc (mono-2.0-bdwgc) ves_icall_System_Runtime_CompilerServices_RuntimeHelpers_RunClassConstructor_raw (at C:/build/output/Unity-Technologies/mono/mono/metadata/icall-def.h:756)
0x000002e179a6f662 (Mono JIT Code) (wrapper managed-to-native) System.Runtime.CompilerServices.RuntimeHelpers:RunClassConstructor (intptr)
0x000002e179a6f53b (Mono JIT Code) System.Runtime.CompilerServices.RuntimeHelpers:RunClassConstructor (System.RuntimeTypeHandle)
0x000002e179a66103 (Mono JIT Code) UnityEditor.EditorAssemblies:ProcessInitializeOnLoadAttributes (System.Type[])
0x000002e17979cc1b (Mono JIT Code) (wrapper runtime-invoke) <Module>:runtime_invoke_void_object (object,intptr,intptr,intptr)
0x00007ff8e6634b6e (mono-2.0-bdwgc) mono_jit_runtime_invoke (at C:/build/output/Unity-Technologies/mono/mono/mini/mini-runtime.c:3445)
0x00007ff8e656d204 (mono-2.0-bdwgc) do_runtime_invoke (at C:/build/output/Unity-Technologies/mono/mono/metadata/object.c:3066)
0x00007ff8e656d37c (mono-2.0-bdwgc) mono_runtime_invoke (at C:/build/output/Unity-Technologies/mono/mono/metadata/object.c:3113)
0x00007ff6eea71654 (Unity) scripting_method_invoke
0x00007ff6eea4f704 (Unity) ScriptingInvocation::Invoke
0x00007ff6eea4a345 (Unity) ScriptingInvocation::Invoke<void>
0x00007ff6eeb9d103 (Unity) Scripting::UnityEditor::EditorAssembliesProxy::ProcessInitializeOnLoadAttributes
0x00007ff6eea444c8 (Unity) MonoManager::SetupLoadedEditorAssemblies
0x00007ff6eea39e89 (Unity) MonoManager::FinalizeReload
0x00007ff6efe32efa (Unity) ScriptingInitializer::FinalizeReload
0x00007ff6ef9e01fb (Unity) LoadUserAssemblies
0x00007ff6efee182f (Unity) <lambda_e4c09a862f47a773e31babb76239f51f>::operator()
0x00007ff6eff1b5d2 (Unity) asio::detail::completion_handler<core::mutable_function<void __cdecl(void)>,asio::io_context::basic_executor_type<std::allocator<void>,0> >::do_complete
0x00007ff6eff0757e (Unity) asio::detail::win_iocp_io_context::do_one
0x00007ff6eff091ae (Unity) asio::detail::win_iocp_io_context::run
0x00007ff6eff1997c (Unity) IOService::Run
0x00007ff6efeedb9f (Unity) AssetImportWorkerClient::Run
0x00007ff6efeb8757 (Unity) RunAssetImportWorkerClientV2
0x00007ff6efeb87db (Unity) RunAssetImporterV2
0x00007ff6ef6b7da3 (Unity) Application::InitializeProject
0x00007ff6efb42ba5 (Unity) WinMain
0x00007ff6f0f2870e (Unity) __scrt_common_main_seh
0x00007ff961617344 (KERNEL32) BaseThreadInitThunk
0x00007ff961ee26b1 (ntdll) RtlUserThreadStart

GPGSUpgrader done
0x00007ff6eeb5a4bd (Unity) StackWalker::GetCurrentCallstack
0x00007ff6eeb5f469 (Unity) StackWalker::ShowCallstack
0x00007ff6efb36da1 (Unity) GetStacktrace
0x00007ff6f01f5782 (Unity) DebugStringToFile
0x00007ff6edaa9e76 (Unity) DebugLogHandler_CUSTOM_Internal_Log
0x000002e183d8acfa (Mono JIT Code) (wrapper managed-to-native) UnityEngine.DebugLogHandler:Internal_Log (UnityEngine.LogType,UnityEngine.LogOption,string,UnityEngine.Object)
0x000002e183d8a64b (Mono JIT Code) UnityEngine.DebugLogHandler:LogFormat (UnityEngine.LogType,UnityEngine.Object,string,object[])
0x000002e183d89b6e (Mono JIT Code) UnityEngine.Logger:Log (UnityEngine.LogType,object)
0x000002e183d897fd (Mono JIT Code) UnityEngine.Debug:Log (object)
0x000002e183d892a3 (Mono JIT Code) GooglePlayGames.Editor.GPGSUpgrader:.cctor () (at C:/GitHub/2DGames/DontTouchTheSpikes/Assets/GooglePlayGames/com.google.play.games/Editor/GPGSUpgrader.cs:57)
0x000002e183d89505 (Mono JIT Code) (wrapper runtime-invoke) object:runtime_invoke_void (object,intptr,intptr,intptr)
0x00007ff8e6634b6e (mono-2.0-bdwgc) mono_jit_runtime_invoke (at C:/build/output/Unity-Technologies/mono/mono/mini/mini-runtime.c:3445)
0x00007ff8e656d204 (mono-2.0-bdwgc) do_runtime_invoke (at C:/build/output/Unity-Technologies/mono/mono/metadata/object.c:3066)
0x00007ff8e6567fa9 (mono-2.0-bdwgc) mono_runtime_class_init_full (at C:/build/output/Unity-Technologies/mono/mono/metadata/object.c:563)
0x00007ff8e649ddd7 (mono-2.0-bdwgc) ves_icall_System_Runtime_CompilerServices_RuntimeHelpers_RunClassConstructor (at C:/build/output/Unity-Technologies/mono/mono/metadata/icall.c:1292)
0x00007ff8e64cfebc (mono-2.0-bdwgc) ves_icall_System_Runtime_CompilerServices_RuntimeHelpers_RunClassConstructor_raw (at C:/build/output/Unity-Technologies/mono/mono/metadata/icall-def.h:756)
0x000002e179a6f662 (Mono JIT Code) (wrapper managed-to-native) System.Runtime.CompilerServices.RuntimeHelpers:RunClassConstructor (intptr)
0x000002e179a6f53b (Mono JIT Code) System.Runtime.CompilerServices.RuntimeHelpers:RunClassConstructor (System.RuntimeTypeHandle)
0x000002e179a66103 (Mono JIT Code) UnityEditor.EditorAssemblies:ProcessInitializeOnLoadAttributes (System.Type[])
0x000002e17979cc1b (Mono JIT Code) (wrapper runtime-invoke) <Module>:runtime_invoke_void_object (object,intptr,intptr,intptr)
0x00007ff8e6634b6e (mono-2.0-bdwgc) mono_jit_runtime_invoke (at C:/build/output/Unity-Technologies/mono/mono/mini/mini-runtime.c:3445)
0x00007ff8e656d204 (mono-2.0-bdwgc) do_runtime_invoke (at C:/build/output/Unity-Technologies/mono/mono/metadata/object.c:3066)
0x00007ff8e656d37c (mono-2.0-bdwgc) mono_runtime_invoke (at C:/build/output/Unity-Technologies/mono/mono/metadata/object.c:3113)
0x00007ff6eea71654 (Unity) scripting_method_invoke
0x00007ff6eea4f704 (Unity) ScriptingInvocation::Invoke
0x00007ff6eea4a345 (Unity) ScriptingInvocation::Invoke<void>
0x00007ff6eeb9d103 (Unity) Scripting::UnityEditor::EditorAssembliesProxy::ProcessInitializeOnLoadAttributes
0x00007ff6eea444c8 (Unity) MonoManager::SetupLoadedEditorAssemblies
0x00007ff6eea39e89 (Unity) MonoManager::FinalizeReload
0x00007ff6efe32efa (Unity) ScriptingInitializer::FinalizeReload
0x00007ff6ef9e01fb (Unity) LoadUserAssemblies
0x00007ff6efee182f (Unity) <lambda_e4c09a862f47a773e31babb76239f51f>::operator()
0x00007ff6eff1b5d2 (Unity) asio::detail::completion_handler<core::mutable_function<void __cdecl(void)>,asio::io_context::basic_executor_type<std::allocator<void>,0> >::do_complete
0x00007ff6eff0757e (Unity) asio::detail::win_iocp_io_context::do_one
0x00007ff6eff091ae (Unity) asio::detail::win_iocp_io_context::run
0x00007ff6eff1997c (Unity) IOService::Run
0x00007ff6efeedb9f (Unity) AssetImportWorkerClient::Run
0x00007ff6efeb8757 (Unity) RunAssetImportWorkerClientV2
0x00007ff6efeb87db (Unity) RunAssetImporterV2
0x00007ff6ef6b7da3 (Unity) Application::InitializeProject
0x00007ff6efb42ba5 (Unity) WinMain
0x00007ff6f0f2870e (Unity) __scrt_common_main_seh
0x00007ff961617344 (KERNEL32) BaseThreadInitThunk
0x00007ff961ee26b1 (ntdll) RtlUserThreadStart

Package Manager log level set to [2]
[Package Manager] Server::EnsureServerProcessIsRunning -- launch failed, reason: Unity was launched with the -noUpm command-line argument
[Package Manager] UpmClient::Send -- Unable to send message (not connected to UPM process).
[Package Manager] Cannot connect to Unity Package Manager local server
Mono: successfully reloaded assembly
[Package Manager] Server::EnsureServerProcessIsRunning -- launch failed, reason: Unity was launched with the -noUpm command-line argument
[Package Manager] UpmClient::Send -- Unable to send message (not connected to UPM process).
[Package Manager] Cannot connect to Unity Package Manager local server
[Package Manager] Server::EnsureServerProcessIsRunning -- launch failed, reason: Unity was launched with the -noUpm command-line argument
[Package Manager] UpmClient::Send -- Unable to send message (not connected to UPM process).
[Package Manager] Cannot connect to Unity Package Manager local server
- Finished resetting the current domain, in  1.103 seconds
Domain Reload Profiling: 2197ms
	BeginReloadAssembly (180ms)
		ExecutionOrderSort (0ms)
		DisableScriptedObjects (7ms)
		BackupInstance (0ms)
		ReleaseScriptingObjects (0ms)
		CreateAndSetChildDomain (23ms)
	RebuildCommonClasses (46ms)
	RebuildNativeTypeToScriptingClass (13ms)
	initialDomainReloadingComplete (72ms)
	LoadAllAssembliesAndSetupDomain (783ms)
		LoadAssemblies (626ms)
		RebuildTransferFunctionScriptingTraits (0ms)
		AnalyzeDomain (264ms)
			TypeCache.Refresh (226ms)
				TypeCache.ScanAssembly (205ms)
			ScanForSourceGeneratedMonoScriptInfo (31ms)
			ResolveRequiredComponents (6ms)
	FinalizeReload (1103ms)
		ReleaseScriptCaches (0ms)
		RebuildScriptCaches (0ms)
		SetupLoadedEditorAssemblies (874ms)
			LogAssemblyErrors (0ms)
			InitializePlatformSupportModulesInManaged (44ms)
			SetLoadedEditorAssemblies (5ms)
			RefreshPlugins (0ms)
			BeforeProcessingInitializeOnLoad (142ms)
			ProcessInitializeOnLoadAttributes (629ms)
			ProcessInitializeOnLoadMethodAttributes (44ms)
			AfterProcessingInitializeOnLoad (10ms)
			EditorAssembliesLoaded (0ms)
		ExecutionOrderSort2 (0ms)
		AwakeInstancesAfterBackupRestoration (12ms)
Launched and connected shader compiler UnityShaderCompiler.exe after 0.05 seconds
Refreshing native plugins compatible for Editor in 57.78 ms, found 4 plugins.
Preloading 0 native plugins for Editor in 0.00 ms.
Unloading 4515 Unused Serialized files (Serialized files now loaded: 0)
Unloading 184 unused Assets / (122.0 KB). Loaded Objects now: 4882.
Memory consumption went from 164.8 MB to 164.7 MB.
Total: 4.355000 ms (FindLiveObjects: 0.351700 ms CreateObjectMapping: 0.322200 ms MarkObjects: 3.377100 ms  DeleteObjects: 0.302400 ms)

AssetImportParameters requested are different than current active one (requested -> active):
  custom:container-demuxer-ogg: 62fdf1f143b41e24485cea50d1cbac27 -> 
  custom:video-decoder-ogg-theora: a1e56fd34408186e4bbccfd4996cb3dc -> 
  custom:framework-win-MediaFoundation: 216162199b28c13a410421893ffa2e32 -> 
  custom:CustomObjectIndexerAttribute: 756ad292c208cfabdd7b50bc23989ffe -> 
  custom:container-demuxer-webm: 4f35f7cbe854078d1ac9338744f61a02 -> 
  custom:container-muxer-webm: aa71ff27fc2769a1b78a27578f13a17b -> 
  custom:video-decoder-webm-vp8: 9c59270c3fd7afecdb556c50c9e8de78 -> 
  custom:SearchIndexIgnoredProperties: e643bd26f0fe6173181afceb89e7c659 -> 
  custom:AudioImporter_EditorPlatform: d09bf68614088b80899f8185d706f6e7 -> 
  custom:video-encoder-webm-vp8: eb34c28f22e8b96e1ab97ce403110664 -> 
  custom:audio-decoder-ogg-vorbis: bf7c407c2cedff20999df2af8eb42d56 -> 
  custom:audio-encoder-webm-vorbis: bf7c407c2cedff20999df2af8eb42d56 -> 
========================================================================
Received Prepare
Begin MonoManager ReloadAssembly
- Loaded All Assemblies, in  1.326 seconds
Refreshing native plugins compatible for Editor in 43.79 ms, found 4 plugins.
Native extension for WindowsStandalone target not found
Native extension for iOS target not found
Native extension for Android target not found
Native extension for WebGL target not found
GPGSUpgrader start
0x00007ff6eeb5a4bd (Unity) StackWalker::GetCurrentCallstack
0x00007ff6eeb5f469 (Unity) StackWalker::ShowCallstack
0x00007ff6efb36da1 (Unity) GetStacktrace
0x00007ff6f01f5782 (Unity) DebugStringToFile
0x00007ff6edaa9e76 (Unity) DebugLogHandler_CUSTOM_Internal_Log
0x000002e1795596ca (Mono JIT Code) (wrapper managed-to-native) UnityEngine.DebugLogHandler:Internal_Log (UnityEngine.LogType,UnityEngine.LogOption,string,UnityEngine.Object)
0x000002e17955901b (Mono JIT Code) UnityEngine.DebugLogHandler:LogFormat (UnityEngine.LogType,UnityEngine.Object,string,object[])
0x000002e17955853e (Mono JIT Code) UnityEngine.Logger:Log (UnityEngine.LogType,object)
0x000002e1795581cd (Mono JIT Code) UnityEngine.Debug:Log (object)
0x000002e179557943 (Mono JIT Code) GooglePlayGames.Editor.GPGSUpgrader:.cctor () (at C:/GitHub/2DGames/DontTouchTheSpikes/Assets/GooglePlayGames/com.google.play.games/Editor/GPGSUpgrader.cs:38)
0x000002e179557ed5 (Mono JIT Code) (wrapper runtime-invoke) object:runtime_invoke_void (object,intptr,intptr,intptr)
0x00007ff8e6634b6e (mono-2.0-bdwgc) mono_jit_runtime_invoke (at C:/build/output/Unity-Technologies/mono/mono/mini/mini-runtime.c:3445)
0x00007ff8e656d204 (mono-2.0-bdwgc) do_runtime_invoke (at C:/build/output/Unity-Technologies/mono/mono/metadata/object.c:3066)
0x00007ff8e6567fa9 (mono-2.0-bdwgc) mono_runtime_class_init_full (at C:/build/output/Unity-Technologies/mono/mono/metadata/object.c:563)
0x00007ff8e649ddd7 (mono-2.0-bdwgc) ves_icall_System_Runtime_CompilerServices_RuntimeHelpers_RunClassConstructor (at C:/build/output/Unity-Technologies/mono/mono/metadata/icall.c:1292)
0x00007ff8e64cfebc (mono-2.0-bdwgc) ves_icall_System_Runtime_CompilerServices_RuntimeHelpers_RunClassConstructor_raw (at C:/build/output/Unity-Technologies/mono/mono/metadata/icall-def.h:756)
0x000002e178424c22 (Mono JIT Code) (wrapper managed-to-native) System.Runtime.CompilerServices.RuntimeHelpers:RunClassConstructor (intptr)
0x000002e178424afb (Mono JIT Code) System.Runtime.CompilerServices.RuntimeHelpers:RunClassConstructor (System.RuntimeTypeHandle)
0x000002e17841ba33 (Mono JIT Code) UnityEditor.EditorAssemblies:ProcessInitializeOnLoadAttributes (System.Type[])
0x000002e18a30cc1b (Mono JIT Code) (wrapper runtime-invoke) <Module>:runtime_invoke_void_object (object,intptr,intptr,intptr)
0x00007ff8e6634b6e (mono-2.0-bdwgc) mono_jit_runtime_invoke (at C:/build/output/Unity-Technologies/mono/mono/mini/mini-runtime.c:3445)
0x00007ff8e656d204 (mono-2.0-bdwgc) do_runtime_invoke (at C:/build/output/Unity-Technologies/mono/mono/metadata/object.c:3066)
0x00007ff8e656d37c (mono-2.0-bdwgc) mono_runtime_invoke (at C:/build/output/Unity-Technologies/mono/mono/metadata/object.c:3113)
0x00007ff6eea71654 (Unity) scripting_method_invoke
0x00007ff6eea4f704 (Unity) ScriptingInvocation::Invoke
0x00007ff6eea4a345 (Unity) ScriptingInvocation::Invoke<void>
0x00007ff6eeb9d103 (Unity) Scripting::UnityEditor::EditorAssembliesProxy::ProcessInitializeOnLoadAttributes
0x00007ff6eea444c8 (Unity) MonoManager::SetupLoadedEditorAssemblies
0x00007ff6eea39e89 (Unity) MonoManager::FinalizeReload
0x00007ff6efe32efa (Unity) ScriptingInitializer::FinalizeReload
0x00007ff6ef9e01fb (Unity) LoadUserAssemblies
0x00007ff6efee1585 (Unity) <lambda_b37b41f03089e3cb3f55061bbc93253d>::operator()
0x00007ff6eff1b5d2 (Unity) asio::detail::completion_handler<core::mutable_function<void __cdecl(void)>,asio::io_context::basic_executor_type<std::allocator<void>,0> >::do_complete
0x00007ff6eff0757e (Unity) asio::detail::win_iocp_io_context::do_one
0x00007ff6eff091e4 (Unity) asio::detail::win_iocp_io_context::run
0x00007ff6eff1997c (Unity) IOService::Run
0x00007ff6efeedb9f (Unity) AssetImportWorkerClient::Run
0x00007ff6efeb8757 (Unity) RunAssetImportWorkerClientV2
0x00007ff6efeb87db (Unity) RunAssetImporterV2
0x00007ff6ef6b7da3 (Unity) Application::InitializeProject
0x00007ff6efb42ba5 (Unity) WinMain
0x00007ff6f0f2870e (Unity) __scrt_common_main_seh
0x00007ff961617344 (KERNEL32) BaseThreadInitThunk
0x00007ff961ee26b1 (ntdll) RtlUserThreadStart

System.IO.IOException: Sharing violation on path C:\GitHub\2DGames\DontTouchTheSpikes\ProjectSettings\GooglePlayGameSettings.txt
  at System.IO.FileStream..ctor (System.String path, System.IO.FileMode mode, System.IO.FileAccess access, System.IO.FileShare share, System.Int32 bufferSize, System.Boolean anonymous, System.IO.FileOptions options) [0x0019e] in <834b2ded5dad441e8c7a4287897d63c7>:0 
  at System.IO.FileStream..ctor (System.String path, System.IO.FileMode mode, System.IO.FileAccess access, System.IO.FileShare share, System.Int32 bufferSize, System.IO.FileOptions options) [0x00000] in <834b2ded5dad441e8c7a4287897d63c7>:0 
  at (wrapper remoting-invoke-with-check) System.IO.FileStream..ctor(string,System.IO.FileMode,System.IO.FileAccess,System.IO.FileShare,int,System.IO.FileOptions)
  at System.IO.StreamWriter..ctor (System.String path, System.Boolean append, System.Text.Encoding encoding, System.Int32 bufferSize) [0x00055] in <834b2ded5dad441e8c7a4287897d63c7>:0 
  at System.IO.StreamWriter..ctor (System.String path, System.Boolean append) [0x00008] in <834b2ded5dad441e8c7a4287897d63c7>:0 
  at (wrapper remoting-invoke-with-check) System.IO.StreamWriter..ctor(string,bool)
  at GooglePlayGames.Editor.GPGSProjectSettings.Save () [0x0004d] in C:\GitHub\2DGames\DontTouchTheSpikes\Assets\GooglePlayGames\com.google.play.games\Editor\GPGSProjectSettings.cs:182 
  at GooglePlayGames.Editor.GPGSUpgrader..cctor () [0x00041] in C:\GitHub\2DGames\DontTouchTheSpikes\Assets\GooglePlayGames\com.google.play.games\Editor\GPGSUpgrader.cs:43 
0x00007ff6eeb5a4bd (Unity) StackWalker::GetCurrentCallstack
0x00007ff6eeb5f469 (Unity) StackWalker::ShowCallstack
0x00007ff6efb36da1 (Unity) GetStacktrace
0x00007ff6f01f5782 (Unity) DebugStringToFile
0x00007ff6edaa9e76 (Unity) DebugLogHandler_CUSTOM_Internal_Log
0x000002e1795596ca (Mono JIT Code) (wrapper managed-to-native) UnityEngine.DebugLogHandler:Internal_Log (UnityEngine.LogType,UnityEngine.LogOption,string,UnityEngine.Object)
0x000002e17955901b (Mono JIT Code) UnityEngine.DebugLogHandler:LogFormat (UnityEngine.LogType,UnityEngine.Object,string,object[])
0x000002e17955853e (Mono JIT Code) UnityEngine.Logger:Log (UnityEngine.LogType,object)
0x000002e1797900ba (Mono JIT Code) UnityEngine.Debug:LogError (object)
0x000002e17841bc4b (Mono JIT Code) UnityEditor.EditorAssemblies:ProcessInitializeOnLoadAttributes (System.Type[])
0x000002e18a30cc1b (Mono JIT Code) (wrapper runtime-invoke) <Module>:runtime_invoke_void_object (object,intptr,intptr,intptr)
0x00007ff8e6634b6e (mono-2.0-bdwgc) mono_jit_runtime_invoke (at C:/build/output/Unity-Technologies/mono/mono/mini/mini-runtime.c:3445)
0x00007ff8e656d204 (mono-2.0-bdwgc) do_runtime_invoke (at C:/build/output/Unity-Technologies/mono/mono/metadata/object.c:3066)
0x00007ff8e656d37c (mono-2.0-bdwgc) mono_runtime_invoke (at C:/build/output/Unity-Technologies/mono/mono/metadata/object.c:3113)
0x00007ff6eea71654 (Unity) scripting_method_invoke
0x00007ff6eea4f704 (Unity) ScriptingInvocation::Invoke
0x00007ff6eea4a345 (Unity) ScriptingInvocation::Invoke<void>
0x00007ff6eeb9d103 (Unity) Scripting::UnityEditor::EditorAssembliesProxy::ProcessInitializeOnLoadAttributes
0x00007ff6eea444c8 (Unity) MonoManager::SetupLoadedEditorAssemblies
0x00007ff6eea39e89 (Unity) MonoManager::FinalizeReload
0x00007ff6efe32efa (Unity) ScriptingInitializer::FinalizeReload
0x00007ff6ef9e01fb (Unity) LoadUserAssemblies
0x00007ff6efee1585 (Unity) <lambda_b37b41f03089e3cb3f55061bbc93253d>::operator()
0x00007ff6eff1b5d2 (Unity) asio::detail::completion_handler<core::mutable_function<void __cdecl(void)>,asio::io_context::basic_executor_type<std::allocator<void>,0> >::do_complete
0x00007ff6eff0757e (Unity) asio::detail::win_iocp_io_context::do_one
0x00007ff6eff091e4 (Unity) asio::detail::win_iocp_io_context::run
0x00007ff6eff1997c (Unity) IOService::Run
0x00007ff6efeedb9f (Unity) AssetImportWorkerClient::Run
0x00007ff6efeb8757 (Unity) RunAssetImportWorkerClientV2
0x00007ff6efeb87db (Unity) RunAssetImporterV2
0x00007ff6ef6b7da3 (Unity) Application::InitializeProject
0x00007ff6efb42ba5 (Unity) WinMain
0x00007ff6f0f2870e (Unity) __scrt_common_main_seh
0x00007ff961617344 (KERNEL32) BaseThreadInitThunk
0x00007ff961ee26b1 (ntdll) RtlUserThreadStart

[Package Manager] Server::EnsureServerProcessIsRunning -- launch failed, reason: Unity was launched with the -noUpm command-line argument
[Package Manager] UpmClient::Send -- Unable to send message (not connected to UPM process).
[Package Manager] Cannot connect to Unity Package Manager local server
Unable to write to 'ProjectSettings\GvhProjectSettings.xml' (System.IO.IOException: Sharing violation on path C:\GitHub\2DGames\DontTouchTheSpikes\ProjectSettings\GvhProjectSettings.xml
  at System.IO.FileStream..ctor (System.String path, System.IO.FileMode mode, System.IO.FileAccess access, System.IO.FileShare share, System.Int32 bufferSize, System.Boolean anonymous, System.IO.FileOptions options) [0x0019e] in <834b2ded5dad441e8c7a4287897d63c7>:0 
  at System.IO.FileStream..ctor (System.String path, System.IO.FileMode mode, System.IO.FileAccess access, System.IO.FileShare share, System.Int32 bufferSize, System.IO.FileOptions options) [0x00000] in <834b2ded5dad441e8c7a4287897d63c7>:0 
  at System.IO.FileStream..ctor (System.String path, System.IO.FileMode mode, System.IO.FileAccess access, System.IO.FileShare share, System.Int32 bufferSize, System.Boolean useAsync) [0x00000] in <834b2ded5dad441e8c7a4287897d63c7>:0 
  at (wrapper remoting-invoke-with-check) System.IO.FileStream..ctor(string,System.IO.FileMode,System.IO.FileAccess,System.IO.FileShare,int,bool)
  at System.Xml.XmlWriterSettings.CreateWriter (System.String outputFileName) [0x00051] in <cec8eb42eacd40439ca76aa290dad7e2>:0 
  at System.Xml.XmlWriter.Create (System.String outputFileName, System.Xml.XmlWriterSettings settings) [0x0000a] in <cec8eb42eacd40439ca76aa290dad7e2>:0 
  at Google.ProjectSettings.Save () [0x0006d] in /Users/chkuang/Workspace/git/unity-jar-resolver/source/VersionHandlerImpl/src/ProjectSettings.cs:821 , Project settings were not saved!
0x00007ff6eeb5a4bd (Unity) StackWalker::GetCurrentCallstack
0x00007ff6eeb5f469 (Unity) StackWalker::ShowCallstack
0x00007ff6efb36da1 (Unity) GetStacktrace
0x00007ff6f01f5782 (Unity) DebugStringToFile
0x00007ff6edaa9e76 (Unity) DebugLogHandler_CUSTOM_Internal_Log
0x000002e1795596ca (Mono JIT Code) (wrapper managed-to-native) UnityEngine.DebugLogHandler:Internal_Log (UnityEngine.LogType,UnityEngine.LogOption,string,UnityEngine.Object)
0x000002e17955901b (Mono JIT Code) UnityEngine.DebugLogHandler:LogFormat (UnityEngine.LogType,UnityEngine.Object,string,object[])
0x000002e17955853e (Mono JIT Code) UnityEngine.Logger:Log (UnityEngine.LogType,object)
0x000002e1797900ba (Mono JIT Code) UnityEngine.Debug:LogError (object)
0x000002e179a94ea3 (Mono JIT Code) Google.Logger:Log (string,Google.LogLevel) (at /Users/chkuang/Workspace/git/unity-jar-resolver/source/VersionHandlerImpl/src/Logger.cs:137)
0x000002e179b7d985 (Mono JIT Code) Google.ProjectSettings:Save () (at /Users/chkuang/Workspace/git/unity-jar-resolver/source/VersionHandlerImpl/src/ProjectSettings.cs:847)
0x000002e179b7c873 (Mono JIT Code) Google.ProjectSettings:SetBool (string,bool,Google.SettingsLocation) (at /Users/chkuang/Workspace/git/unity-jar-resolver/source/VersionHandlerImpl/src/ProjectSettings.cs:485)
0x000002e179b7c68b (Mono JIT Code) Google.ProjectSettings:SetBool (string,bool) (at /Users/chkuang/Workspace/git/unity-jar-resolver/source/VersionHandlerImpl/src/ProjectSettings.cs:498)
0x000002e179b7c53b (Mono JIT Code) Google.IOSResolver:set_VerboseLoggingEnabled (bool) (at /Users/chkuang/Workspace/git/unity-jar-resolver/source/IOSResolver/src/IOSResolver.cs:999)
0x000002e179a9ed9b (Mono JIT Code) Google.IOSResolver:.cctor () (at /Users/chkuang/Workspace/git/unity-jar-resolver/source/IOSResolver/src/IOSResolver.cs:698)
0x000002e179a9f165 (Mono JIT Code) (wrapper runtime-invoke) object:runtime_invoke_void (object,intptr,intptr,intptr)
0x00007ff8e6634b6e (mono-2.0-bdwgc) mono_jit_runtime_invoke (at C:/build/output/Unity-Technologies/mono/mono/mini/mini-runtime.c:3445)
0x00007ff8e656d204 (mono-2.0-bdwgc) do_runtime_invoke (at C:/build/output/Unity-Technologies/mono/mono/metadata/object.c:3066)
0x00007ff8e6567fa9 (mono-2.0-bdwgc) mono_runtime_class_init_full (at C:/build/output/Unity-Technologies/mono/mono/metadata/object.c:563)
0x00007ff8e649ddd7 (mono-2.0-bdwgc) ves_icall_System_Runtime_CompilerServices_RuntimeHelpers_RunClassConstructor (at C:/build/output/Unity-Technologies/mono/mono/metadata/icall.c:1292)
0x00007ff8e64cfebc (mono-2.0-bdwgc) ves_icall_System_Runtime_CompilerServices_RuntimeHelpers_RunClassConstructor_raw (at C:/build/output/Unity-Technologies/mono/mono/metadata/icall-def.h:756)
0x000002e178424c22 (Mono JIT Code) (wrapper managed-to-native) System.Runtime.CompilerServices.RuntimeHelpers:RunClassConstructor (intptr)
0x000002e178424afb (Mono JIT Code) System.Runtime.CompilerServices.RuntimeHelpers:RunClassConstructor (System.RuntimeTypeHandle)
0x000002e17841ba33 (Mono JIT Code) UnityEditor.EditorAssemblies:ProcessInitializeOnLoadAttributes (System.Type[])
0x000002e18a30cc1b (Mono JIT Code) (wrapper runtime-invoke) <Module>:runtime_invoke_void_object (object,intptr,intptr,intptr)
0x00007ff8e6634b6e (mono-2.0-bdwgc) mono_jit_runtime_invoke (at C:/build/output/Unity-Technologies/mono/mono/mini/mini-runtime.c:3445)
0x00007ff8e656d204 (mono-2.0-bdwgc) do_runtime_invoke (at C:/build/output/Unity-Technologies/mono/mono/metadata/object.c:3066)
0x00007ff8e656d37c (mono-2.0-bdwgc) mono_runtime_invoke (at C:/build/output/Unity-Technologies/mono/mono/metadata/object.c:3113)
0x00007ff6eea71654 (Unity) scripting_method_invoke
0x00007ff6eea4f704 (Unity) ScriptingInvocation::Invoke
0x00007ff6eea4a345 (Unity) ScriptingInvocation::Invoke<void>
0x00007ff6eeb9d103 (Unity) Scripting::UnityEditor::EditorAssembliesProxy::ProcessInitializeOnLoadAttributes
0x00007ff6eea444c8 (Unity) MonoManager::SetupLoadedEditorAssemblies
0x00007ff6eea39e89 (Unity) MonoManager::FinalizeReload
0x00007ff6efe32efa (Unity) ScriptingInitializer::FinalizeReload
0x00007ff6ef9e01fb (Unity) LoadUserAssemblies
0x00007ff6efee1585 (Unity) <lambda_b37b41f03089e3cb3f55061bbc93253d>::operator()
0x00007ff6eff1b5d2 (Unity) asio::detail::completion_handler<core::mutable_function<void __cdecl(void)>,asio::io_context::basic_executor_type<std::allocator<void>,0> >::do_complete
0x00007ff6eff0757e (Unity) asio::detail::win_iocp_io_context::do_one
0x00007ff6eff091e4 (Unity) asio::detail::win_iocp_io_context::run
0x00007ff6eff1997c (Unity) IOService::Run
0x00007ff6efeedb9f (Unity) AssetImportWorkerClient::Run
0x00007ff6efeb8757 (Unity) RunAssetImportWorkerClientV2
0x00007ff6efeb87db (Unity) RunAssetImporterV2
0x00007ff6ef6b7da3 (Unity) Application::InitializeProject
0x00007ff6efb42ba5 (Unity) WinMain
0x00007ff6f0f2870e (Unity) __scrt_common_main_seh
0x00007ff961617344 (KERNEL32) BaseThreadInitThunk
0x00007ff961ee26b1 (ntdll) RtlUserThreadStart

Mono: successfully reloaded assembly
[Package Manager] Server::EnsureServerProcessIsRunning -- launch failed, reason: Unity was launched with the -noUpm command-line argument
[Package Manager] UpmClient::Send -- Unable to send message (not connected to UPM process).
[Package Manager] Cannot connect to Unity Package Manager local server
- Finished resetting the current domain, in 14.294 seconds
Domain Reload Profiling: 15613ms
	BeginReloadAssembly (435ms)
		ExecutionOrderSort (0ms)
		DisableScriptedObjects (66ms)
		BackupInstance (0ms)
		ReleaseScriptingObjects (0ms)
		CreateAndSetChildDomain (185ms)
	RebuildCommonClasses (43ms)
	RebuildNativeTypeToScriptingClass (12ms)
	initialDomainReloadingComplete (55ms)
	LoadAllAssembliesAndSetupDomain (772ms)
		LoadAssemblies (867ms)
		RebuildTransferFunctionScriptingTraits (0ms)
		AnalyzeDomain (23ms)
			TypeCache.Refresh (12ms)
				TypeCache.ScanAssembly (0ms)
			ScanForSourceGeneratedMonoScriptInfo (0ms)
			ResolveRequiredComponents (10ms)
	FinalizeReload (14295ms)
		ReleaseScriptCaches (0ms)
		RebuildScriptCaches (0ms)
		SetupLoadedEditorAssemblies (668ms)
			LogAssemblyErrors (0ms)
			InitializePlatformSupportModulesInManaged (46ms)
			SetLoadedEditorAssemblies (6ms)
			RefreshPlugins (0ms)
			BeforeProcessingInitializeOnLoad (140ms)
			ProcessInitializeOnLoadAttributes (431ms)
			ProcessInitializeOnLoadMethodAttributes (36ms)
			AfterProcessingInitializeOnLoad (10ms)
			EditorAssembliesLoaded (0ms)
		ExecutionOrderSort2 (0ms)
		AwakeInstancesAfterBackupRestoration (19ms)
Refreshing native plugins compatible for Editor in 51.95 ms, found 4 plugins.
Preloading 0 native plugins for Editor in 0.00 ms.
Unloading 4490 Unused Serialized files (Serialized files now loaded: 0)
Unloading 156 unused Assets / (96.0 KB). Loaded Objects now: 4887.
Memory consumption went from 160.1 MB to 160.0 MB.
Total: 3.772200 ms (FindLiveObjects: 0.339800 ms CreateObjectMapping: 0.338000 ms MarkObjects: 2.941500 ms  DeleteObjects: 0.151800 ms)

Prepare: number of updated asset objects reloaded= 0
AssetImportParameters requested are different than current active one (requested -> active):
  custom:container-demuxer-ogg: 62fdf1f143b41e24485cea50d1cbac27 -> 
  custom:video-decoder-ogg-theora: a1e56fd34408186e4bbccfd4996cb3dc -> 
  custom:framework-win-MediaFoundation: 216162199b28c13a410421893ffa2e32 -> 
  custom:CustomObjectIndexerAttribute: 756ad292c208cfabdd7b50bc23989ffe -> 
  custom:container-demuxer-webm: 4f35f7cbe854078d1ac9338744f61a02 -> 
  custom:container-muxer-webm: aa71ff27fc2769a1b78a27578f13a17b -> 
  custom:video-decoder-webm-vp8: 9c59270c3fd7afecdb556c50c9e8de78 -> 
  custom:SearchIndexIgnoredProperties: e643bd26f0fe6173181afceb89e7c659 -> 
  custom:AudioImporter_EditorPlatform: d09bf68614088b80899f8185d706f6e7 -> 
  custom:video-encoder-webm-vp8: eb34c28f22e8b96e1ab97ce403110664 -> 
  custom:audio-decoder-ogg-vorbis: bf7c407c2cedff20999df2af8eb42d56 -> 
  custom:audio-encoder-webm-vorbis: bf7c407c2cedff20999df2af8eb42d56 -> 
========================================================================
Received Prepare
Begin MonoManager ReloadAssembly
- Loaded All Assemblies, in  0.780 seconds
Refreshing native plugins compatible for Editor in 37.01 ms, found 4 plugins.
Native extension for WindowsStandalone target not found
Native extension for iOS target not found
Native extension for Android target not found
Native extension for WebGL target not found
GPGSUpgrader start
0x00007ff6eeb5a4bd (Unity) StackWalker::GetCurrentCallstack
0x00007ff6eeb5f469 (Unity) StackWalker::ShowCallstack
0x00007ff6efb36da1 (Unity) GetStacktrace
0x00007ff6f01f5782 (Unity) DebugStringToFile
0x00007ff6edaa9e76 (Unity) DebugLogHandler_CUSTOM_Internal_Log
0x000002e1797a990a (Mono JIT Code) (wrapper managed-to-native) UnityEngine.DebugLogHandler:Internal_Log (UnityEngine.LogType,UnityEngine.LogOption,string,UnityEngine.Object)
0x000002e1797a925b (Mono JIT Code) UnityEngine.DebugLogHandler:LogFormat (UnityEngine.LogType,UnityEngine.Object,string,object[])
0x000002e1797a877e (Mono JIT Code) UnityEngine.Logger:Log (UnityEngine.LogType,object)
0x000002e1797a840d (Mono JIT Code) UnityEngine.Debug:Log (object)
0x000002e1797a7b83 (Mono JIT Code) GooglePlayGames.Editor.GPGSUpgrader:.cctor () (at C:/GitHub/2DGames/DontTouchTheSpikes/Assets/GooglePlayGames/com.google.play.games/Editor/GPGSUpgrader.cs:38)
0x000002e1797a8115 (Mono JIT Code) (wrapper runtime-invoke) object:runtime_invoke_void (object,intptr,intptr,intptr)
0x00007ff8e6634b6e (mono-2.0-bdwgc) mono_jit_runtime_invoke (at C:/build/output/Unity-Technologies/mono/mono/mini/mini-runtime.c:3445)
0x00007ff8e656d204 (mono-2.0-bdwgc) do_runtime_invoke (at C:/build/output/Unity-Technologies/mono/mono/metadata/object.c:3066)
0x00007ff8e6567fa9 (mono-2.0-bdwgc) mono_runtime_class_init_full (at C:/build/output/Unity-Technologies/mono/mono/metadata/object.c:563)
0x00007ff8e649ddd7 (mono-2.0-bdwgc) ves_icall_System_Runtime_CompilerServices_RuntimeHelpers_RunClassConstructor (at C:/build/output/Unity-Technologies/mono/mono/metadata/icall.c:1292)
0x00007ff8e64cfebc (mono-2.0-bdwgc) ves_icall_System_Runtime_CompilerServices_RuntimeHelpers_RunClassConstructor_raw (at C:/build/output/Unity-Technologies/mono/mono/metadata/icall-def.h:756)
0x000002e178464c22 (Mono JIT Code) (wrapper managed-to-native) System.Runtime.CompilerServices.RuntimeHelpers:RunClassConstructor (intptr)
0x000002e178464afb (Mono JIT Code) System.Runtime.CompilerServices.RuntimeHelpers:RunClassConstructor (System.RuntimeTypeHandle)
0x000002e17845ba33 (Mono JIT Code) UnityEditor.EditorAssemblies:ProcessInitializeOnLoadAttributes (System.Type[])
0x000002e1817ecc1b (Mono JIT Code) (wrapper runtime-invoke) <Module>:runtime_invoke_void_object (object,intptr,intptr,intptr)
0x00007ff8e6634b6e (mono-2.0-bdwgc) mono_jit_runtime_invoke (at C:/build/output/Unity-Technologies/mono/mono/mini/mini-runtime.c:3445)
0x00007ff8e656d204 (mono-2.0-bdwgc) do_runtime_invoke (at C:/build/output/Unity-Technologies/mono/mono/metadata/object.c:3066)
0x00007ff8e656d37c (mono-2.0-bdwgc) mono_runtime_invoke (at C:/build/output/Unity-Technologies/mono/mono/metadata/object.c:3113)
0x00007ff6eea71654 (Unity) scripting_method_invoke
0x00007ff6eea4f704 (Unity) ScriptingInvocation::Invoke
0x00007ff6eea4a345 (Unity) ScriptingInvocation::Invoke<void>
0x00007ff6eeb9d103 (Unity) Scripting::UnityEditor::EditorAssembliesProxy::ProcessInitializeOnLoadAttributes
0x00007ff6eea444c8 (Unity) MonoManager::SetupLoadedEditorAssemblies
0x00007ff6eea39e89 (Unity) MonoManager::FinalizeReload
0x00007ff6efe32efa (Unity) ScriptingInitializer::FinalizeReload
0x00007ff6ef9e01fb (Unity) LoadUserAssemblies
0x00007ff6efee1585 (Unity) <lambda_b37b41f03089e3cb3f55061bbc93253d>::operator()
0x00007ff6eff1b5d2 (Unity) asio::detail::completion_handler<core::mutable_function<void __cdecl(void)>,asio::io_context::basic_executor_type<std::allocator<void>,0> >::do_complete
0x00007ff6eff0757e (Unity) asio::detail::win_iocp_io_context::do_one
0x00007ff6eff091e4 (Unity) asio::detail::win_iocp_io_context::run
0x00007ff6eff1997c (Unity) IOService::Run
0x00007ff6efeedb9f (Unity) AssetImportWorkerClient::Run
0x00007ff6efeb8757 (Unity) RunAssetImportWorkerClientV2
0x00007ff6efeb87db (Unity) RunAssetImporterV2
0x00007ff6ef6b7da3 (Unity) Application::InitializeProject
0x00007ff6efb42ba5 (Unity) WinMain
0x00007ff6f0f2870e (Unity) __scrt_common_main_seh
0x00007ff961617344 (KERNEL32) BaseThreadInitThunk
0x00007ff961ee26b1 (ntdll) RtlUserThreadStart

GPGSUpgrader done
0x00007ff6eeb5a4bd (Unity) StackWalker::GetCurrentCallstack
0x00007ff6eeb5f469 (Unity) StackWalker::ShowCallstack
0x00007ff6efb36da1 (Unity) GetStacktrace
0x00007ff6f01f5782 (Unity) DebugStringToFile
0x00007ff6edaa9e76 (Unity) DebugLogHandler_CUSTOM_Internal_Log
0x000002e1797a990a (Mono JIT Code) (wrapper managed-to-native) UnityEngine.DebugLogHandler:Internal_Log (UnityEngine.LogType,UnityEngine.LogOption,string,UnityEngine.Object)
0x000002e1797a925b (Mono JIT Code) UnityEngine.DebugLogHandler:LogFormat (UnityEngine.LogType,UnityEngine.Object,string,object[])
0x000002e1797a877e (Mono JIT Code) UnityEngine.Logger:Log (UnityEngine.LogType,object)
0x000002e1797a840d (Mono JIT Code) UnityEngine.Debug:Log (object)
0x000002e1797a7eb3 (Mono JIT Code) GooglePlayGames.Editor.GPGSUpgrader:.cctor () (at C:/GitHub/2DGames/DontTouchTheSpikes/Assets/GooglePlayGames/com.google.play.games/Editor/GPGSUpgrader.cs:57)
0x000002e1797a8115 (Mono JIT Code) (wrapper runtime-invoke) object:runtime_invoke_void (object,intptr,intptr,intptr)
0x00007ff8e6634b6e (mono-2.0-bdwgc) mono_jit_runtime_invoke (at C:/build/output/Unity-Technologies/mono/mono/mini/mini-runtime.c:3445)
0x00007ff8e656d204 (mono-2.0-bdwgc) do_runtime_invoke (at C:/build/output/Unity-Technologies/mono/mono/metadata/object.c:3066)
0x00007ff8e6567fa9 (mono-2.0-bdwgc) mono_runtime_class_init_full (at C:/build/output/Unity-Technologies/mono/mono/metadata/object.c:563)
0x00007ff8e649ddd7 (mono-2.0-bdwgc) ves_icall_System_Runtime_CompilerServices_RuntimeHelpers_RunClassConstructor (at C:/build/output/Unity-Technologies/mono/mono/metadata/icall.c:1292)
0x00007ff8e64cfebc (mono-2.0-bdwgc) ves_icall_System_Runtime_CompilerServices_RuntimeHelpers_RunClassConstructor_raw (at C:/build/output/Unity-Technologies/mono/mono/metadata/icall-def.h:756)
0x000002e178464c22 (Mono JIT Code) (wrapper managed-to-native) System.Runtime.CompilerServices.RuntimeHelpers:RunClassConstructor (intptr)
0x000002e178464afb (Mono JIT Code) System.Runtime.CompilerServices.RuntimeHelpers:RunClassConstructor (System.RuntimeTypeHandle)
0x000002e17845ba33 (Mono JIT Code) UnityEditor.EditorAssemblies:ProcessInitializeOnLoadAttributes (System.Type[])
0x000002e1817ecc1b (Mono JIT Code) (wrapper runtime-invoke) <Module>:runtime_invoke_void_object (object,intptr,intptr,intptr)
0x00007ff8e6634b6e (mono-2.0-bdwgc) mono_jit_runtime_invoke (at C:/build/output/Unity-Technologies/mono/mono/mini/mini-runtime.c:3445)
0x00007ff8e656d204 (mono-2.0-bdwgc) do_runtime_invoke (at C:/build/output/Unity-Technologies/mono/mono/metadata/object.c:3066)
0x00007ff8e656d37c (mono-2.0-bdwgc) mono_runtime_invoke (at C:/build/output/Unity-Technologies/mono/mono/metadata/object.c:3113)
0x00007ff6eea71654 (Unity) scripting_method_invoke
0x00007ff6eea4f704 (Unity) ScriptingInvocation::Invoke
0x00007ff6eea4a345 (Unity) ScriptingInvocation::Invoke<void>
0x00007ff6eeb9d103 (Unity) Scripting::UnityEditor::EditorAssembliesProxy::ProcessInitializeOnLoadAttributes
0x00007ff6eea444c8 (Unity) MonoManager::SetupLoadedEditorAssemblies
0x00007ff6eea39e89 (Unity) MonoManager::FinalizeReload
0x00007ff6efe32efa (Unity) ScriptingInitializer::FinalizeReload
0x00007ff6ef9e01fb (Unity) LoadUserAssemblies
0x00007ff6efee1585 (Unity) <lambda_b37b41f03089e3cb3f55061bbc93253d>::operator()
0x00007ff6eff1b5d2 (Unity) asio::detail::completion_handler<core::mutable_function<void __cdecl(void)>,asio::io_context::basic_executor_type<std::allocator<void>,0> >::do_complete
0x00007ff6eff0757e (Unity) asio::detail::win_iocp_io_context::do_one
0x00007ff6eff091e4 (Unity) asio::detail::win_iocp_io_context::run
0x00007ff6eff1997c (Unity) IOService::Run
0x00007ff6efeedb9f (Unity) AssetImportWorkerClient::Run
0x00007ff6efeb8757 (Unity) RunAssetImportWorkerClientV2
0x00007ff6efeb87db (Unity) RunAssetImporterV2
0x00007ff6ef6b7da3 (Unity) Application::InitializeProject
0x00007ff6efb42ba5 (Unity) WinMain
0x00007ff6f0f2870e (Unity) __scrt_common_main_seh
0x00007ff961617344 (KERNEL32) BaseThreadInitThunk
0x00007ff961ee26b1 (ntdll) RtlUserThreadStart

[Package Manager] Server::EnsureServerProcessIsRunning -- launch failed, reason: Unity was launched with the -noUpm command-line argument
[Package Manager] UpmClient::Send -- Unable to send message (not connected to UPM process).
[Package Manager] Cannot connect to Unity Package Manager local server
Mono: successfully reloaded assembly
[Package Manager] Server::EnsureServerProcessIsRunning -- launch failed, reason: Unity was launched with the -noUpm command-line argument
[Package Manager] UpmClient::Send -- Unable to send message (not connected to UPM process).
[Package Manager] Cannot connect to Unity Package Manager local server
- Finished resetting the current domain, in  1.788 seconds
Domain Reload Profiling: 2561ms
	BeginReloadAssembly (220ms)
		ExecutionOrderSort (0ms)
		DisableScriptedObjects (16ms)
		BackupInstance (0ms)
		ReleaseScriptingObjects (0ms)
		CreateAndSetChildDomain (39ms)
	RebuildCommonClasses (53ms)
	RebuildNativeTypeToScriptingClass (19ms)
	initialDomainReloadingComplete (49ms)
	LoadAllAssembliesAndSetupDomain (431ms)
		LoadAssemblies (546ms)
		RebuildTransferFunctionScriptingTraits (0ms)
		AnalyzeDomain (13ms)
			TypeCache.Refresh (6ms)
				TypeCache.ScanAssembly (0ms)
			ScanForSourceGeneratedMonoScriptInfo (0ms)
			ResolveRequiredComponents (6ms)
	FinalizeReload (1789ms)
		ReleaseScriptCaches (0ms)
		RebuildScriptCaches (0ms)
		SetupLoadedEditorAssemblies (834ms)
			LogAssemblyErrors (0ms)
			InitializePlatformSupportModulesInManaged (57ms)
			SetLoadedEditorAssemblies (7ms)
			RefreshPlugins (0ms)
			BeforeProcessingInitializeOnLoad (185ms)
			ProcessInitializeOnLoadAttributes (523ms)
			ProcessInitializeOnLoadMethodAttributes (51ms)
			AfterProcessingInitializeOnLoad (11ms)
			EditorAssembliesLoaded (1ms)
		ExecutionOrderSort2 (0ms)
		AwakeInstancesAfterBackupRestoration (25ms)
Refreshing native plugins compatible for Editor in 66.94 ms, found 4 plugins.
Preloading 0 native plugins for Editor in 0.00 ms.
Unloading 4490 Unused Serialized files (Serialized files now loaded: 0)
Unloading 156 unused Assets / (96.0 KB). Loaded Objects now: 4891.
Memory consumption went from 162.0 MB to 161.9 MB.
Total: 4.579200 ms (FindLiveObjects: 0.376300 ms CreateObjectMapping: 0.408400 ms MarkObjects: 3.645500 ms  DeleteObjects: 0.147900 ms)

Prepare: number of updated asset objects reloaded= 0
AssetImportParameters requested are different than current active one (requested -> active):
  custom:container-demuxer-ogg: 62fdf1f143b41e24485cea50d1cbac27 -> 
  custom:video-decoder-ogg-theora: a1e56fd34408186e4bbccfd4996cb3dc -> 
  custom:framework-win-MediaFoundation: 216162199b28c13a410421893ffa2e32 -> 
  custom:CustomObjectIndexerAttribute: 756ad292c208cfabdd7b50bc23989ffe -> 
  custom:container-demuxer-webm: 4f35f7cbe854078d1ac9338744f61a02 -> 
  custom:container-muxer-webm: aa71ff27fc2769a1b78a27578f13a17b -> 
  custom:video-decoder-webm-vp8: 9c59270c3fd7afecdb556c50c9e8de78 -> 
  custom:SearchIndexIgnoredProperties: e643bd26f0fe6173181afceb89e7c659 -> 
  custom:AudioImporter_EditorPlatform: d09bf68614088b80899f8185d706f6e7 -> 
  custom:video-encoder-webm-vp8: eb34c28f22e8b96e1ab97ce403110664 -> 
  custom:audio-decoder-ogg-vorbis: bf7c407c2cedff20999df2af8eb42d56 -> 
  custom:audio-encoder-webm-vorbis: bf7c407c2cedff20999df2af8eb42d56 -> 
========================================================================
Received Prepare
Begin MonoManager ReloadAssembly
- Loaded All Assemblies, in  0.771 seconds
Refreshing native plugins compatible for Editor in 40.23 ms, found 4 plugins.
Native extension for WindowsStandalone target not found
Native extension for iOS target not found
Native extension for Android target not found
Native extension for WebGL target not found
GPGSUpgrader start
0x00007ff6eeb5a4bd (Unity) StackWalker::GetCurrentCallstack
0x00007ff6eeb5f469 (Unity) StackWalker::ShowCallstack
0x00007ff6efb36da1 (Unity) GetStacktrace
0x00007ff6f01f5782 (Unity) DebugStringToFile
0x00007ff6edaa9e76 (Unity) DebugLogHandler_CUSTOM_Internal_Log
0x000002e17833990a (Mono JIT Code) (wrapper managed-to-native) UnityEngine.DebugLogHandler:Internal_Log (UnityEngine.LogType,UnityEngine.LogOption,string,UnityEngine.Object)
0x000002e17833925b (Mono JIT Code) UnityEngine.DebugLogHandler:LogFormat (UnityEngine.LogType,UnityEngine.Object,string,object[])
0x000002e17833877e (Mono JIT Code) UnityEngine.Logger:Log (UnityEngine.LogType,object)
0x000002e17833840d (Mono JIT Code) UnityEngine.Debug:Log (object)
0x000002e178337b83 (Mono JIT Code) GooglePlayGames.Editor.GPGSUpgrader:.cctor () (at C:/GitHub/2DGames/DontTouchTheSpikes/Assets/GooglePlayGames/com.google.play.games/Editor/GPGSUpgrader.cs:38)
0x000002e178338115 (Mono JIT Code) (wrapper runtime-invoke) object:runtime_invoke_void (object,intptr,intptr,intptr)
0x00007ff8e6634b6e (mono-2.0-bdwgc) mono_jit_runtime_invoke (at C:/build/output/Unity-Technologies/mono/mono/mini/mini-runtime.c:3445)
0x00007ff8e656d204 (mono-2.0-bdwgc) do_runtime_invoke (at C:/build/output/Unity-Technologies/mono/mono/metadata/object.c:3066)
0x00007ff8e6567fa9 (mono-2.0-bdwgc) mono_runtime_class_init_full (at C:/build/output/Unity-Technologies/mono/mono/metadata/object.c:563)
0x00007ff8e649ddd7 (mono-2.0-bdwgc) ves_icall_System_Runtime_CompilerServices_RuntimeHelpers_RunClassConstructor (at C:/build/output/Unity-Technologies/mono/mono/metadata/icall.c:1292)
0x00007ff8e64cfebc (mono-2.0-bdwgc) ves_icall_System_Runtime_CompilerServices_RuntimeHelpers_RunClassConstructor_raw (at C:/build/output/Unity-Technologies/mono/mono/metadata/icall-def.h:756)
0x000002e154f24612 (Mono JIT Code) (wrapper managed-to-native) System.Runtime.CompilerServices.RuntimeHelpers:RunClassConstructor (intptr)
0x000002e154f244eb (Mono JIT Code) System.Runtime.CompilerServices.RuntimeHelpers:RunClassConstructor (System.RuntimeTypeHandle)
0x000002e15472b433 (Mono JIT Code) UnityEditor.EditorAssemblies:ProcessInitializeOnLoadAttributes (System.Type[])
0x000002e1815bcc1b (Mono JIT Code) (wrapper runtime-invoke) <Module>:runtime_invoke_void_object (object,intptr,intptr,intptr)
0x00007ff8e6634b6e (mono-2.0-bdwgc) mono_jit_runtime_invoke (at C:/build/output/Unity-Technologies/mono/mono/mini/mini-runtime.c:3445)
0x00007ff8e656d204 (mono-2.0-bdwgc) do_runtime_invoke (at C:/build/output/Unity-Technologies/mono/mono/metadata/object.c:3066)
0x00007ff8e656d37c (mono-2.0-bdwgc) mono_runtime_invoke (at C:/build/output/Unity-Technologies/mono/mono/metadata/object.c:3113)
0x00007ff6eea71654 (Unity) scripting_method_invoke
0x00007ff6eea4f704 (Unity) ScriptingInvocation::Invoke
0x00007ff6eea4a345 (Unity) ScriptingInvocation::Invoke<void>
0x00007ff6eeb9d103 (Unity) Scripting::UnityEditor::EditorAssembliesProxy::ProcessInitializeOnLoadAttributes
0x00007ff6eea444c8 (Unity) MonoManager::SetupLoadedEditorAssemblies
0x00007ff6eea39e89 (Unity) MonoManager::FinalizeReload
0x00007ff6efe32efa (Unity) ScriptingInitializer::FinalizeReload
0x00007ff6ef9e01fb (Unity) LoadUserAssemblies
0x00007ff6efee1585 (Unity) <lambda_b37b41f03089e3cb3f55061bbc93253d>::operator()
0x00007ff6eff1b5d2 (Unity) asio::detail::completion_handler<core::mutable_function<void __cdecl(void)>,asio::io_context::basic_executor_type<std::allocator<void>,0> >::do_complete
0x00007ff6eff0757e (Unity) asio::detail::win_iocp_io_context::do_one
0x00007ff6eff091e4 (Unity) asio::detail::win_iocp_io_context::run
0x00007ff6eff1997c (Unity) IOService::Run
0x00007ff6efeedb9f (Unity) AssetImportWorkerClient::Run
0x00007ff6efeb8757 (Unity) RunAssetImportWorkerClientV2
0x00007ff6efeb87db (Unity) RunAssetImporterV2
0x00007ff6ef6b7da3 (Unity) Application::InitializeProject
0x00007ff6efb42ba5 (Unity) WinMain
0x00007ff6f0f2870e (Unity) __scrt_common_main_seh
0x00007ff961617344 (KERNEL32) BaseThreadInitThunk
0x00007ff961ee26b1 (ntdll) RtlUserThreadStart

GPGSUpgrader done
0x00007ff6eeb5a4bd (Unity) StackWalker::GetCurrentCallstack
0x00007ff6eeb5f469 (Unity) StackWalker::ShowCallstack
0x00007ff6efb36da1 (Unity) GetStacktrace
0x00007ff6f01f5782 (Unity) DebugStringToFile
0x00007ff6edaa9e76 (Unity) DebugLogHandler_CUSTOM_Internal_Log
0x000002e17833990a (Mono JIT Code) (wrapper managed-to-native) UnityEngine.DebugLogHandler:Internal_Log (UnityEngine.LogType,UnityEngine.LogOption,string,UnityEngine.Object)
0x000002e17833925b (Mono JIT Code) UnityEngine.DebugLogHandler:LogFormat (UnityEngine.LogType,UnityEngine.Object,string,object[])
0x000002e17833877e (Mono JIT Code) UnityEngine.Logger:Log (UnityEngine.LogType,object)
0x000002e17833840d (Mono JIT Code) UnityEngine.Debug:Log (object)
0x000002e178337eb3 (Mono JIT Code) GooglePlayGames.Editor.GPGSUpgrader:.cctor () (at C:/GitHub/2DGames/DontTouchTheSpikes/Assets/GooglePlayGames/com.google.play.games/Editor/GPGSUpgrader.cs:57)
0x000002e178338115 (Mono JIT Code) (wrapper runtime-invoke) object:runtime_invoke_void (object,intptr,intptr,intptr)
0x00007ff8e6634b6e (mono-2.0-bdwgc) mono_jit_runtime_invoke (at C:/build/output/Unity-Technologies/mono/mono/mini/mini-runtime.c:3445)
0x00007ff8e656d204 (mono-2.0-bdwgc) do_runtime_invoke (at C:/build/output/Unity-Technologies/mono/mono/metadata/object.c:3066)
0x00007ff8e6567fa9 (mono-2.0-bdwgc) mono_runtime_class_init_full (at C:/build/output/Unity-Technologies/mono/mono/metadata/object.c:563)
0x00007ff8e649ddd7 (mono-2.0-bdwgc) ves_icall_System_Runtime_CompilerServices_RuntimeHelpers_RunClassConstructor (at C:/build/output/Unity-Technologies/mono/mono/metadata/icall.c:1292)
0x00007ff8e64cfebc (mono-2.0-bdwgc) ves_icall_System_Runtime_CompilerServices_RuntimeHelpers_RunClassConstructor_raw (at C:/build/output/Unity-Technologies/mono/mono/metadata/icall-def.h:756)
0x000002e154f24612 (Mono JIT Code) (wrapper managed-to-native) System.Runtime.CompilerServices.RuntimeHelpers:RunClassConstructor (intptr)
0x000002e154f244eb (Mono JIT Code) System.Runtime.CompilerServices.RuntimeHelpers:RunClassConstructor (System.RuntimeTypeHandle)
0x000002e15472b433 (Mono JIT Code) UnityEditor.EditorAssemblies:ProcessInitializeOnLoadAttributes (System.Type[])
0x000002e1815bcc1b (Mono JIT Code) (wrapper runtime-invoke) <Module>:runtime_invoke_void_object (object,intptr,intptr,intptr)
0x00007ff8e6634b6e (mono-2.0-bdwgc) mono_jit_runtime_invoke (at C:/build/output/Unity-Technologies/mono/mono/mini/mini-runtime.c:3445)
0x00007ff8e656d204 (mono-2.0-bdwgc) do_runtime_invoke (at C:/build/output/Unity-Technologies/mono/mono/metadata/object.c:3066)
0x00007ff8e656d37c (mono-2.0-bdwgc) mono_runtime_invoke (at C:/build/output/Unity-Technologies/mono/mono/metadata/object.c:3113)
0x00007ff6eea71654 (Unity) scripting_method_invoke
0x00007ff6eea4f704 (Unity) ScriptingInvocation::Invoke
0x00007ff6eea4a345 (Unity) ScriptingInvocation::Invoke<void>
0x00007ff6eeb9d103 (Unity) Scripting::UnityEditor::EditorAssembliesProxy::ProcessInitializeOnLoadAttributes
0x00007ff6eea444c8 (Unity) MonoManager::SetupLoadedEditorAssemblies
0x00007ff6eea39e89 (Unity) MonoManager::FinalizeReload
0x00007ff6efe32efa (Unity) ScriptingInitializer::FinalizeReload
0x00007ff6ef9e01fb (Unity) LoadUserAssemblies
0x00007ff6efee1585 (Unity) <lambda_b37b41f03089e3cb3f55061bbc93253d>::operator()
0x00007ff6eff1b5d2 (Unity) asio::detail::completion_handler<core::mutable_function<void __cdecl(void)>,asio::io_context::basic_executor_type<std::allocator<void>,0> >::do_complete
0x00007ff6eff0757e (Unity) asio::detail::win_iocp_io_context::do_one
0x00007ff6eff091e4 (Unity) asio::detail::win_iocp_io_context::run
0x00007ff6eff1997c (Unity) IOService::Run
0x00007ff6efeedb9f (Unity) AssetImportWorkerClient::Run
0x00007ff6efeb8757 (Unity) RunAssetImportWorkerClientV2
0x00007ff6efeb87db (Unity) RunAssetImporterV2
0x00007ff6ef6b7da3 (Unity) Application::InitializeProject
0x00007ff6efb42ba5 (Unity) WinMain
0x00007ff6f0f2870e (Unity) __scrt_common_main_seh
0x00007ff961617344 (KERNEL32) BaseThreadInitThunk
0x00007ff961ee26b1 (ntdll) RtlUserThreadStart

[Package Manager] Server::EnsureServerProcessIsRunning -- launch failed, reason: Unity was launched with the -noUpm command-line argument
[Package Manager] UpmClient::Send -- Unable to send message (not connected to UPM process).
[Package Manager] Cannot connect to Unity Package Manager local server
Mono: successfully reloaded assembly
[Package Manager] Server::EnsureServerProcessIsRunning -- launch failed, reason: Unity was launched with the -noUpm command-line argument
[Package Manager] UpmClient::Send -- Unable to send message (not connected to UPM process).
[Package Manager] Cannot connect to Unity Package Manager local server
- Finished resetting the current domain, in  1.724 seconds
Domain Reload Profiling: 2488ms
	BeginReloadAssembly (211ms)
		ExecutionOrderSort (0ms)
		DisableScriptedObjects (13ms)
		BackupInstance (0ms)
		ReleaseScriptingObjects (0ms)
		CreateAndSetChildDomain (39ms)
	RebuildCommonClasses (44ms)
	RebuildNativeTypeToScriptingClass (18ms)
	initialDomainReloadingComplete (48ms)
	LoadAllAssembliesAndSetupDomain (442ms)
		LoadAssemblies (549ms)
		RebuildTransferFunctionScriptingTraits (0ms)
		AnalyzeDomain (18ms)
			TypeCache.Refresh (8ms)
				TypeCache.ScanAssembly (0ms)
			ScanForSourceGeneratedMonoScriptInfo (0ms)
			ResolveRequiredComponents (9ms)
	FinalizeReload (1725ms)
		ReleaseScriptCaches (0ms)
		RebuildScriptCaches (0ms)
		SetupLoadedEditorAssemblies (818ms)
			LogAssemblyErrors (0ms)
			InitializePlatformSupportModulesInManaged (58ms)
			SetLoadedEditorAssemblies (9ms)
			RefreshPlugins (0ms)
			BeforeProcessingInitializeOnLoad (181ms)
			ProcessInitializeOnLoadAttributes (511ms)
			ProcessInitializeOnLoadMethodAttributes (47ms)
			AfterProcessingInitializeOnLoad (11ms)
			EditorAssembliesLoaded (0ms)
		ExecutionOrderSort2 (0ms)
		AwakeInstancesAfterBackupRestoration (24ms)
Refreshing native plugins compatible for Editor in 61.81 ms, found 4 plugins.
Preloading 0 native plugins for Editor in 0.00 ms.
Unloading 4490 Unused Serialized files (Serialized files now loaded: 0)
Unloading 156 unused Assets / (96.0 KB). Loaded Objects now: 4895.
Memory consumption went from 164.0 MB to 163.9 MB.
Total: 4.988800 ms (FindLiveObjects: 0.425400 ms CreateObjectMapping: 0.529100 ms MarkObjects: 3.869100 ms  DeleteObjects: 0.164100 ms)

Prepare: number of updated asset objects reloaded= 0
AssetImportParameters requested are different than current active one (requested -> active):
  custom:container-demuxer-ogg: 62fdf1f143b41e24485cea50d1cbac27 -> 
  custom:video-decoder-ogg-theora: a1e56fd34408186e4bbccfd4996cb3dc -> 
  custom:framework-win-MediaFoundation: 216162199b28c13a410421893ffa2e32 -> 
  custom:CustomObjectIndexerAttribute: 756ad292c208cfabdd7b50bc23989ffe -> 
  custom:container-demuxer-webm: 4f35f7cbe854078d1ac9338744f61a02 -> 
  custom:container-muxer-webm: aa71ff27fc2769a1b78a27578f13a17b -> 
  custom:video-decoder-webm-vp8: 9c59270c3fd7afecdb556c50c9e8de78 -> 
  custom:SearchIndexIgnoredProperties: e643bd26f0fe6173181afceb89e7c659 -> 
  custom:AudioImporter_EditorPlatform: d09bf68614088b80899f8185d706f6e7 -> 
  custom:video-encoder-webm-vp8: eb34c28f22e8b96e1ab97ce403110664 -> 
  custom:audio-decoder-ogg-vorbis: bf7c407c2cedff20999df2af8eb42d56 -> 
  custom:audio-encoder-webm-vorbis: bf7c407c2cedff20999df2af8eb42d56 -> 
========================================================================
Received Prepare
Begin MonoManager ReloadAssembly
- Loaded All Assemblies, in  5.179 seconds
Refreshing native plugins compatible for Editor in 44.27 ms, found 4 plugins.
Native extension for WindowsStandalone target not found
Native extension for iOS target not found
Native extension for Android target not found
Native extension for WebGL target not found
GPGSUpgrader start
0x00007ff6eeb5a4bd (Unity) StackWalker::GetCurrentCallstack
0x00007ff6eeb5f469 (Unity) StackWalker::ShowCallstack
0x00007ff6efb36da1 (Unity) GetStacktrace
0x00007ff6f01f5782 (Unity) DebugStringToFile
0x00007ff6edaa9e76 (Unity) DebugLogHandler_CUSTOM_Internal_Log
0x000002e178468eaa (Mono JIT Code) (wrapper managed-to-native) UnityEngine.DebugLogHandler:Internal_Log (UnityEngine.LogType,UnityEngine.LogOption,string,UnityEngine.Object)
0x000002e1784687fb (Mono JIT Code) UnityEngine.DebugLogHandler:LogFormat (UnityEngine.LogType,UnityEngine.Object,string,object[])
0x000002e178467d1e (Mono JIT Code) UnityEngine.Logger:Log (UnityEngine.LogType,object)
0x000002e1784679ad (Mono JIT Code) UnityEngine.Debug:Log (object)
0x000002e178467123 (Mono JIT Code) GooglePlayGames.Editor.GPGSUpgrader:.cctor () (at C:/GitHub/2DGames/DontTouchTheSpikes/Assets/GooglePlayGames/com.google.play.games/Editor/GPGSUpgrader.cs:38)
0x000002e1784676b5 (Mono JIT Code) (wrapper runtime-invoke) object:runtime_invoke_void (object,intptr,intptr,intptr)
0x00007ff8e6634b6e (mono-2.0-bdwgc) mono_jit_runtime_invoke (at C:/build/output/Unity-Technologies/mono/mono/mini/mini-runtime.c:3445)
0x00007ff8e656d204 (mono-2.0-bdwgc) do_runtime_invoke (at C:/build/output/Unity-Technologies/mono/mono/metadata/object.c:3066)
0x00007ff8e6567fa9 (mono-2.0-bdwgc) mono_runtime_class_init_full (at C:/build/output/Unity-Technologies/mono/mono/metadata/object.c:563)
0x00007ff8e649ddd7 (mono-2.0-bdwgc) ves_icall_System_Runtime_CompilerServices_RuntimeHelpers_RunClassConstructor (at C:/build/output/Unity-Technologies/mono/mono/metadata/icall.c:1292)
0x00007ff8e64cfebc (mono-2.0-bdwgc) ves_icall_System_Runtime_CompilerServices_RuntimeHelpers_RunClassConstructor_raw (at C:/build/output/Unity-Technologies/mono/mono/metadata/icall-def.h:756)
0x000002e1782f4c22 (Mono JIT Code) (wrapper managed-to-native) System.Runtime.CompilerServices.RuntimeHelpers:RunClassConstructor (intptr)
0x000002e1782f4afb (Mono JIT Code) System.Runtime.CompilerServices.RuntimeHelpers:RunClassConstructor (System.RuntimeTypeHandle)
0x000002e1782eba33 (Mono JIT Code) UnityEditor.EditorAssemblies:ProcessInitializeOnLoadAttributes (System.Type[])
0x000002e1784fcc1b (Mono JIT Code) (wrapper runtime-invoke) <Module>:runtime_invoke_void_object (object,intptr,intptr,intptr)
0x00007ff8e6634b6e (mono-2.0-bdwgc) mono_jit_runtime_invoke (at C:/build/output/Unity-Technologies/mono/mono/mini/mini-runtime.c:3445)
0x00007ff8e656d204 (mono-2.0-bdwgc) do_runtime_invoke (at C:/build/output/Unity-Technologies/mono/mono/metadata/object.c:3066)
0x00007ff8e656d37c (mono-2.0-bdwgc) mono_runtime_invoke (at C:/build/output/Unity-Technologies/mono/mono/metadata/object.c:3113)
0x00007ff6eea71654 (Unity) scripting_method_invoke
0x00007ff6eea4f704 (Unity) ScriptingInvocation::Invoke
0x00007ff6eea4a345 (Unity) ScriptingInvocation::Invoke<void>
0x00007ff6eeb9d103 (Unity) Scripting::UnityEditor::EditorAssembliesProxy::ProcessInitializeOnLoadAttributes
0x00007ff6eea444c8 (Unity) MonoManager::SetupLoadedEditorAssemblies
0x00007ff6eea39e89 (Unity) MonoManager::FinalizeReload
0x00007ff6efe32efa (Unity) ScriptingInitializer::FinalizeReload
0x00007ff6ef9e01fb (Unity) LoadUserAssemblies
0x00007ff6efee1585 (Unity) <lambda_b37b41f03089e3cb3f55061bbc93253d>::operator()
0x00007ff6eff1b5d2 (Unity) asio::detail::completion_handler<core::mutable_function<void __cdecl(void)>,asio::io_context::basic_executor_type<std::allocator<void>,0> >::do_complete
0x00007ff6eff0757e (Unity) asio::detail::win_iocp_io_context::do_one
0x00007ff6eff091e4 (Unity) asio::detail::win_iocp_io_context::run
0x00007ff6eff1997c (Unity) IOService::Run
0x00007ff6efeedb9f (Unity) AssetImportWorkerClient::Run
0x00007ff6efeb8757 (Unity) RunAssetImportWorkerClientV2
0x00007ff6efeb87db (Unity) RunAssetImporterV2
0x00007ff6ef6b7da3 (Unity) Application::InitializeProject
0x00007ff6efb42ba5 (Unity) WinMain
0x00007ff6f0f2870e (Unity) __scrt_common_main_seh
0x00007ff961617344 (KERNEL32) BaseThreadInitThunk
0x00007ff961ee26b1 (ntdll) RtlUserThreadStart

GPGSUpgrader done
0x00007ff6eeb5a4bd (Unity) StackWalker::GetCurrentCallstack
0x00007ff6eeb5f469 (Unity) StackWalker::ShowCallstack
0x00007ff6efb36da1 (Unity) GetStacktrace
0x00007ff6f01f5782 (Unity) DebugStringToFile
0x00007ff6edaa9e76 (Unity) DebugLogHandler_CUSTOM_Internal_Log
0x000002e178468eaa (Mono JIT Code) (wrapper managed-to-native) UnityEngine.DebugLogHandler:Internal_Log (UnityEngine.LogType,UnityEngine.LogOption,string,UnityEngine.Object)
0x000002e1784687fb (Mono JIT Code) UnityEngine.DebugLogHandler:LogFormat (UnityEngine.LogType,UnityEngine.Object,string,object[])
0x000002e178467d1e (Mono JIT Code) UnityEngine.Logger:Log (UnityEngine.LogType,object)
0x000002e1784679ad (Mono JIT Code) UnityEngine.Debug:Log (object)
0x000002e178467453 (Mono JIT Code) GooglePlayGames.Editor.GPGSUpgrader:.cctor () (at C:/GitHub/2DGames/DontTouchTheSpikes/Assets/GooglePlayGames/com.google.play.games/Editor/GPGSUpgrader.cs:57)
0x000002e1784676b5 (Mono JIT Code) (wrapper runtime-invoke) object:runtime_invoke_void (object,intptr,intptr,intptr)
0x00007ff8e6634b6e (mono-2.0-bdwgc) mono_jit_runtime_invoke (at C:/build/output/Unity-Technologies/mono/mono/mini/mini-runtime.c:3445)
0x00007ff8e656d204 (mono-2.0-bdwgc) do_runtime_invoke (at C:/build/output/Unity-Technologies/mono/mono/metadata/object.c:3066)
0x00007ff8e6567fa9 (mono-2.0-bdwgc) mono_runtime_class_init_full (at C:/build/output/Unity-Technologies/mono/mono/metadata/object.c:563)
0x00007ff8e649ddd7 (mono-2.0-bdwgc) ves_icall_System_Runtime_CompilerServices_RuntimeHelpers_RunClassConstructor (at C:/build/output/Unity-Technologies/mono/mono/metadata/icall.c:1292)
0x00007ff8e64cfebc (mono-2.0-bdwgc) ves_icall_System_Runtime_CompilerServices_RuntimeHelpers_RunClassConstructor_raw (at C:/build/output/Unity-Technologies/mono/mono/metadata/icall-def.h:756)
0x000002e1782f4c22 (Mono JIT Code) (wrapper managed-to-native) System.Runtime.CompilerServices.RuntimeHelpers:RunClassConstructor (intptr)
0x000002e1782f4afb (Mono JIT Code) System.Runtime.CompilerServices.RuntimeHelpers:RunClassConstructor (System.RuntimeTypeHandle)
0x000002e1782eba33 (Mono JIT Code) UnityEditor.EditorAssemblies:ProcessInitializeOnLoadAttributes (System.Type[])
0x000002e1784fcc1b (Mono JIT Code) (wrapper runtime-invoke) <Module>:runtime_invoke_void_object (object,intptr,intptr,intptr)
0x00007ff8e6634b6e (mono-2.0-bdwgc) mono_jit_runtime_invoke (at C:/build/output/Unity-Technologies/mono/mono/mini/mini-runtime.c:3445)
0x00007ff8e656d204 (mono-2.0-bdwgc) do_runtime_invoke (at C:/build/output/Unity-Technologies/mono/mono/metadata/object.c:3066)
0x00007ff8e656d37c (mono-2.0-bdwgc) mono_runtime_invoke (at C:/build/output/Unity-Technologies/mono/mono/metadata/object.c:3113)
0x00007ff6eea71654 (Unity) scripting_method_invoke
0x00007ff6eea4f704 (Unity) ScriptingInvocation::Invoke
0x00007ff6eea4a345 (Unity) ScriptingInvocation::Invoke<void>
0x00007ff6eeb9d103 (Unity) Scripting::UnityEditor::EditorAssembliesProxy::ProcessInitializeOnLoadAttributes
0x00007ff6eea444c8 (Unity) MonoManager::SetupLoadedEditorAssemblies
0x00007ff6eea39e89 (Unity) MonoManager::FinalizeReload
0x00007ff6efe32efa (Unity) ScriptingInitializer::FinalizeReload
0x00007ff6ef9e01fb (Unity) LoadUserAssemblies
0x00007ff6efee1585 (Unity) <lambda_b37b41f03089e3cb3f55061bbc93253d>::operator()
0x00007ff6eff1b5d2 (Unity) asio::detail::completion_handler<core::mutable_function<void __cdecl(void)>,asio::io_context::basic_executor_type<std::allocator<void>,0> >::do_complete
0x00007ff6eff0757e (Unity) asio::detail::win_iocp_io_context::do_one
0x00007ff6eff091e4 (Unity) asio::detail::win_iocp_io_context::run
0x00007ff6eff1997c (Unity) IOService::Run
0x00007ff6efeedb9f (Unity) AssetImportWorkerClient::Run
0x00007ff6efeb8757 (Unity) RunAssetImportWorkerClientV2
0x00007ff6efeb87db (Unity) RunAssetImporterV2
0x00007ff6ef6b7da3 (Unity) Application::InitializeProject
0x00007ff6efb42ba5 (Unity) WinMain
0x00007ff6f0f2870e (Unity) __scrt_common_main_seh
0x00007ff961617344 (KERNEL32) BaseThreadInitThunk
0x00007ff961ee26b1 (ntdll) RtlUserThreadStart

[Package Manager] Server::EnsureServerProcessIsRunning -- launch failed, reason: Unity was launched with the -noUpm command-line argument
[Package Manager] UpmClient::Send -- Unable to send message (not connected to UPM process).
[Package Manager] Cannot connect to Unity Package Manager local server
Unable to write to 'ProjectSettings\GvhProjectSettings.xml' (System.IO.IOException: Sharing violation on path C:\GitHub\2DGames\DontTouchTheSpikes\ProjectSettings\GvhProjectSettings.xml
  at System.IO.FileStream..ctor (System.String path, System.IO.FileMode mode, System.IO.FileAccess access, System.IO.FileShare share, System.Int32 bufferSize, System.Boolean anonymous, System.IO.FileOptions options) [0x0019e] in <834b2ded5dad441e8c7a4287897d63c7>:0 
  at System.IO.FileStream..ctor (System.String path, System.IO.FileMode mode, System.IO.FileAccess access, System.IO.FileShare share, System.Int32 bufferSize, System.IO.FileOptions options) [0x00000] in <834b2ded5dad441e8c7a4287897d63c7>:0 
  at System.IO.FileStream..ctor (System.String path, System.IO.FileMode mode, System.IO.FileAccess access, System.IO.FileShare share, System.Int32 bufferSize, System.Boolean useAsync) [0x00000] in <834b2ded5dad441e8c7a4287897d63c7>:0 
  at (wrapper remoting-invoke-with-check) System.IO.FileStream..ctor(string,System.IO.FileMode,System.IO.FileAccess,System.IO.FileShare,int,bool)
  at System.Xml.XmlWriterSettings.CreateWriter (System.String outputFileName) [0x00051] in <cec8eb42eacd40439ca76aa290dad7e2>:0 
  at System.Xml.XmlWriter.Create (System.String outputFileName, System.Xml.XmlWriterSettings settings) [0x0000a] in <cec8eb42eacd40439ca76aa290dad7e2>:0 
  at Google.ProjectSettings.Save () [0x0006d] in /Users/chkuang/Workspace/git/unity-jar-resolver/source/VersionHandlerImpl/src/ProjectSettings.cs:821 , Project settings were not saved!
0x00007ff6eeb5a4bd (Unity) StackWalker::GetCurrentCallstack
0x00007ff6eeb5f469 (Unity) StackWalker::ShowCallstack
0x00007ff6efb36da1 (Unity) GetStacktrace
0x00007ff6f01f5782 (Unity) DebugStringToFile
0x00007ff6edaa9e76 (Unity) DebugLogHandler_CUSTOM_Internal_Log
0x000002e178468eaa (Mono JIT Code) (wrapper managed-to-native) UnityEngine.DebugLogHandler:Internal_Log (UnityEngine.LogType,UnityEngine.LogOption,string,UnityEngine.Object)
0x000002e1784687fb (Mono JIT Code) UnityEngine.DebugLogHandler:LogFormat (UnityEngine.LogType,UnityEngine.Object,string,object[])
0x000002e178467d1e (Mono JIT Code) UnityEngine.Logger:Log (UnityEngine.LogType,object)
0x000002e179a757da (Mono JIT Code) UnityEngine.Debug:LogError (object)
0x000002e179a0d733 (Mono JIT Code) Google.Logger:Log (string,Google.LogLevel) (at /Users/chkuang/Workspace/git/unity-jar-resolver/source/VersionHandlerImpl/src/Logger.cs:137)
0x000002e179a664f5 (Mono JIT Code) Google.ProjectSettings:Save () (at /Users/chkuang/Workspace/git/unity-jar-resolver/source/VersionHandlerImpl/src/ProjectSettings.cs:847)
0x000002e179a653e3 (Mono JIT Code) Google.ProjectSettings:SetBool (string,bool,Google.SettingsLocation) (at /Users/chkuang/Workspace/git/unity-jar-resolver/source/VersionHandlerImpl/src/ProjectSettings.cs:485)
0x000002e179a651fb (Mono JIT Code) Google.ProjectSettings:SetBool (string,bool) (at /Users/chkuang/Workspace/git/unity-jar-resolver/source/VersionHandlerImpl/src/ProjectSettings.cs:498)
0x000002e179a650ab (Mono JIT Code) Google.IOSResolver:set_VerboseLoggingEnabled (bool) (at /Users/chkuang/Workspace/git/unity-jar-resolver/source/IOSResolver/src/IOSResolver.cs:999)
0x000002e179a577db (Mono JIT Code) Google.IOSResolver:.cctor () (at /Users/chkuang/Workspace/git/unity-jar-resolver/source/IOSResolver/src/IOSResolver.cs:698)
0x000002e179a57ba5 (Mono JIT Code) (wrapper runtime-invoke) object:runtime_invoke_void (object,intptr,intptr,intptr)
0x00007ff8e6634b6e (mono-2.0-bdwgc) mono_jit_runtime_invoke (at C:/build/output/Unity-Technologies/mono/mono/mini/mini-runtime.c:3445)
0x00007ff8e656d204 (mono-2.0-bdwgc) do_runtime_invoke (at C:/build/output/Unity-Technologies/mono/mono/metadata/object.c:3066)
0x00007ff8e6567fa9 (mono-2.0-bdwgc) mono_runtime_class_init_full (at C:/build/output/Unity-Technologies/mono/mono/metadata/object.c:563)
0x00007ff8e649ddd7 (mono-2.0-bdwgc) ves_icall_System_Runtime_CompilerServices_RuntimeHelpers_RunClassConstructor (at C:/build/output/Unity-Technologies/mono/mono/metadata/icall.c:1292)
0x00007ff8e64cfebc (mono-2.0-bdwgc) ves_icall_System_Runtime_CompilerServices_RuntimeHelpers_RunClassConstructor_raw (at C:/build/output/Unity-Technologies/mono/mono/metadata/icall-def.h:756)
0x000002e1782f4c22 (Mono JIT Code) (wrapper managed-to-native) System.Runtime.CompilerServices.RuntimeHelpers:RunClassConstructor (intptr)
0x000002e1782f4afb (Mono JIT Code) System.Runtime.CompilerServices.RuntimeHelpers:RunClassConstructor (System.RuntimeTypeHandle)
0x000002e1782eba33 (Mono JIT Code) UnityEditor.EditorAssemblies:ProcessInitializeOnLoadAttributes (System.Type[])
0x000002e1784fcc1b (Mono JIT Code) (wrapper runtime-invoke) <Module>:runtime_invoke_void_object (object,intptr,intptr,intptr)
0x00007ff8e6634b6e (mono-2.0-bdwgc) mono_jit_runtime_invoke (at C:/build/output/Unity-Technologies/mono/mono/mini/mini-runtime.c:3445)
0x00007ff8e656d204 (mono-2.0-bdwgc) do_runtime_invoke (at C:/build/output/Unity-Technologies/mono/mono/metadata/object.c:3066)
0x00007ff8e656d37c (mono-2.0-bdwgc) mono_runtime_invoke (at C:/build/output/Unity-Technologies/mono/mono/metadata/object.c:3113)
0x00007ff6eea71654 (Unity) scripting_method_invoke
0x00007ff6eea4f704 (Unity) ScriptingInvocation::Invoke
0x00007ff6eea4a345 (Unity) ScriptingInvocation::Invoke<void>
0x00007ff6eeb9d103 (Unity) Scripting::UnityEditor::EditorAssembliesProxy::ProcessInitializeOnLoadAttributes
0x00007ff6eea444c8 (Unity) MonoManager::SetupLoadedEditorAssemblies
0x00007ff6eea39e89 (Unity) MonoManager::FinalizeReload
0x00007ff6efe32efa (Unity) ScriptingInitializer::FinalizeReload
0x00007ff6ef9e01fb (Unity) LoadUserAssemblies
0x00007ff6efee1585 (Unity) <lambda_b37b41f03089e3cb3f55061bbc93253d>::operator()
0x00007ff6eff1b5d2 (Unity) asio::detail::completion_handler<core::mutable_function<void __cdecl(void)>,asio::io_context::basic_executor_type<std::allocator<void>,0> >::do_complete
0x00007ff6eff0757e (Unity) asio::detail::win_iocp_io_context::do_one
0x00007ff6eff091e4 (Unity) asio::detail::win_iocp_io_context::run
0x00007ff6eff1997c (Unity) IOService::Run
0x00007ff6efeedb9f (Unity) AssetImportWorkerClient::Run
0x00007ff6efeb8757 (Unity) RunAssetImportWorkerClientV2
0x00007ff6efeb87db (Unity) RunAssetImporterV2
0x00007ff6ef6b7da3 (Unity) Application::InitializeProject
0x00007ff6efb42ba5 (Unity) WinMain
0x00007ff6f0f2870e (Unity) __scrt_common_main_seh
0x00007ff961617344 (KERNEL32) BaseThreadInitThunk
0x00007ff961ee26b1 (ntdll) RtlUserThreadStart

Mono: successfully reloaded assembly
[Package Manager] Server::EnsureServerProcessIsRunning -- launch failed, reason: Unity was launched with the -noUpm command-line argument
[Package Manager] UpmClient::Send -- Unable to send message (not connected to UPM process).
[Package Manager] Cannot connect to Unity Package Manager local server
- Finished resetting the current domain, in 16.250 seconds
Domain Reload Profiling: 21422ms
	BeginReloadAssembly (229ms)
		ExecutionOrderSort (0ms)
		DisableScriptedObjects (13ms)
		BackupInstance (0ms)
		ReleaseScriptingObjects (0ms)
		CreateAndSetChildDomain (40ms)
	RebuildCommonClasses (157ms)
	RebuildNativeTypeToScriptingClass (13ms)
	initialDomainReloadingComplete (49ms)
	LoadAllAssembliesAndSetupDomain (4724ms)
		LoadAssemblies (4847ms)
		RebuildTransferFunctionScriptingTraits (0ms)
		AnalyzeDomain (17ms)
			TypeCache.Refresh (9ms)
				TypeCache.ScanAssembly (0ms)
			ScanForSourceGeneratedMonoScriptInfo (0ms)
			ResolveRequiredComponents (7ms)
	FinalizeReload (16251ms)
		ReleaseScriptCaches (0ms)
		RebuildScriptCaches (0ms)
		SetupLoadedEditorAssemblies (850ms)
			LogAssemblyErrors (0ms)
			InitializePlatformSupportModulesInManaged (58ms)
			SetLoadedEditorAssemblies (8ms)
			RefreshPlugins (0ms)
			BeforeProcessingInitializeOnLoad (182ms)
			ProcessInitializeOnLoadAttributes (538ms)
			ProcessInitializeOnLoadMethodAttributes (51ms)
			AfterProcessingInitializeOnLoad (12ms)
			EditorAssembliesLoaded (0ms)
		ExecutionOrderSort2 (0ms)
		AwakeInstancesAfterBackupRestoration (25ms)
Refreshing native plugins compatible for Editor in 47.71 ms, found 4 plugins.
Preloading 0 native plugins for Editor in 0.00 ms.
Unloading 4490 Unused Serialized files (Serialized files now loaded: 0)
Unloading 156 unused Assets / (96.0 KB). Loaded Objects now: 4899.
Memory consumption went from 166.0 MB to 165.9 MB.
Total: 4.885100 ms (FindLiveObjects: 0.356200 ms CreateObjectMapping: 0.422300 ms MarkObjects: 3.888900 ms  DeleteObjects: 0.215800 ms)

Prepare: number of updated asset objects reloaded= 0
AssetImportParameters requested are different than current active one (requested -> active):
  custom:container-demuxer-ogg: 62fdf1f143b41e24485cea50d1cbac27 -> 
  custom:video-decoder-ogg-theora: a1e56fd34408186e4bbccfd4996cb3dc -> 
  custom:framework-win-MediaFoundation: 216162199b28c13a410421893ffa2e32 -> 
  custom:CustomObjectIndexerAttribute: 756ad292c208cfabdd7b50bc23989ffe -> 
  custom:container-demuxer-webm: 4f35f7cbe854078d1ac9338744f61a02 -> 
  custom:container-muxer-webm: aa71ff27fc2769a1b78a27578f13a17b -> 
  custom:video-decoder-webm-vp8: 9c59270c3fd7afecdb556c50c9e8de78 -> 
  custom:SearchIndexIgnoredProperties: e643bd26f0fe6173181afceb89e7c659 -> 
  custom:AudioImporter_EditorPlatform: d09bf68614088b80899f8185d706f6e7 -> 
  custom:video-encoder-webm-vp8: eb34c28f22e8b96e1ab97ce403110664 -> 
  custom:audio-decoder-ogg-vorbis: bf7c407c2cedff20999df2af8eb42d56 -> 
  custom:audio-encoder-webm-vorbis: bf7c407c2cedff20999df2af8eb42d56 -> 
========================================================================
Received Prepare
Begin MonoManager ReloadAssembly
- Loaded All Assemblies, in  0.914 seconds
Refreshing native plugins compatible for Editor in 40.79 ms, found 4 plugins.
Native extension for WindowsStandalone target not found
Native extension for iOS target not found
Native extension for Android target not found
Native extension for WebGL target not found
GPGSUpgrader start
0x00007ff6eeb5a4bd (Unity) StackWalker::GetCurrentCallstack
0x00007ff6eeb5f469 (Unity) StackWalker::ShowCallstack
0x00007ff6efb36da1 (Unity) GetStacktrace
0x00007ff6f01f5782 (Unity) DebugStringToFile
0x00007ff6edaa9e76 (Unity) DebugLogHandler_CUSTOM_Internal_Log
0x000002e1798b8eaa (Mono JIT Code) (wrapper managed-to-native) UnityEngine.DebugLogHandler:Internal_Log (UnityEngine.LogType,UnityEngine.LogOption,string,UnityEngine.Object)
0x000002e1798b87fb (Mono JIT Code) UnityEngine.DebugLogHandler:LogFormat (UnityEngine.LogType,UnityEngine.Object,string,object[])
0x000002e1798b7d1e (Mono JIT Code) UnityEngine.Logger:Log (UnityEngine.LogType,object)
0x000002e1798b79ad (Mono JIT Code) UnityEngine.Debug:Log (object)
0x000002e1798b7123 (Mono JIT Code) GooglePlayGames.Editor.GPGSUpgrader:.cctor () (at C:/GitHub/2DGames/DontTouchTheSpikes/Assets/GooglePlayGames/com.google.play.games/Editor/GPGSUpgrader.cs:38)
0x000002e1798b76b5 (Mono JIT Code) (wrapper runtime-invoke) object:runtime_invoke_void (object,intptr,intptr,intptr)
0x00007ff8e6634b6e (mono-2.0-bdwgc) mono_jit_runtime_invoke (at C:/build/output/Unity-Technologies/mono/mono/mini/mini-runtime.c:3445)
0x00007ff8e656d204 (mono-2.0-bdwgc) do_runtime_invoke (at C:/build/output/Unity-Technologies/mono/mono/metadata/object.c:3066)
0x00007ff8e6567fa9 (mono-2.0-bdwgc) mono_runtime_class_init_full (at C:/build/output/Unity-Technologies/mono/mono/metadata/object.c:563)
0x00007ff8e649ddd7 (mono-2.0-bdwgc) ves_icall_System_Runtime_CompilerServices_RuntimeHelpers_RunClassConstructor (at C:/build/output/Unity-Technologies/mono/mono/metadata/icall.c:1292)
0x00007ff8e64cfebc (mono-2.0-bdwgc) ves_icall_System_Runtime_CompilerServices_RuntimeHelpers_RunClassConstructor_raw (at C:/build/output/Unity-Technologies/mono/mono/metadata/icall-def.h:756)
0x000002e178514c22 (Mono JIT Code) (wrapper managed-to-native) System.Runtime.CompilerServices.RuntimeHelpers:RunClassConstructor (intptr)
0x000002e178514afb (Mono JIT Code) System.Runtime.CompilerServices.RuntimeHelpers:RunClassConstructor (System.RuntimeTypeHandle)
0x000002e17850ba33 (Mono JIT Code) UnityEditor.EditorAssemblies:ProcessInitializeOnLoadAttributes (System.Type[])
0x000002e17729cc1b (Mono JIT Code) (wrapper runtime-invoke) <Module>:runtime_invoke_void_object (object,intptr,intptr,intptr)
0x00007ff8e6634b6e (mono-2.0-bdwgc) mono_jit_runtime_invoke (at C:/build/output/Unity-Technologies/mono/mono/mini/mini-runtime.c:3445)
0x00007ff8e656d204 (mono-2.0-bdwgc) do_runtime_invoke (at C:/build/output/Unity-Technologies/mono/mono/metadata/object.c:3066)
0x00007ff8e656d37c (mono-2.0-bdwgc) mono_runtime_invoke (at C:/build/output/Unity-Technologies/mono/mono/metadata/object.c:3113)
0x00007ff6eea71654 (Unity) scripting_method_invoke
0x00007ff6eea4f704 (Unity) ScriptingInvocation::Invoke
0x00007ff6eea4a345 (Unity) ScriptingInvocation::Invoke<void>
0x00007ff6eeb9d103 (Unity) Scripting::UnityEditor::EditorAssembliesProxy::ProcessInitializeOnLoadAttributes
0x00007ff6eea444c8 (Unity) MonoManager::SetupLoadedEditorAssemblies
0x00007ff6eea39e89 (Unity) MonoManager::FinalizeReload
0x00007ff6efe32efa (Unity) ScriptingInitializer::FinalizeReload
0x00007ff6ef9e01fb (Unity) LoadUserAssemblies
0x00007ff6efee1585 (Unity) <lambda_b37b41f03089e3cb3f55061bbc93253d>::operator()
0x00007ff6eff1b5d2 (Unity) asio::detail::completion_handler<core::mutable_function<void __cdecl(void)>,asio::io_context::basic_executor_type<std::allocator<void>,0> >::do_complete
0x00007ff6eff0757e (Unity) asio::detail::win_iocp_io_context::do_one
0x00007ff6eff091e4 (Unity) asio::detail::win_iocp_io_context::run
0x00007ff6eff1997c (Unity) IOService::Run
0x00007ff6efeedb9f (Unity) AssetImportWorkerClient::Run
0x00007ff6efeb8757 (Unity) RunAssetImportWorkerClientV2
0x00007ff6efeb87db (Unity) RunAssetImporterV2
0x00007ff6ef6b7da3 (Unity) Application::InitializeProject
0x00007ff6efb42ba5 (Unity) WinMain
0x00007ff6f0f2870e (Unity) __scrt_common_main_seh
0x00007ff961617344 (KERNEL32) BaseThreadInitThunk
0x00007ff961ee26b1 (ntdll) RtlUserThreadStart

GPGSUpgrader done
0x00007ff6eeb5a4bd (Unity) StackWalker::GetCurrentCallstack
0x00007ff6eeb5f469 (Unity) StackWalker::ShowCallstack
0x00007ff6efb36da1 (Unity) GetStacktrace
0x00007ff6f01f5782 (Unity) DebugStringToFile
0x00007ff6edaa9e76 (Unity) DebugLogHandler_CUSTOM_Internal_Log
0x000002e1798b8eaa (Mono JIT Code) (wrapper managed-to-native) UnityEngine.DebugLogHandler:Internal_Log (UnityEngine.LogType,UnityEngine.LogOption,string,UnityEngine.Object)
0x000002e1798b87fb (Mono JIT Code) UnityEngine.DebugLogHandler:LogFormat (UnityEngine.LogType,UnityEngine.Object,string,object[])
0x000002e1798b7d1e (Mono JIT Code) UnityEngine.Logger:Log (UnityEngine.LogType,object)
0x000002e1798b79ad (Mono JIT Code) UnityEngine.Debug:Log (object)
0x000002e1798b7453 (Mono JIT Code) GooglePlayGames.Editor.GPGSUpgrader:.cctor () (at C:/GitHub/2DGames/DontTouchTheSpikes/Assets/GooglePlayGames/com.google.play.games/Editor/GPGSUpgrader.cs:57)
0x000002e1798b76b5 (Mono JIT Code) (wrapper runtime-invoke) object:runtime_invoke_void (object,intptr,intptr,intptr)
0x00007ff8e6634b6e (mono-2.0-bdwgc) mono_jit_runtime_invoke (at C:/build/output/Unity-Technologies/mono/mono/mini/mini-runtime.c:3445)
0x00007ff8e656d204 (mono-2.0-bdwgc) do_runtime_invoke (at C:/build/output/Unity-Technologies/mono/mono/metadata/object.c:3066)
0x00007ff8e6567fa9 (mono-2.0-bdwgc) mono_runtime_class_init_full (at C:/build/output/Unity-Technologies/mono/mono/metadata/object.c:563)
0x00007ff8e649ddd7 (mono-2.0-bdwgc) ves_icall_System_Runtime_CompilerServices_RuntimeHelpers_RunClassConstructor (at C:/build/output/Unity-Technologies/mono/mono/metadata/icall.c:1292)
0x00007ff8e64cfebc (mono-2.0-bdwgc) ves_icall_System_Runtime_CompilerServices_RuntimeHelpers_RunClassConstructor_raw (at C:/build/output/Unity-Technologies/mono/mono/metadata/icall-def.h:756)
0x000002e178514c22 (Mono JIT Code) (wrapper managed-to-native) System.Runtime.CompilerServices.RuntimeHelpers:RunClassConstructor (intptr)
0x000002e178514afb (Mono JIT Code) System.Runtime.CompilerServices.RuntimeHelpers:RunClassConstructor (System.RuntimeTypeHandle)
0x000002e17850ba33 (Mono JIT Code) UnityEditor.EditorAssemblies:ProcessInitializeOnLoadAttributes (System.Type[])
0x000002e17729cc1b (Mono JIT Code) (wrapper runtime-invoke) <Module>:runtime_invoke_void_object (object,intptr,intptr,intptr)
0x00007ff8e6634b6e (mono-2.0-bdwgc) mono_jit_runtime_invoke (at C:/build/output/Unity-Technologies/mono/mono/mini/mini-runtime.c:3445)
0x00007ff8e656d204 (mono-2.0-bdwgc) do_runtime_invoke (at C:/build/output/Unity-Technologies/mono/mono/metadata/object.c:3066)
0x00007ff8e656d37c (mono-2.0-bdwgc) mono_runtime_invoke (at C:/build/output/Unity-Technologies/mono/mono/metadata/object.c:3113)
0x00007ff6eea71654 (Unity) scripting_method_invoke
0x00007ff6eea4f704 (Unity) ScriptingInvocation::Invoke
0x00007ff6eea4a345 (Unity) ScriptingInvocation::Invoke<void>
0x00007ff6eeb9d103 (Unity) Scripting::UnityEditor::EditorAssembliesProxy::ProcessInitializeOnLoadAttributes
0x00007ff6eea444c8 (Unity) MonoManager::SetupLoadedEditorAssemblies
0x00007ff6eea39e89 (Unity) MonoManager::FinalizeReload
0x00007ff6efe32efa (Unity) ScriptingInitializer::FinalizeReload
0x00007ff6ef9e01fb (Unity) LoadUserAssemblies
0x00007ff6efee1585 (Unity) <lambda_b37b41f03089e3cb3f55061bbc93253d>::operator()
0x00007ff6eff1b5d2 (Unity) asio::detail::completion_handler<core::mutable_function<void __cdecl(void)>,asio::io_context::basic_executor_type<std::allocator<void>,0> >::do_complete
0x00007ff6eff0757e (Unity) asio::detail::win_iocp_io_context::do_one
0x00007ff6eff091e4 (Unity) asio::detail::win_iocp_io_context::run
0x00007ff6eff1997c (Unity) IOService::Run
0x00007ff6efeedb9f (Unity) AssetImportWorkerClient::Run
0x00007ff6efeb8757 (Unity) RunAssetImportWorkerClientV2
0x00007ff6efeb87db (Unity) RunAssetImporterV2
0x00007ff6ef6b7da3 (Unity) Application::InitializeProject
0x00007ff6efb42ba5 (Unity) WinMain
0x00007ff6f0f2870e (Unity) __scrt_common_main_seh
0x00007ff961617344 (KERNEL32) BaseThreadInitThunk
0x00007ff961ee26b1 (ntdll) RtlUserThreadStart

[Package Manager] Server::EnsureServerProcessIsRunning -- launch failed, reason: Unity was launched with the -noUpm command-line argument
[Package Manager] UpmClient::Send -- Unable to send message (not connected to UPM process).
[Package Manager] Cannot connect to Unity Package Manager local server
System.IO.IOException: Sharing violation on path C:\GitHub\2DGames\DontTouchTheSpikes\ProjectSettings\GvhProjectSettings.xml
  at System.IO.FileStream..ctor (System.String path, System.IO.FileMode mode, System.IO.FileAccess access, System.IO.FileShare share, System.Int32 bufferSize, System.Boolean anonymous, System.IO.FileOptions options) [0x0019e] in <834b2ded5dad441e8c7a4287897d63c7>:0 
  at System.IO.FileStream..ctor (System.String path, System.IO.FileMode mode, System.IO.FileAccess access, System.IO.FileShare share, System.Int32 bufferSize, System.IO.FileOptions options) [0x00000] in <834b2ded5dad441e8c7a4287897d63c7>:0 
  at (wrapper remoting-invoke-with-check) System.IO.FileStream..ctor(string,System.IO.FileMode,System.IO.FileAccess,System.IO.FileShare,int,System.IO.FileOptions)
  at System.IO.StreamReader..ctor (System.String path, System.Text.Encoding encoding, System.Boolean detectEncodingFromByteOrderMarks, System.Int32 bufferSize) [0x00055] in <834b2ded5dad441e8c7a4287897d63c7>:0 
  at System.IO.StreamReader..ctor (System.String path, System.Boolean detectEncodingFromByteOrderMarks) [0x00007] in <834b2ded5dad441e8c7a4287897d63c7>:0 
  at System.IO.StreamReader..ctor (System.String path) [0x00000] in <834b2ded5dad441e8c7a4287897d63c7>:0 
  at (wrapper remoting-invoke-with-check) System.IO.StreamReader..ctor(string)
  at Google.XmlUtilities.ParseXmlTextFileElements (System.String filename, Google.Logger logger, Google.XmlUtilities+ParseElement parseElement) [0x0000f] in /Users/chkuang/Workspace/git/unity-jar-resolver/source/VersionHandlerImpl/src/XmlUtilities.cs:104 
  at Google.ProjectSettings.Load () [0x00012] in /Users/chkuang/Workspace/git/unity-jar-resolver/source/VersionHandlerImpl/src/ProjectSettings.cs:777 
  at Google.ProjectSettings.LoadIfEmpty () [0x0001b] in /Users/chkuang/Workspace/git/unity-jar-resolver/source/VersionHandlerImpl/src/ProjectSettings.cs:558 
  at Google.ProjectSettings.GetBool (System.String name, System.Boolean defaultValue, Google.SettingsLocation location) [0x0002b] in /Users/chkuang/Workspace/git/unity-jar-resolver/source/VersionHandlerImpl/src/ProjectSettings.cs:606 
  at Google.ProjectSettings.GetBool (System.String name, System.Boolean defaultValue) [0x00000] in /Users/chkuang/Workspace/git/unity-jar-resolver/source/VersionHandlerImpl/src/ProjectSettings.cs:619 
  at Google.IOSResolver.get_VerboseLoggingEnabled () [0x00000] in /Users/chkuang/Workspace/git/unity-jar-resolver/source/IOSResolver/src/IOSResolver.cs:996 
  at Google.IOSResolver..cctor () [0x001ec] in /Users/chkuang/Workspace/git/unity-jar-resolver/source/IOSResolver/src/IOSResolver.cs:692 
0x00007ff6eeb5a4bd (Unity) StackWalker::GetCurrentCallstack
0x00007ff6eeb5f469 (Unity) StackWalker::ShowCallstack
0x00007ff6efb36da1 (Unity) GetStacktrace
0x00007ff6f01f5782 (Unity) DebugStringToFile
0x00007ff6edaa9e76 (Unity) DebugLogHandler_CUSTOM_Internal_Log
0x000002e1798b8eaa (Mono JIT Code) (wrapper managed-to-native) UnityEngine.DebugLogHandler:Internal_Log (UnityEngine.LogType,UnityEngine.LogOption,string,UnityEngine.Object)
0x000002e1798b87fb (Mono JIT Code) UnityEngine.DebugLogHandler:LogFormat (UnityEngine.LogType,UnityEngine.Object,string,object[])
0x000002e1798b7d1e (Mono JIT Code) UnityEngine.Logger:Log (UnityEngine.LogType,object)
0x000002e18036e25a (Mono JIT Code) UnityEngine.Debug:LogError (object)
0x000002e17850bc4b (Mono JIT Code) UnityEditor.EditorAssemblies:ProcessInitializeOnLoadAttributes (System.Type[])
0x000002e17729cc1b (Mono JIT Code) (wrapper runtime-invoke) <Module>:runtime_invoke_void_object (object,intptr,intptr,intptr)
0x00007ff8e6634b6e (mono-2.0-bdwgc) mono_jit_runtime_invoke (at C:/build/output/Unity-Technologies/mono/mono/mini/mini-runtime.c:3445)
0x00007ff8e656d204 (mono-2.0-bdwgc) do_runtime_invoke (at C:/build/output/Unity-Technologies/mono/mono/metadata/object.c:3066)
0x00007ff8e656d37c (mono-2.0-bdwgc) mono_runtime_invoke (at C:/build/output/Unity-Technologies/mono/mono/metadata/object.c:3113)
0x00007ff6eea71654 (Unity) scripting_method_invoke
0x00007ff6eea4f704 (Unity) ScriptingInvocation::Invoke
0x00007ff6eea4a345 (Unity) ScriptingInvocation::Invoke<void>
0x00007ff6eeb9d103 (Unity) Scripting::UnityEditor::EditorAssembliesProxy::ProcessInitializeOnLoadAttributes
0x00007ff6eea444c8 (Unity) MonoManager::SetupLoadedEditorAssemblies
0x00007ff6eea39e89 (Unity) MonoManager::FinalizeReload
0x00007ff6efe32efa (Unity) ScriptingInitializer::FinalizeReload
0x00007ff6ef9e01fb (Unity) LoadUserAssemblies
0x00007ff6efee1585 (Unity) <lambda_b37b41f03089e3cb3f55061bbc93253d>::operator()
0x00007ff6eff1b5d2 (Unity) asio::detail::completion_handler<core::mutable_function<void __cdecl(void)>,asio::io_context::basic_executor_type<std::allocator<void>,0> >::do_complete
0x00007ff6eff0757e (Unity) asio::detail::win_iocp_io_context::do_one
0x00007ff6eff091e4 (Unity) asio::detail::win_iocp_io_context::run
0x00007ff6eff1997c (Unity) IOService::Run
0x00007ff6efeedb9f (Unity) AssetImportWorkerClient::Run
0x00007ff6efeb8757 (Unity) RunAssetImportWorkerClientV2
0x00007ff6efeb87db (Unity) RunAssetImporterV2
0x00007ff6ef6b7da3 (Unity) Application::InitializeProject
0x00007ff6efb42ba5 (Unity) WinMain
0x00007ff6f0f2870e (Unity) __scrt_common_main_seh
0x00007ff961617344 (KERNEL32) BaseThreadInitThunk
0x00007ff961ee26b1 (ntdll) RtlUserThreadStart

Mono: successfully reloaded assembly
[Package Manager] Server::EnsureServerProcessIsRunning -- launch failed, reason: Unity was launched with the -noUpm command-line argument
[Package Manager] UpmClient::Send -- Unable to send message (not connected to UPM process).
[Package Manager] Cannot connect to Unity Package Manager local server
- Finished resetting the current domain, in  1.788 seconds
Domain Reload Profiling: 2695ms
	BeginReloadAssembly (268ms)
		ExecutionOrderSort (0ms)
		DisableScriptedObjects (22ms)
		BackupInstance (0ms)
		ReleaseScriptingObjects (0ms)
		CreateAndSetChildDomain (76ms)
	RebuildCommonClasses (35ms)
	RebuildNativeTypeToScriptingClass (14ms)
	initialDomainReloadingComplete (52ms)
	LoadAllAssembliesAndSetupDomain (537ms)
		LoadAssemblies (639ms)
		RebuildTransferFunctionScriptingTraits (0ms)
		AnalyzeDomain (17ms)
			TypeCache.Refresh (9ms)
				TypeCache.ScanAssembly (0ms)
			ScanForSourceGeneratedMonoScriptInfo (0ms)
			ResolveRequiredComponents (7ms)
	FinalizeReload (1788ms)
		ReleaseScriptCaches (0ms)
		RebuildScriptCaches (0ms)
		SetupLoadedEditorAssemblies (786ms)
			LogAssemblyErrors (0ms)
			InitializePlatformSupportModulesInManaged (53ms)
			SetLoadedEditorAssemblies (6ms)
			RefreshPlugins (0ms)
			BeforeProcessingInitializeOnLoad (175ms)
			ProcessInitializeOnLoadAttributes (494ms)
			ProcessInitializeOnLoadMethodAttributes (47ms)
			AfterProcessingInitializeOnLoad (12ms)
			EditorAssembliesLoaded (0ms)
		ExecutionOrderSort2 (0ms)
		AwakeInstancesAfterBackupRestoration (24ms)
Refreshing native plugins compatible for Editor in 61.57 ms, found 4 plugins.
Preloading 0 native plugins for Editor in 0.00 ms.
Unloading 4490 Unused Serialized files (Serialized files now loaded: 0)
Unloading 156 unused Assets / (96.0 KB). Loaded Objects now: 4903.
Memory consumption went from 167.9 MB to 167.8 MB.
Total: 5.305700 ms (FindLiveObjects: 0.343000 ms CreateObjectMapping: 0.373900 ms MarkObjects: 4.435400 ms  DeleteObjects: 0.152100 ms)

Prepare: number of updated asset objects reloaded= 0
AssetImportParameters requested are different than current active one (requested -> active):
  custom:container-demuxer-ogg: 62fdf1f143b41e24485cea50d1cbac27 -> 
  custom:video-decoder-ogg-theora: a1e56fd34408186e4bbccfd4996cb3dc -> 
  custom:framework-win-MediaFoundation: 216162199b28c13a410421893ffa2e32 -> 
  custom:CustomObjectIndexerAttribute: 756ad292c208cfabdd7b50bc23989ffe -> 
  custom:container-demuxer-webm: 4f35f7cbe854078d1ac9338744f61a02 -> 
  custom:container-muxer-webm: aa71ff27fc2769a1b78a27578f13a17b -> 
  custom:video-decoder-webm-vp8: 9c59270c3fd7afecdb556c50c9e8de78 -> 
  custom:SearchIndexIgnoredProperties: e643bd26f0fe6173181afceb89e7c659 -> 
  custom:AudioImporter_EditorPlatform: d09bf68614088b80899f8185d706f6e7 -> 
  custom:video-encoder-webm-vp8: eb34c28f22e8b96e1ab97ce403110664 -> 
  custom:audio-decoder-ogg-vorbis: bf7c407c2cedff20999df2af8eb42d56 -> 
  custom:audio-encoder-webm-vorbis: bf7c407c2cedff20999df2af8eb42d56 -> 
