Using pre-set license
Built from '2022.3/staging' branch; Version is '2022.3.13f1 (5f90a5ebde0f) revision 6262949'; Using compiler version '192829333'; Build Type 'Release'
OS: 'Windows 10  (10.0.19045) 64bit Core' Language: 'ko' Physical Memory: 16298 MB
BatchMode: 1, IsHumanControllingUs: 0, StartBugReporterOnCrash: 0, Is64bit: 1, IsPro: 1

COMMAND LINE ARGUMENTS:
C:\Program Files\Unity\Hub\Editor\2022.3.13f1\Editor\Unity.exe
-adb2
-batchMode
-noUpm
-name
AssetImportWorker0
-projectPath
C:/GitHub/2DGames/DontTouchTheSpikes
-logFile
Logs/AssetImportWorker0.log
-srvPort
4114
Successfully changed project path to: C:/GitHub/2DGames/DontTouchTheSpikes
C:/GitHub/2DGames/DontTouchTheSpikes
[UnityMemory] Configuration Parameters - Can be set up in boot.config
    "memorysetup-bucket-allocator-granularity=16"
    "memorysetup-bucket-allocator-bucket-count=8"
    "memorysetup-bucket-allocator-block-size=33554432"
    "memorysetup-bucket-allocator-block-count=8"
    "memorysetup-main-allocator-block-size=16777216"
    "memorysetup-thread-allocator-block-size=16777216"
    "memorysetup-gfx-main-allocator-block-size=16777216"
    "memorysetup-gfx-thread-allocator-block-size=16777216"
    "memorysetup-cache-allocator-block-size=4194304"
    "memorysetup-typetree-allocator-block-size=2097152"
    "memorysetup-profiler-bucket-allocator-granularity=16"
    "memorysetup-profiler-bucket-allocator-bucket-count=8"
    "memorysetup-profiler-bucket-allocator-block-size=33554432"
    "memorysetup-profiler-bucket-allocator-block-count=8"
    "memorysetup-profiler-allocator-block-size=16777216"
    "memorysetup-profiler-editor-allocator-block-size=1048576"
    "memorysetup-temp-allocator-size-main=16777216"
    "memorysetup-job-temp-allocator-block-size=2097152"
    "memorysetup-job-temp-allocator-block-size-background=1048576"
    "memorysetup-job-temp-allocator-reduction-small-platforms=262144"
    "memorysetup-allocator-temp-initial-block-size-main=262144"
    "memorysetup-allocator-temp-initial-block-size-worker=262144"
    "memorysetup-temp-allocator-size-background-worker=32768"
    "memorysetup-temp-allocator-size-job-worker=262144"
    "memorysetup-temp-allocator-size-preload-manager=33554432"
    "memorysetup-temp-allocator-size-nav-mesh-worker=65536"
    "memorysetup-temp-allocator-size-audio-worker=65536"
    "memorysetup-temp-allocator-size-cloud-worker=32768"
    "memorysetup-temp-allocator-size-gi-baking-worker=262144"
    "memorysetup-temp-allocator-size-gfx=262144"
Player connection [18244] Host "[IP] 192.168.0.67 [Port] 0 [Flags] 2 [Guid] 87172240 [EditorId] 87172240 [Version] 1048832 [Id] WindowsEditor(7,DESKTOP-MNV88Q3) [Debug] 1 [PackageName] WindowsEditor [ProjectName] Editor" joined multi-casting on [225.0.0.222:54997]...

Player connection [18244] Host "[IP] 192.168.0.67 [Port] 0 [Flags] 2 [Guid] 87172240 [EditorId] 87172240 [Version] 1048832 [Id] WindowsEditor(7,DESKTOP-MNV88Q3) [Debug] 1 [PackageName] WindowsEditor [ProjectName] Editor" joined alternative multi-casting on [225.0.0.222:34997]...

[Physics::Module] Initialized MultithreadedJobDispatcher with 7 workers.
Refreshing native plugins compatible for Editor in 51.40 ms, found 4 plugins.
Preloading 0 native plugins for Editor in 0.00 ms.
Initialize engine version: 2022.3.13f1 (5f90a5ebde0f)
[Subsystems] Discovering subsystems at path C:/Program Files/Unity/Hub/Editor/2022.3.13f1/Editor/Data/Resources/UnitySubsystems
[Subsystems] Discovering subsystems at path C:/GitHub/2DGames/DontTouchTheSpikes/Assets
GfxDevice: creating device client; threaded=0; jobified=0
Direct3D:
    Version:  Direct3D 11.0 [level 11.1]
    Renderer: NVIDIA GeForce GTX 1060 3GB (ID=0x1c02)
    Vendor:   NVIDIA
    VRAM:     2979 MB
    Driver:   31.0.15.3623
Initialize mono
Mono path[0] = 'C:/Program Files/Unity/Hub/Editor/2022.3.13f1/Editor/Data/Managed'
Mono path[1] = 'C:/Program Files/Unity/Hub/Editor/2022.3.13f1/Editor/Data/MonoBleedingEdge/lib/mono/unityjit-win32'
Mono config path = 'C:/Program Files/Unity/Hub/Editor/2022.3.13f1/Editor/Data/MonoBleedingEdge/etc'
Using monoOptions --debugger-agent=transport=dt_socket,embedding=1,server=y,suspend=n,address=127.0.0.1:56624
Begin MonoManager ReloadAssembly
Registering precompiled unity dll's ...
Register platform support module: C:/Program Files/Unity/Hub/Editor/2022.3.13f1/Editor/Data/PlaybackEngines/WebGLSupport/UnityEditor.WebGL.Extensions.dll
Register platform support module: C:/Program Files/Unity/Hub/Editor/2022.3.13f1/Editor/Data/PlaybackEngines/AndroidPlayer/UnityEditor.Android.Extensions.dll
Register platform support module: C:/Program Files/Unity/Hub/Editor/2022.3.13f1/Editor/Data/PlaybackEngines/iOSSupport/UnityEditor.iOS.Extensions.dll
Register platform support module: C:/Program Files/Unity/Hub/Editor/2022.3.13f1/Editor/Data/PlaybackEngines/WindowsStandaloneSupport/UnityEditor.WindowsStandalone.Extensions.dll
Registered in 0.015796 seconds.
- Loaded All Assemblies, in  0.385 seconds
Native extension for WindowsStandalone target not found
[usbmuxd] Start listen thread
[usbmuxd] Listen thread started
Native extension for iOS target not found
Native extension for Android target not found
Android Extension - Scanning For ADB Devices 265 ms
Native extension for WebGL target not found
Mono: successfully reloaded assembly
- Finished resetting the current domain, in  0.616 seconds
Domain Reload Profiling: 999ms
	BeginReloadAssembly (118ms)
		ExecutionOrderSort (0ms)
		DisableScriptedObjects (0ms)
		BackupInstance (0ms)
		ReleaseScriptingObjects (0ms)
		CreateAndSetChildDomain (1ms)
	RebuildCommonClasses (36ms)
	RebuildNativeTypeToScriptingClass (11ms)
	initialDomainReloadingComplete (69ms)
	LoadAllAssembliesAndSetupDomain (148ms)
		LoadAssemblies (117ms)
		RebuildTransferFunctionScriptingTraits (0ms)
		AnalyzeDomain (145ms)
			TypeCache.Refresh (144ms)
				TypeCache.ScanAssembly (131ms)
			ScanForSourceGeneratedMonoScriptInfo (0ms)
			ResolveRequiredComponents (0ms)
	FinalizeReload (616ms)
		ReleaseScriptCaches (0ms)
		RebuildScriptCaches (0ms)
		SetupLoadedEditorAssemblies (545ms)
			LogAssemblyErrors (0ms)
			InitializePlatformSupportModulesInManaged (382ms)
			SetLoadedEditorAssemblies (4ms)
			RefreshPlugins (0ms)
			BeforeProcessingInitializeOnLoad (2ms)
			ProcessInitializeOnLoadAttributes (102ms)
			ProcessInitializeOnLoadMethodAttributes (54ms)
			AfterProcessingInitializeOnLoad (0ms)
			EditorAssembliesLoaded (0ms)
		ExecutionOrderSort2 (0ms)
		AwakeInstancesAfterBackupRestoration (0ms)
========================================================================
Worker process is ready to serve import requests
Begin MonoManager ReloadAssembly
- Loaded All Assemblies, in  0.983 seconds
Refreshing native plugins compatible for Editor in 39.12 ms, found 4 plugins.
Native extension for WindowsStandalone target not found
Native extension for iOS target not found
Native extension for Android target not found
Native extension for WebGL target not found
GPGSUpgrader start
0x00007ff6eeb5a4bd (Unity) StackWalker::GetCurrentCallstack
0x00007ff6eeb5f469 (Unity) StackWalker::ShowCallstack
0x00007ff6efb36da1 (Unity) GetStacktrace
0x00007ff6f01f5782 (Unity) DebugStringToFile
0x00007ff6edaa9e76 (Unity) DebugLogHandler_CUSTOM_Internal_Log
0x0000020719f3acfa (Mono JIT Code) (wrapper managed-to-native) UnityEngine.DebugLogHandler:Internal_Log (UnityEngine.LogType,UnityEngine.LogOption,string,UnityEngine.Object)
0x0000020719f3a64b (Mono JIT Code) UnityEngine.DebugLogHandler:LogFormat (UnityEngine.LogType,UnityEngine.Object,string,object[])
0x0000020719f39b6e (Mono JIT Code) UnityEngine.Logger:Log (UnityEngine.LogType,object)
0x0000020719f397fd (Mono JIT Code) UnityEngine.Debug:Log (object)
0x0000020719f38f73 (Mono JIT Code) GooglePlayGames.Editor.GPGSUpgrader:.cctor () (at C:/GitHub/2DGames/DontTouchTheSpikes/Assets/GooglePlayGames/com.google.play.games/Editor/GPGSUpgrader.cs:38)
0x0000020719f39505 (Mono JIT Code) (wrapper runtime-invoke) object:runtime_invoke_void (object,intptr,intptr,intptr)
0x00007ff8e6634b6e (mono-2.0-bdwgc) mono_jit_runtime_invoke (at C:/build/output/Unity-Technologies/mono/mono/mini/mini-runtime.c:3445)
0x00007ff8e656d204 (mono-2.0-bdwgc) do_runtime_invoke (at C:/build/output/Unity-Technologies/mono/mono/metadata/object.c:3066)
0x00007ff8e6567fa9 (mono-2.0-bdwgc) mono_runtime_class_init_full (at C:/build/output/Unity-Technologies/mono/mono/metadata/object.c:563)
0x00007ff8e649ddd7 (mono-2.0-bdwgc) ves_icall_System_Runtime_CompilerServices_RuntimeHelpers_RunClassConstructor (at C:/build/output/Unity-Technologies/mono/mono/metadata/icall.c:1292)
0x00007ff8e64cfebc (mono-2.0-bdwgc) ves_icall_System_Runtime_CompilerServices_RuntimeHelpers_RunClassConstructor_raw (at C:/build/output/Unity-Technologies/mono/mono/metadata/icall-def.h:756)
0x000002070f74f662 (Mono JIT Code) (wrapper managed-to-native) System.Runtime.CompilerServices.RuntimeHelpers:RunClassConstructor (intptr)
0x000002070f74f53b (Mono JIT Code) System.Runtime.CompilerServices.RuntimeHelpers:RunClassConstructor (System.RuntimeTypeHandle)
0x000002070f746103 (Mono JIT Code) UnityEditor.EditorAssemblies:ProcessInitializeOnLoadAttributes (System.Type[])
0x000002070f6ccc1b (Mono JIT Code) (wrapper runtime-invoke) <Module>:runtime_invoke_void_object (object,intptr,intptr,intptr)
0x00007ff8e6634b6e (mono-2.0-bdwgc) mono_jit_runtime_invoke (at C:/build/output/Unity-Technologies/mono/mono/mini/mini-runtime.c:3445)
0x00007ff8e656d204 (mono-2.0-bdwgc) do_runtime_invoke (at C:/build/output/Unity-Technologies/mono/mono/metadata/object.c:3066)
0x00007ff8e656d37c (mono-2.0-bdwgc) mono_runtime_invoke (at C:/build/output/Unity-Technologies/mono/mono/metadata/object.c:3113)
0x00007ff6eea71654 (Unity) scripting_method_invoke
0x00007ff6eea4f704 (Unity) ScriptingInvocation::Invoke
0x00007ff6eea4a345 (Unity) ScriptingInvocation::Invoke<void>
0x00007ff6eeb9d103 (Unity) Scripting::UnityEditor::EditorAssembliesProxy::ProcessInitializeOnLoadAttributes
0x00007ff6eea444c8 (Unity) MonoManager::SetupLoadedEditorAssemblies
0x00007ff6eea39e89 (Unity) MonoManager::FinalizeReload
0x00007ff6efe32efa (Unity) ScriptingInitializer::FinalizeReload
0x00007ff6ef9e01fb (Unity) LoadUserAssemblies
0x00007ff6efee182f (Unity) <lambda_e4c09a862f47a773e31babb76239f51f>::operator()
0x00007ff6eff1b5d2 (Unity) asio::detail::completion_handler<core::mutable_function<void __cdecl(void)>,asio::io_context::basic_executor_type<std::allocator<void>,0> >::do_complete
0x00007ff6eff0757e (Unity) asio::detail::win_iocp_io_context::do_one
0x00007ff6eff091ae (Unity) asio::detail::win_iocp_io_context::run
0x00007ff6eff1997c (Unity) IOService::Run
0x00007ff6efeedb9f (Unity) AssetImportWorkerClient::Run
0x00007ff6efeb8757 (Unity) RunAssetImportWorkerClientV2
0x00007ff6efeb87db (Unity) RunAssetImporterV2
0x00007ff6ef6b7da3 (Unity) Application::InitializeProject
0x00007ff6efb42ba5 (Unity) WinMain
0x00007ff6f0f2870e (Unity) __scrt_common_main_seh
0x00007ff961617344 (KERNEL32) BaseThreadInitThunk
0x00007ff961ee26b1 (ntdll) RtlUserThreadStart

GPGSUpgrader done
0x00007ff6eeb5a4bd (Unity) StackWalker::GetCurrentCallstack
0x00007ff6eeb5f469 (Unity) StackWalker::ShowCallstack
0x00007ff6efb36da1 (Unity) GetStacktrace
0x00007ff6f01f5782 (Unity) DebugStringToFile
0x00007ff6edaa9e76 (Unity) DebugLogHandler_CUSTOM_Internal_Log
0x0000020719f3acfa (Mono JIT Code) (wrapper managed-to-native) UnityEngine.DebugLogHandler:Internal_Log (UnityEngine.LogType,UnityEngine.LogOption,string,UnityEngine.Object)
0x0000020719f3a64b (Mono JIT Code) UnityEngine.DebugLogHandler:LogFormat (UnityEngine.LogType,UnityEngine.Object,string,object[])
0x0000020719f39b6e (Mono JIT Code) UnityEngine.Logger:Log (UnityEngine.LogType,object)
0x0000020719f397fd (Mono JIT Code) UnityEngine.Debug:Log (object)
0x0000020719f392a3 (Mono JIT Code) GooglePlayGames.Editor.GPGSUpgrader:.cctor () (at C:/GitHub/2DGames/DontTouchTheSpikes/Assets/GooglePlayGames/com.google.play.games/Editor/GPGSUpgrader.cs:57)
0x0000020719f39505 (Mono JIT Code) (wrapper runtime-invoke) object:runtime_invoke_void (object,intptr,intptr,intptr)
0x00007ff8e6634b6e (mono-2.0-bdwgc) mono_jit_runtime_invoke (at C:/build/output/Unity-Technologies/mono/mono/mini/mini-runtime.c:3445)
0x00007ff8e656d204 (mono-2.0-bdwgc) do_runtime_invoke (at C:/build/output/Unity-Technologies/mono/mono/metadata/object.c:3066)
0x00007ff8e6567fa9 (mono-2.0-bdwgc) mono_runtime_class_init_full (at C:/build/output/Unity-Technologies/mono/mono/metadata/object.c:563)
0x00007ff8e649ddd7 (mono-2.0-bdwgc) ves_icall_System_Runtime_CompilerServices_RuntimeHelpers_RunClassConstructor (at C:/build/output/Unity-Technologies/mono/mono/metadata/icall.c:1292)
0x00007ff8e64cfebc (mono-2.0-bdwgc) ves_icall_System_Runtime_CompilerServices_RuntimeHelpers_RunClassConstructor_raw (at C:/build/output/Unity-Technologies/mono/mono/metadata/icall-def.h:756)
0x000002070f74f662 (Mono JIT Code) (wrapper managed-to-native) System.Runtime.CompilerServices.RuntimeHelpers:RunClassConstructor (intptr)
0x000002070f74f53b (Mono JIT Code) System.Runtime.CompilerServices.RuntimeHelpers:RunClassConstructor (System.RuntimeTypeHandle)
0x000002070f746103 (Mono JIT Code) UnityEditor.EditorAssemblies:ProcessInitializeOnLoadAttributes (System.Type[])
0x000002070f6ccc1b (Mono JIT Code) (wrapper runtime-invoke) <Module>:runtime_invoke_void_object (object,intptr,intptr,intptr)
0x00007ff8e6634b6e (mono-2.0-bdwgc) mono_jit_runtime_invoke (at C:/build/output/Unity-Technologies/mono/mono/mini/mini-runtime.c:3445)
0x00007ff8e656d204 (mono-2.0-bdwgc) do_runtime_invoke (at C:/build/output/Unity-Technologies/mono/mono/metadata/object.c:3066)
0x00007ff8e656d37c (mono-2.0-bdwgc) mono_runtime_invoke (at C:/build/output/Unity-Technologies/mono/mono/metadata/object.c:3113)
0x00007ff6eea71654 (Unity) scripting_method_invoke
0x00007ff6eea4f704 (Unity) ScriptingInvocation::Invoke
0x00007ff6eea4a345 (Unity) ScriptingInvocation::Invoke<void>
0x00007ff6eeb9d103 (Unity) Scripting::UnityEditor::EditorAssembliesProxy::ProcessInitializeOnLoadAttributes
0x00007ff6eea444c8 (Unity) MonoManager::SetupLoadedEditorAssemblies
0x00007ff6eea39e89 (Unity) MonoManager::FinalizeReload
0x00007ff6efe32efa (Unity) ScriptingInitializer::FinalizeReload
0x00007ff6ef9e01fb (Unity) LoadUserAssemblies
0x00007ff6efee182f (Unity) <lambda_e4c09a862f47a773e31babb76239f51f>::operator()
0x00007ff6eff1b5d2 (Unity) asio::detail::completion_handler<core::mutable_function<void __cdecl(void)>,asio::io_context::basic_executor_type<std::allocator<void>,0> >::do_complete
0x00007ff6eff0757e (Unity) asio::detail::win_iocp_io_context::do_one
0x00007ff6eff091ae (Unity) asio::detail::win_iocp_io_context::run
0x00007ff6eff1997c (Unity) IOService::Run
0x00007ff6efeedb9f (Unity) AssetImportWorkerClient::Run
0x00007ff6efeb8757 (Unity) RunAssetImportWorkerClientV2
0x00007ff6efeb87db (Unity) RunAssetImporterV2
0x00007ff6ef6b7da3 (Unity) Application::InitializeProject
0x00007ff6efb42ba5 (Unity) WinMain
0x00007ff6f0f2870e (Unity) __scrt_common_main_seh
0x00007ff961617344 (KERNEL32) BaseThreadInitThunk
0x00007ff961ee26b1 (ntdll) RtlUserThreadStart

Package Manager log level set to [2]
[Package Manager] Server::EnsureServerProcessIsRunning -- launch failed, reason: Unity was launched with the -noUpm command-line argument
[Package Manager] UpmClient::Send -- Unable to send message (not connected to UPM process).
[Package Manager] Cannot connect to Unity Package Manager local server
Mono: successfully reloaded assembly
[Package Manager] Server::EnsureServerProcessIsRunning -- launch failed, reason: Unity was launched with the -noUpm command-line argument
[Package Manager] UpmClient::Send -- Unable to send message (not connected to UPM process).
[Package Manager] Cannot connect to Unity Package Manager local server
[Package Manager] Server::EnsureServerProcessIsRunning -- launch failed, reason: Unity was launched with the -noUpm command-line argument
[Package Manager] UpmClient::Send -- Unable to send message (not connected to UPM process).
[Package Manager] Cannot connect to Unity Package Manager local server
- Finished resetting the current domain, in  1.318 seconds
Domain Reload Profiling: 2295ms
	BeginReloadAssembly (185ms)
		ExecutionOrderSort (0ms)
		DisableScriptedObjects (6ms)
		BackupInstance (0ms)
		ReleaseScriptingObjects (0ms)
		CreateAndSetChildDomain (26ms)
	RebuildCommonClasses (38ms)
	RebuildNativeTypeToScriptingClass (11ms)
	initialDomainReloadingComplete (54ms)
	LoadAllAssembliesAndSetupDomain (688ms)
		LoadAssemblies (558ms)
		RebuildTransferFunctionScriptingTraits (0ms)
		AnalyzeDomain (241ms)
			TypeCache.Refresh (200ms)
				TypeCache.ScanAssembly (174ms)
			ScanForSourceGeneratedMonoScriptInfo (34ms)
			ResolveRequiredComponents (6ms)
	FinalizeReload (1319ms)
		ReleaseScriptCaches (0ms)
		RebuildScriptCaches (0ms)
		SetupLoadedEditorAssemblies (1103ms)
			LogAssemblyErrors (0ms)
			InitializePlatformSupportModulesInManaged (58ms)
			SetLoadedEditorAssemblies (11ms)
			RefreshPlugins (0ms)
			BeforeProcessingInitializeOnLoad (155ms)
			ProcessInitializeOnLoadAttributes (775ms)
			ProcessInitializeOnLoadMethodAttributes (93ms)
			AfterProcessingInitializeOnLoad (11ms)
			EditorAssembliesLoaded (0ms)
		ExecutionOrderSort2 (0ms)
		AwakeInstancesAfterBackupRestoration (15ms)
Launched and connected shader compiler UnityShaderCompiler.exe after 0.05 seconds
Refreshing native plugins compatible for Editor in 54.51 ms, found 4 plugins.
Preloading 0 native plugins for Editor in 0.00 ms.
Unloading 4515 Unused Serialized files (Serialized files now loaded: 0)
Unloading 184 unused Assets / (122.0 KB). Loaded Objects now: 4882.
Memory consumption went from 164.8 MB to 164.7 MB.
Total: 4.991800 ms (FindLiveObjects: 0.460600 ms CreateObjectMapping: 0.390600 ms MarkObjects: 3.886900 ms  DeleteObjects: 0.252500 ms)

AssetImportParameters requested are different than current active one (requested -> active):
  custom:container-demuxer-ogg: 62fdf1f143b41e24485cea50d1cbac27 -> 
  custom:video-decoder-ogg-theora: a1e56fd34408186e4bbccfd4996cb3dc -> 
  custom:framework-win-MediaFoundation: 216162199b28c13a410421893ffa2e32 -> 
  custom:CustomObjectIndexerAttribute: 756ad292c208cfabdd7b50bc23989ffe -> 
  custom:container-demuxer-webm: 4f35f7cbe854078d1ac9338744f61a02 -> 
  custom:container-muxer-webm: aa71ff27fc2769a1b78a27578f13a17b -> 
  custom:video-decoder-webm-vp8: 9c59270c3fd7afecdb556c50c9e8de78 -> 
  custom:SearchIndexIgnoredProperties: e643bd26f0fe6173181afceb89e7c659 -> 
  custom:AudioImporter_EditorPlatform: d09bf68614088b80899f8185d706f6e7 -> 
  custom:video-encoder-webm-vp8: eb34c28f22e8b96e1ab97ce403110664 -> 
  custom:audio-decoder-ogg-vorbis: bf7c407c2cedff20999df2af8eb42d56 -> 
  custom:audio-encoder-webm-vorbis: bf7c407c2cedff20999df2af8eb42d56 -> 
========================================================================
Received Import Request.
  Time since last request: 341332.873092 seconds.
  path: Assets/Scripts/Player.cs
  artifactKey: Guid(07737d5fdf7bec54a9012ee9ba5a6020) Importer(815301076,1909f56bfc062723c751e8b465ee728b)
Start importing Assets/Scripts/Player.cs using Guid(07737d5fdf7bec54a9012ee9ba5a6020) Importer(815301076,1909f56bfc062723c751e8b465ee728b)  -> (artifact id: '664edd6653e27f7f2b7fa646a2437657') in 0.003069 seconds
Number of updated asset objects reloaded before import = 0
Number of asset objects unloaded after import = 0
========================================================================
Received Import Request.
  Time since last request: 0.000033 seconds.
  path: Assets/Scripts/PlayerTrailEffect.cs
  artifactKey: Guid(a96d36fdb5f408f44839e05ba0aadea3) Importer(815301076,1909f56bfc062723c751e8b465ee728b)
Start importing Assets/Scripts/PlayerTrailEffect.cs using Guid(a96d36fdb5f408f44839e05ba0aadea3) Importer(815301076,1909f56bfc062723c751e8b465ee728b)  -> (artifact id: 'c20f6d9fb9d5d26a40fe8bd30d76101a') in 0.000539 seconds
Number of updated asset objects reloaded before import = 0
Number of asset objects unloaded after import = 0
========================================================================
Received Prepare
Begin MonoManager ReloadAssembly
- Loaded All Assemblies, in  1.321 seconds
Refreshing native plugins compatible for Editor in 44.56 ms, found 4 plugins.
Native extension for WindowsStandalone target not found
Native extension for iOS target not found
Native extension for Android target not found
Native extension for WebGL target not found
GPGSUpgrader start
0x00007ff6eeb5a4bd (Unity) StackWalker::GetCurrentCallstack
0x00007ff6eeb5f469 (Unity) StackWalker::ShowCallstack
0x00007ff6efb36da1 (Unity) GetStacktrace
0x00007ff6f01f5782 (Unity) DebugStringToFile
0x00007ff6edaa9e76 (Unity) DebugLogHandler_CUSTOM_Internal_Log
0x000002070f58990a (Mono JIT Code) (wrapper managed-to-native) UnityEngine.DebugLogHandler:Internal_Log (UnityEngine.LogType,UnityEngine.LogOption,string,UnityEngine.Object)
0x000002070f58925b (Mono JIT Code) UnityEngine.DebugLogHandler:LogFormat (UnityEngine.LogType,UnityEngine.Object,string,object[])
0x000002070f58877e (Mono JIT Code) UnityEngine.Logger:Log (UnityEngine.LogType,object)
0x000002070f58840d (Mono JIT Code) UnityEngine.Debug:Log (object)
0x000002070f587b83 (Mono JIT Code) GooglePlayGames.Editor.GPGSUpgrader:.cctor () (at C:/GitHub/2DGames/DontTouchTheSpikes/Assets/GooglePlayGames/com.google.play.games/Editor/GPGSUpgrader.cs:38)
0x000002070f588115 (Mono JIT Code) (wrapper runtime-invoke) object:runtime_invoke_void (object,intptr,intptr,intptr)
0x00007ff8e6634b6e (mono-2.0-bdwgc) mono_jit_runtime_invoke (at C:/build/output/Unity-Technologies/mono/mono/mini/mini-runtime.c:3445)
0x00007ff8e656d204 (mono-2.0-bdwgc) do_runtime_invoke (at C:/build/output/Unity-Technologies/mono/mono/metadata/object.c:3066)
0x00007ff8e6567fa9 (mono-2.0-bdwgc) mono_runtime_class_init_full (at C:/build/output/Unity-Technologies/mono/mono/metadata/object.c:563)
0x00007ff8e649ddd7 (mono-2.0-bdwgc) ves_icall_System_Runtime_CompilerServices_RuntimeHelpers_RunClassConstructor (at C:/build/output/Unity-Technologies/mono/mono/metadata/icall.c:1292)
0x00007ff8e64cfebc (mono-2.0-bdwgc) ves_icall_System_Runtime_CompilerServices_RuntimeHelpers_RunClassConstructor_raw (at C:/build/output/Unity-Technologies/mono/mono/metadata/icall-def.h:756)
0x000002070e144c22 (Mono JIT Code) (wrapper managed-to-native) System.Runtime.CompilerServices.RuntimeHelpers:RunClassConstructor (intptr)
0x000002070e144afb (Mono JIT Code) System.Runtime.CompilerServices.RuntimeHelpers:RunClassConstructor (System.RuntimeTypeHandle)
0x000002070e13ba33 (Mono JIT Code) UnityEditor.EditorAssemblies:ProcessInitializeOnLoadAttributes (System.Type[])
0x000002072149cc1b (Mono JIT Code) (wrapper runtime-invoke) <Module>:runtime_invoke_void_object (object,intptr,intptr,intptr)
0x00007ff8e6634b6e (mono-2.0-bdwgc) mono_jit_runtime_invoke (at C:/build/output/Unity-Technologies/mono/mono/mini/mini-runtime.c:3445)
0x00007ff8e656d204 (mono-2.0-bdwgc) do_runtime_invoke (at C:/build/output/Unity-Technologies/mono/mono/metadata/object.c:3066)
0x00007ff8e656d37c (mono-2.0-bdwgc) mono_runtime_invoke (at C:/build/output/Unity-Technologies/mono/mono/metadata/object.c:3113)
0x00007ff6eea71654 (Unity) scripting_method_invoke
0x00007ff6eea4f704 (Unity) ScriptingInvocation::Invoke
0x00007ff6eea4a345 (Unity) ScriptingInvocation::Invoke<void>
0x00007ff6eeb9d103 (Unity) Scripting::UnityEditor::EditorAssembliesProxy::ProcessInitializeOnLoadAttributes
0x00007ff6eea444c8 (Unity) MonoManager::SetupLoadedEditorAssemblies
0x00007ff6eea39e89 (Unity) MonoManager::FinalizeReload
0x00007ff6efe32efa (Unity) ScriptingInitializer::FinalizeReload
0x00007ff6ef9e01fb (Unity) LoadUserAssemblies
0x00007ff6efee1585 (Unity) <lambda_b37b41f03089e3cb3f55061bbc93253d>::operator()
0x00007ff6eff1b5d2 (Unity) asio::detail::completion_handler<core::mutable_function<void __cdecl(void)>,asio::io_context::basic_executor_type<std::allocator<void>,0> >::do_complete
0x00007ff6eff0757e (Unity) asio::detail::win_iocp_io_context::do_one
0x00007ff6eff091e4 (Unity) asio::detail::win_iocp_io_context::run
0x00007ff6eff1997c (Unity) IOService::Run
0x00007ff6efeedb9f (Unity) AssetImportWorkerClient::Run
0x00007ff6efeb8757 (Unity) RunAssetImportWorkerClientV2
0x00007ff6efeb87db (Unity) RunAssetImporterV2
0x00007ff6ef6b7da3 (Unity) Application::InitializeProject
0x00007ff6efb42ba5 (Unity) WinMain
0x00007ff6f0f2870e (Unity) __scrt_common_main_seh
0x00007ff961617344 (KERNEL32) BaseThreadInitThunk
0x00007ff961ee26b1 (ntdll) RtlUserThreadStart

GPGSUpgrader done
0x00007ff6eeb5a4bd (Unity) StackWalker::GetCurrentCallstack
0x00007ff6eeb5f469 (Unity) StackWalker::ShowCallstack
0x00007ff6efb36da1 (Unity) GetStacktrace
0x00007ff6f01f5782 (Unity) DebugStringToFile
0x00007ff6edaa9e76 (Unity) DebugLogHandler_CUSTOM_Internal_Log
0x000002070f58990a (Mono JIT Code) (wrapper managed-to-native) UnityEngine.DebugLogHandler:Internal_Log (UnityEngine.LogType,UnityEngine.LogOption,string,UnityEngine.Object)
0x000002070f58925b (Mono JIT Code) UnityEngine.DebugLogHandler:LogFormat (UnityEngine.LogType,UnityEngine.Object,string,object[])
0x000002070f58877e (Mono JIT Code) UnityEngine.Logger:Log (UnityEngine.LogType,object)
0x000002070f58840d (Mono JIT Code) UnityEngine.Debug:Log (object)
0x000002070f587eb3 (Mono JIT Code) GooglePlayGames.Editor.GPGSUpgrader:.cctor () (at C:/GitHub/2DGames/DontTouchTheSpikes/Assets/GooglePlayGames/com.google.play.games/Editor/GPGSUpgrader.cs:57)
0x000002070f588115 (Mono JIT Code) (wrapper runtime-invoke) object:runtime_invoke_void (object,intptr,intptr,intptr)
0x00007ff8e6634b6e (mono-2.0-bdwgc) mono_jit_runtime_invoke (at C:/build/output/Unity-Technologies/mono/mono/mini/mini-runtime.c:3445)
0x00007ff8e656d204 (mono-2.0-bdwgc) do_runtime_invoke (at C:/build/output/Unity-Technologies/mono/mono/metadata/object.c:3066)
0x00007ff8e6567fa9 (mono-2.0-bdwgc) mono_runtime_class_init_full (at C:/build/output/Unity-Technologies/mono/mono/metadata/object.c:563)
0x00007ff8e649ddd7 (mono-2.0-bdwgc) ves_icall_System_Runtime_CompilerServices_RuntimeHelpers_RunClassConstructor (at C:/build/output/Unity-Technologies/mono/mono/metadata/icall.c:1292)
0x00007ff8e64cfebc (mono-2.0-bdwgc) ves_icall_System_Runtime_CompilerServices_RuntimeHelpers_RunClassConstructor_raw (at C:/build/output/Unity-Technologies/mono/mono/metadata/icall-def.h:756)
0x000002070e144c22 (Mono JIT Code) (wrapper managed-to-native) System.Runtime.CompilerServices.RuntimeHelpers:RunClassConstructor (intptr)
0x000002070e144afb (Mono JIT Code) System.Runtime.CompilerServices.RuntimeHelpers:RunClassConstructor (System.RuntimeTypeHandle)
0x000002070e13ba33 (Mono JIT Code) UnityEditor.EditorAssemblies:ProcessInitializeOnLoadAttributes (System.Type[])
0x000002072149cc1b (Mono JIT Code) (wrapper runtime-invoke) <Module>:runtime_invoke_void_object (object,intptr,intptr,intptr)
0x00007ff8e6634b6e (mono-2.0-bdwgc) mono_jit_runtime_invoke (at C:/build/output/Unity-Technologies/mono/mono/mini/mini-runtime.c:3445)
0x00007ff8e656d204 (mono-2.0-bdwgc) do_runtime_invoke (at C:/build/output/Unity-Technologies/mono/mono/metadata/object.c:3066)
0x00007ff8e656d37c (mono-2.0-bdwgc) mono_runtime_invoke (at C:/build/output/Unity-Technologies/mono/mono/metadata/object.c:3113)
0x00007ff6eea71654 (Unity) scripting_method_invoke
0x00007ff6eea4f704 (Unity) ScriptingInvocation::Invoke
0x00007ff6eea4a345 (Unity) ScriptingInvocation::Invoke<void>
0x00007ff6eeb9d103 (Unity) Scripting::UnityEditor::EditorAssembliesProxy::ProcessInitializeOnLoadAttributes
0x00007ff6eea444c8 (Unity) MonoManager::SetupLoadedEditorAssemblies
0x00007ff6eea39e89 (Unity) MonoManager::FinalizeReload
0x00007ff6efe32efa (Unity) ScriptingInitializer::FinalizeReload
0x00007ff6ef9e01fb (Unity) LoadUserAssemblies
0x00007ff6efee1585 (Unity) <lambda_b37b41f03089e3cb3f55061bbc93253d>::operator()
0x00007ff6eff1b5d2 (Unity) asio::detail::completion_handler<core::mutable_function<void __cdecl(void)>,asio::io_context::basic_executor_type<std::allocator<void>,0> >::do_complete
0x00007ff6eff0757e (Unity) asio::detail::win_iocp_io_context::do_one
0x00007ff6eff091e4 (Unity) asio::detail::win_iocp_io_context::run
0x00007ff6eff1997c (Unity) IOService::Run
0x00007ff6efeedb9f (Unity) AssetImportWorkerClient::Run
0x00007ff6efeb8757 (Unity) RunAssetImportWorkerClientV2
0x00007ff6efeb87db (Unity) RunAssetImporterV2
0x00007ff6ef6b7da3 (Unity) Application::InitializeProject
0x00007ff6efb42ba5 (Unity) WinMain
0x00007ff6f0f2870e (Unity) __scrt_common_main_seh
0x00007ff961617344 (KERNEL32) BaseThreadInitThunk
0x00007ff961ee26b1 (ntdll) RtlUserThreadStart

[Package Manager] Server::EnsureServerProcessIsRunning -- launch failed, reason: Unity was launched with the -noUpm command-line argument
[Package Manager] UpmClient::Send -- Unable to send message (not connected to UPM process).
[Package Manager] Cannot connect to Unity Package Manager local server
Mono: successfully reloaded assembly
[Package Manager] Server::EnsureServerProcessIsRunning -- launch failed, reason: Unity was launched with the -noUpm command-line argument
[Package Manager] UpmClient::Send -- Unable to send message (not connected to UPM process).
[Package Manager] Cannot connect to Unity Package Manager local server
- Finished resetting the current domain, in 14.298 seconds
Domain Reload Profiling: 15612ms
	BeginReloadAssembly (426ms)
		ExecutionOrderSort (0ms)
		DisableScriptedObjects (59ms)
		BackupInstance (0ms)
		ReleaseScriptingObjects (0ms)
		CreateAndSetChildDomain (177ms)
	RebuildCommonClasses (43ms)
	RebuildNativeTypeToScriptingClass (12ms)
	initialDomainReloadingComplete (58ms)
	LoadAllAssembliesAndSetupDomain (774ms)
		LoadAssemblies (877ms)
		RebuildTransferFunctionScriptingTraits (0ms)
		AnalyzeDomain (23ms)
			TypeCache.Refresh (11ms)
				TypeCache.ScanAssembly (0ms)
			ScanForSourceGeneratedMonoScriptInfo (1ms)
			ResolveRequiredComponents (10ms)
	FinalizeReload (14299ms)
		ReleaseScriptCaches (0ms)
		RebuildScriptCaches (0ms)
		SetupLoadedEditorAssemblies (678ms)
			LogAssemblyErrors (0ms)
			InitializePlatformSupportModulesInManaged (46ms)
			SetLoadedEditorAssemblies (5ms)
			RefreshPlugins (0ms)
			BeforeProcessingInitializeOnLoad (139ms)
			ProcessInitializeOnLoadAttributes (440ms)
			ProcessInitializeOnLoadMethodAttributes (37ms)
			AfterProcessingInitializeOnLoad (10ms)
			EditorAssembliesLoaded (0ms)
		ExecutionOrderSort2 (0ms)
		AwakeInstancesAfterBackupRestoration (19ms)
Refreshing native plugins compatible for Editor in 51.91 ms, found 4 plugins.
Preloading 0 native plugins for Editor in 0.00 ms.
Unloading 4489 Unused Serialized files (Serialized files now loaded: 0)
Unloading 156 unused Assets / (96.0 KB). Loaded Objects now: 4887.
Memory consumption went from 159.8 MB to 159.7 MB.
Total: 3.737600 ms (FindLiveObjects: 0.349800 ms CreateObjectMapping: 0.331200 ms MarkObjects: 2.889800 ms  DeleteObjects: 0.165600 ms)

Prepare: number of updated asset objects reloaded= 0
AssetImportParameters requested are different than current active one (requested -> active):
  custom:container-demuxer-ogg: 62fdf1f143b41e24485cea50d1cbac27 -> 
  custom:video-decoder-ogg-theora: a1e56fd34408186e4bbccfd4996cb3dc -> 
  custom:framework-win-MediaFoundation: 216162199b28c13a410421893ffa2e32 -> 
  custom:CustomObjectIndexerAttribute: 756ad292c208cfabdd7b50bc23989ffe -> 
  custom:container-demuxer-webm: 4f35f7cbe854078d1ac9338744f61a02 -> 
  custom:container-muxer-webm: aa71ff27fc2769a1b78a27578f13a17b -> 
  custom:video-decoder-webm-vp8: 9c59270c3fd7afecdb556c50c9e8de78 -> 
  custom:SearchIndexIgnoredProperties: e643bd26f0fe6173181afceb89e7c659 -> 
  custom:AudioImporter_EditorPlatform: d09bf68614088b80899f8185d706f6e7 -> 
  custom:video-encoder-webm-vp8: eb34c28f22e8b96e1ab97ce403110664 -> 
  custom:audio-decoder-ogg-vorbis: bf7c407c2cedff20999df2af8eb42d56 -> 
  custom:audio-encoder-webm-vorbis: bf7c407c2cedff20999df2af8eb42d56 -> 
========================================================================
Received Prepare
Begin MonoManager ReloadAssembly
- Loaded All Assemblies, in  0.779 seconds
Refreshing native plugins compatible for Editor in 38.94 ms, found 4 plugins.
Native extension for WindowsStandalone target not found
Native extension for iOS target not found
Native extension for Android target not found
Native extension for WebGL target not found
GPGSUpgrader start
0x00007ff6eeb5a4bd (Unity) StackWalker::GetCurrentCallstack
0x00007ff6eeb5f469 (Unity) StackWalker::ShowCallstack
0x00007ff6efb36da1 (Unity) GetStacktrace
0x00007ff6f01f5782 (Unity) DebugStringToFile
0x00007ff6edaa9e76 (Unity) DebugLogHandler_CUSTOM_Internal_Log
0x000002070f29990a (Mono JIT Code) (wrapper managed-to-native) UnityEngine.DebugLogHandler:Internal_Log (UnityEngine.LogType,UnityEngine.LogOption,string,UnityEngine.Object)
0x000002070f29925b (Mono JIT Code) UnityEngine.DebugLogHandler:LogFormat (UnityEngine.LogType,UnityEngine.Object,string,object[])
0x000002070f29877e (Mono JIT Code) UnityEngine.Logger:Log (UnityEngine.LogType,object)
0x000002070f29840d (Mono JIT Code) UnityEngine.Debug:Log (object)
0x000002070f297b83 (Mono JIT Code) GooglePlayGames.Editor.GPGSUpgrader:.cctor () (at C:/GitHub/2DGames/DontTouchTheSpikes/Assets/GooglePlayGames/com.google.play.games/Editor/GPGSUpgrader.cs:38)
0x000002070f298115 (Mono JIT Code) (wrapper runtime-invoke) object:runtime_invoke_void (object,intptr,intptr,intptr)
0x00007ff8e6634b6e (mono-2.0-bdwgc) mono_jit_runtime_invoke (at C:/build/output/Unity-Technologies/mono/mono/mini/mini-runtime.c:3445)
0x00007ff8e656d204 (mono-2.0-bdwgc) do_runtime_invoke (at C:/build/output/Unity-Technologies/mono/mono/metadata/object.c:3066)
0x00007ff8e6567fa9 (mono-2.0-bdwgc) mono_runtime_class_init_full (at C:/build/output/Unity-Technologies/mono/mono/metadata/object.c:563)
0x00007ff8e649ddd7 (mono-2.0-bdwgc) ves_icall_System_Runtime_CompilerServices_RuntimeHelpers_RunClassConstructor (at C:/build/output/Unity-Technologies/mono/mono/metadata/icall.c:1292)
0x00007ff8e64cfebc (mono-2.0-bdwgc) ves_icall_System_Runtime_CompilerServices_RuntimeHelpers_RunClassConstructor_raw (at C:/build/output/Unity-Technologies/mono/mono/metadata/icall-def.h:756)
0x000002070cfd4c22 (Mono JIT Code) (wrapper managed-to-native) System.Runtime.CompilerServices.RuntimeHelpers:RunClassConstructor (intptr)
0x000002070cfd4afb (Mono JIT Code) System.Runtime.CompilerServices.RuntimeHelpers:RunClassConstructor (System.RuntimeTypeHandle)
0x000002070cfcba33 (Mono JIT Code) UnityEditor.EditorAssemblies:ProcessInitializeOnLoadAttributes (System.Type[])
0x000002070cbbcc1b (Mono JIT Code) (wrapper runtime-invoke) <Module>:runtime_invoke_void_object (object,intptr,intptr,intptr)
0x00007ff8e6634b6e (mono-2.0-bdwgc) mono_jit_runtime_invoke (at C:/build/output/Unity-Technologies/mono/mono/mini/mini-runtime.c:3445)
0x00007ff8e656d204 (mono-2.0-bdwgc) do_runtime_invoke (at C:/build/output/Unity-Technologies/mono/mono/metadata/object.c:3066)
0x00007ff8e656d37c (mono-2.0-bdwgc) mono_runtime_invoke (at C:/build/output/Unity-Technologies/mono/mono/metadata/object.c:3113)
0x00007ff6eea71654 (Unity) scripting_method_invoke
0x00007ff6eea4f704 (Unity) ScriptingInvocation::Invoke
0x00007ff6eea4a345 (Unity) ScriptingInvocation::Invoke<void>
0x00007ff6eeb9d103 (Unity) Scripting::UnityEditor::EditorAssembliesProxy::ProcessInitializeOnLoadAttributes
0x00007ff6eea444c8 (Unity) MonoManager::SetupLoadedEditorAssemblies
0x00007ff6eea39e89 (Unity) MonoManager::FinalizeReload
0x00007ff6efe32efa (Unity) ScriptingInitializer::FinalizeReload
0x00007ff6ef9e01fb (Unity) LoadUserAssemblies
0x00007ff6efee1585 (Unity) <lambda_b37b41f03089e3cb3f55061bbc93253d>::operator()
0x00007ff6eff1b5d2 (Unity) asio::detail::completion_handler<core::mutable_function<void __cdecl(void)>,asio::io_context::basic_executor_type<std::allocator<void>,0> >::do_complete
0x00007ff6eff0757e (Unity) asio::detail::win_iocp_io_context::do_one
0x00007ff6eff091e4 (Unity) asio::detail::win_iocp_io_context::run
0x00007ff6eff1997c (Unity) IOService::Run
0x00007ff6efeedb9f (Unity) AssetImportWorkerClient::Run
0x00007ff6efeb8757 (Unity) RunAssetImportWorkerClientV2
0x00007ff6efeb87db (Unity) RunAssetImporterV2
0x00007ff6ef6b7da3 (Unity) Application::InitializeProject
0x00007ff6efb42ba5 (Unity) WinMain
0x00007ff6f0f2870e (Unity) __scrt_common_main_seh
0x00007ff961617344 (KERNEL32) BaseThreadInitThunk
0x00007ff961ee26b1 (ntdll) RtlUserThreadStart

System.IO.IOException: Sharing violation on path C:\GitHub\2DGames\DontTouchTheSpikes\ProjectSettings\GooglePlayGameSettings.txt
  at System.IO.FileStream..ctor (System.String path, System.IO.FileMode mode, System.IO.FileAccess access, System.IO.FileShare share, System.Int32 bufferSize, System.Boolean anonymous, System.IO.FileOptions options) [0x0019e] in <834b2ded5dad441e8c7a4287897d63c7>:0 
  at System.IO.FileStream..ctor (System.String path, System.IO.FileMode mode, System.IO.FileAccess access, System.IO.FileShare share, System.Int32 bufferSize, System.IO.FileOptions options) [0x00000] in <834b2ded5dad441e8c7a4287897d63c7>:0 
  at (wrapper remoting-invoke-with-check) System.IO.FileStream..ctor(string,System.IO.FileMode,System.IO.FileAccess,System.IO.FileShare,int,System.IO.FileOptions)
  at System.IO.StreamReader..ctor (System.String path, System.Text.Encoding encoding, System.Boolean detectEncodingFromByteOrderMarks, System.Int32 bufferSize) [0x00055] in <834b2ded5dad441e8c7a4287897d63c7>:0 
  at System.IO.StreamReader..ctor (System.String path, System.Boolean detectEncodingFromByteOrderMarks) [0x00007] in <834b2ded5dad441e8c7a4287897d63c7>:0 
  at System.IO.StreamReader..ctor (System.String path) [0x00000] in <834b2ded5dad441e8c7a4287897d63c7>:0 
  at (wrapper remoting-invoke-with-check) System.IO.StreamReader..ctor(string)
  at GooglePlayGames.Editor.GPGSProjectSettings..ctor () [0x0007b] in C:\GitHub\2DGames\DontTouchTheSpikes\Assets\GooglePlayGames\com.google.play.games\Editor\GPGSProjectSettings.cs:70 
  at GooglePlayGames.Editor.GPGSProjectSettings.get_Instance () [0x0000e] in C:\GitHub\2DGames\DontTouchTheSpikes\Assets\GooglePlayGames\com.google.play.games\Editor\GPGSProjectSettings.cs:40 
  at GooglePlayGames.Editor.GPGSUpgrader..cctor () [0x00017] in C:\GitHub\2DGames\DontTouchTheSpikes\Assets\GooglePlayGames\com.google.play.games\Editor\GPGSUpgrader.cs:40 
0x00007ff6eeb5a4bd (Unity) StackWalker::GetCurrentCallstack
0x00007ff6eeb5f469 (Unity) StackWalker::ShowCallstack
0x00007ff6efb36da1 (Unity) GetStacktrace
0x00007ff6f01f5782 (Unity) DebugStringToFile
0x00007ff6edaa9e76 (Unity) DebugLogHandler_CUSTOM_Internal_Log
0x000002070f29990a (Mono JIT Code) (wrapper managed-to-native) UnityEngine.DebugLogHandler:Internal_Log (UnityEngine.LogType,UnityEngine.LogOption,string,UnityEngine.Object)
0x000002070f29925b (Mono JIT Code) UnityEngine.DebugLogHandler:LogFormat (UnityEngine.LogType,UnityEngine.Object,string,object[])
0x000002070f29877e (Mono JIT Code) UnityEngine.Logger:Log (UnityEngine.LogType,object)
0x000002070f303a6a (Mono JIT Code) UnityEngine.Debug:LogError (object)
0x000002070cfcbc4b (Mono JIT Code) UnityEditor.EditorAssemblies:ProcessInitializeOnLoadAttributes (System.Type[])
0x000002070cbbcc1b (Mono JIT Code) (wrapper runtime-invoke) <Module>:runtime_invoke_void_object (object,intptr,intptr,intptr)
0x00007ff8e6634b6e (mono-2.0-bdwgc) mono_jit_runtime_invoke (at C:/build/output/Unity-Technologies/mono/mono/mini/mini-runtime.c:3445)
0x00007ff8e656d204 (mono-2.0-bdwgc) do_runtime_invoke (at C:/build/output/Unity-Technologies/mono/mono/metadata/object.c:3066)
0x00007ff8e656d37c (mono-2.0-bdwgc) mono_runtime_invoke (at C:/build/output/Unity-Technologies/mono/mono/metadata/object.c:3113)
0x00007ff6eea71654 (Unity) scripting_method_invoke
0x00007ff6eea4f704 (Unity) ScriptingInvocation::Invoke
0x00007ff6eea4a345 (Unity) ScriptingInvocation::Invoke<void>
0x00007ff6eeb9d103 (Unity) Scripting::UnityEditor::EditorAssembliesProxy::ProcessInitializeOnLoadAttributes
0x00007ff6eea444c8 (Unity) MonoManager::SetupLoadedEditorAssemblies
0x00007ff6eea39e89 (Unity) MonoManager::FinalizeReload
0x00007ff6efe32efa (Unity) ScriptingInitializer::FinalizeReload
0x00007ff6ef9e01fb (Unity) LoadUserAssemblies
0x00007ff6efee1585 (Unity) <lambda_b37b41f03089e3cb3f55061bbc93253d>::operator()
0x00007ff6eff1b5d2 (Unity) asio::detail::completion_handler<core::mutable_function<void __cdecl(void)>,asio::io_context::basic_executor_type<std::allocator<void>,0> >::do_complete
0x00007ff6eff0757e (Unity) asio::detail::win_iocp_io_context::do_one
0x00007ff6eff091e4 (Unity) asio::detail::win_iocp_io_context::run
0x00007ff6eff1997c (Unity) IOService::Run
0x00007ff6efeedb9f (Unity) AssetImportWorkerClient::Run
0x00007ff6efeb8757 (Unity) RunAssetImportWorkerClientV2
0x00007ff6efeb87db (Unity) RunAssetImporterV2
0x00007ff6ef6b7da3 (Unity) Application::InitializeProject
0x00007ff6efb42ba5 (Unity) WinMain
0x00007ff6f0f2870e (Unity) __scrt_common_main_seh
0x00007ff961617344 (KERNEL32) BaseThreadInitThunk
0x00007ff961ee26b1 (ntdll) RtlUserThreadStart

[Package Manager] Server::EnsureServerProcessIsRunning -- launch failed, reason: Unity was launched with the -noUpm command-line argument
[Package Manager] UpmClient::Send -- Unable to send message (not connected to UPM process).
[Package Manager] Cannot connect to Unity Package Manager local server
Unable to write to 'ProjectSettings\GvhProjectSettings.xml' (System.IO.IOException: Sharing violation on path C:\GitHub\2DGames\DontTouchTheSpikes\ProjectSettings\GvhProjectSettings.xml
  at System.IO.FileStream..ctor (System.String path, System.IO.FileMode mode, System.IO.FileAccess access, System.IO.FileShare share, System.Int32 bufferSize, System.Boolean anonymous, System.IO.FileOptions options) [0x0019e] in <834b2ded5dad441e8c7a4287897d63c7>:0 
  at System.IO.FileStream..ctor (System.String path, System.IO.FileMode mode, System.IO.FileAccess access, System.IO.FileShare share, System.Int32 bufferSize, System.IO.FileOptions options) [0x00000] in <834b2ded5dad441e8c7a4287897d63c7>:0 
  at System.IO.FileStream..ctor (System.String path, System.IO.FileMode mode, System.IO.FileAccess access, System.IO.FileShare share, System.Int32 bufferSize, System.Boolean useAsync) [0x00000] in <834b2ded5dad441e8c7a4287897d63c7>:0 
  at (wrapper remoting-invoke-with-check) System.IO.FileStream..ctor(string,System.IO.FileMode,System.IO.FileAccess,System.IO.FileShare,int,bool)
  at System.Xml.XmlWriterSettings.CreateWriter (System.String outputFileName) [0x00051] in <cec8eb42eacd40439ca76aa290dad7e2>:0 
  at System.Xml.XmlWriter.Create (System.String outputFileName, System.Xml.XmlWriterSettings settings) [0x0000a] in <cec8eb42eacd40439ca76aa290dad7e2>:0 
  at Google.ProjectSettings.Save () [0x0006d] in /Users/chkuang/Workspace/git/unity-jar-resolver/source/VersionHandlerImpl/src/ProjectSettings.cs:821 , Project settings were not saved!
0x00007ff6eeb5a4bd (Unity) StackWalker::GetCurrentCallstack
0x00007ff6eeb5f469 (Unity) StackWalker::ShowCallstack
0x00007ff6efb36da1 (Unity) GetStacktrace
0x00007ff6f01f5782 (Unity) DebugStringToFile
0x00007ff6edaa9e76 (Unity) DebugLogHandler_CUSTOM_Internal_Log
0x000002070f29990a (Mono JIT Code) (wrapper managed-to-native) UnityEngine.DebugLogHandler:Internal_Log (UnityEngine.LogType,UnityEngine.LogOption,string,UnityEngine.Object)
0x000002070f29925b (Mono JIT Code) UnityEngine.DebugLogHandler:LogFormat (UnityEngine.LogType,UnityEngine.Object,string,object[])
0x000002070f29877e (Mono JIT Code) UnityEngine.Logger:Log (UnityEngine.LogType,object)
0x000002070f303a6a (Mono JIT Code) UnityEngine.Debug:LogError (object)
0x000002070f86db53 (Mono JIT Code) Google.Logger:Log (string,Google.LogLevel) (at /Users/chkuang/Workspace/git/unity-jar-resolver/source/VersionHandlerImpl/src/Logger.cs:137)
0x000002070fcf6935 (Mono JIT Code) Google.ProjectSettings:Save () (at /Users/chkuang/Workspace/git/unity-jar-resolver/source/VersionHandlerImpl/src/ProjectSettings.cs:847)
0x000002070fcf5823 (Mono JIT Code) Google.ProjectSettings:SetBool (string,bool,Google.SettingsLocation) (at /Users/chkuang/Workspace/git/unity-jar-resolver/source/VersionHandlerImpl/src/ProjectSettings.cs:485)
0x000002070fcf563b (Mono JIT Code) Google.ProjectSettings:SetBool (string,bool) (at /Users/chkuang/Workspace/git/unity-jar-resolver/source/VersionHandlerImpl/src/ProjectSettings.cs:498)
0x000002070fcf54eb (Mono JIT Code) Google.IOSResolver:set_VerboseLoggingEnabled (bool) (at /Users/chkuang/Workspace/git/unity-jar-resolver/source/IOSResolver/src/IOSResolver.cs:999)
0x000002070fce7a7b (Mono JIT Code) Google.IOSResolver:.cctor () (at /Users/chkuang/Workspace/git/unity-jar-resolver/source/IOSResolver/src/IOSResolver.cs:698)
0x000002070fce7e45 (Mono JIT Code) (wrapper runtime-invoke) object:runtime_invoke_void (object,intptr,intptr,intptr)
0x00007ff8e6634b6e (mono-2.0-bdwgc) mono_jit_runtime_invoke (at C:/build/output/Unity-Technologies/mono/mono/mini/mini-runtime.c:3445)
0x00007ff8e656d204 (mono-2.0-bdwgc) do_runtime_invoke (at C:/build/output/Unity-Technologies/mono/mono/metadata/object.c:3066)
0x00007ff8e6567fa9 (mono-2.0-bdwgc) mono_runtime_class_init_full (at C:/build/output/Unity-Technologies/mono/mono/metadata/object.c:563)
0x00007ff8e649ddd7 (mono-2.0-bdwgc) ves_icall_System_Runtime_CompilerServices_RuntimeHelpers_RunClassConstructor (at C:/build/output/Unity-Technologies/mono/mono/metadata/icall.c:1292)
0x00007ff8e64cfebc (mono-2.0-bdwgc) ves_icall_System_Runtime_CompilerServices_RuntimeHelpers_RunClassConstructor_raw (at C:/build/output/Unity-Technologies/mono/mono/metadata/icall-def.h:756)
0x000002070cfd4c22 (Mono JIT Code) (wrapper managed-to-native) System.Runtime.CompilerServices.RuntimeHelpers:RunClassConstructor (intptr)
0x000002070cfd4afb (Mono JIT Code) System.Runtime.CompilerServices.RuntimeHelpers:RunClassConstructor (System.RuntimeTypeHandle)
0x000002070cfcba33 (Mono JIT Code) UnityEditor.EditorAssemblies:ProcessInitializeOnLoadAttributes (System.Type[])
0x000002070cbbcc1b (Mono JIT Code) (wrapper runtime-invoke) <Module>:runtime_invoke_void_object (object,intptr,intptr,intptr)
0x00007ff8e6634b6e (mono-2.0-bdwgc) mono_jit_runtime_invoke (at C:/build/output/Unity-Technologies/mono/mono/mini/mini-runtime.c:3445)
0x00007ff8e656d204 (mono-2.0-bdwgc) do_runtime_invoke (at C:/build/output/Unity-Technologies/mono/mono/metadata/object.c:3066)
0x00007ff8e656d37c (mono-2.0-bdwgc) mono_runtime_invoke (at C:/build/output/Unity-Technologies/mono/mono/metadata/object.c:3113)
0x00007ff6eea71654 (Unity) scripting_method_invoke
0x00007ff6eea4f704 (Unity) ScriptingInvocation::Invoke
0x00007ff6eea4a345 (Unity) ScriptingInvocation::Invoke<void>
0x00007ff6eeb9d103 (Unity) Scripting::UnityEditor::EditorAssembliesProxy::ProcessInitializeOnLoadAttributes
0x00007ff6eea444c8 (Unity) MonoManager::SetupLoadedEditorAssemblies
0x00007ff6eea39e89 (Unity) MonoManager::FinalizeReload
0x00007ff6efe32efa (Unity) ScriptingInitializer::FinalizeReload
0x00007ff6ef9e01fb (Unity) LoadUserAssemblies
0x00007ff6efee1585 (Unity) <lambda_b37b41f03089e3cb3f55061bbc93253d>::operator()
0x00007ff6eff1b5d2 (Unity) asio::detail::completion_handler<core::mutable_function<void __cdecl(void)>,asio::io_context::basic_executor_type<std::allocator<void>,0> >::do_complete
0x00007ff6eff0757e (Unity) asio::detail::win_iocp_io_context::do_one
0x00007ff6eff091e4 (Unity) asio::detail::win_iocp_io_context::run
0x00007ff6eff1997c (Unity) IOService::Run
0x00007ff6efeedb9f (Unity) AssetImportWorkerClient::Run
0x00007ff6efeb8757 (Unity) RunAssetImportWorkerClientV2
0x00007ff6efeb87db (Unity) RunAssetImporterV2
0x00007ff6ef6b7da3 (Unity) Application::InitializeProject
0x00007ff6efb42ba5 (Unity) WinMain
0x00007ff6f0f2870e (Unity) __scrt_common_main_seh
0x00007ff961617344 (KERNEL32) BaseThreadInitThunk
0x00007ff961ee26b1 (ntdll) RtlUserThreadStart

Mono: successfully reloaded assembly
[Package Manager] Server::EnsureServerProcessIsRunning -- launch failed, reason: Unity was launched with the -noUpm command-line argument
[Package Manager] UpmClient::Send -- Unable to send message (not connected to UPM process).
[Package Manager] Cannot connect to Unity Package Manager local server
- Finished resetting the current domain, in  1.782 seconds
Domain Reload Profiling: 2553ms
	BeginReloadAssembly (223ms)
		ExecutionOrderSort (0ms)
		DisableScriptedObjects (16ms)
		BackupInstance (0ms)
		ReleaseScriptingObjects (0ms)
		CreateAndSetChildDomain (38ms)
	RebuildCommonClasses (46ms)
	RebuildNativeTypeToScriptingClass (15ms)
	initialDomainReloadingComplete (47ms)
	LoadAllAssembliesAndSetupDomain (439ms)
		LoadAssemblies (551ms)
		RebuildTransferFunctionScriptingTraits (0ms)
		AnalyzeDomain (19ms)
			TypeCache.Refresh (8ms)
				TypeCache.ScanAssembly (0ms)
			ScanForSourceGeneratedMonoScriptInfo (0ms)
			ResolveRequiredComponents (9ms)
	FinalizeReload (1783ms)
		ReleaseScriptCaches (0ms)
		RebuildScriptCaches (0ms)
		SetupLoadedEditorAssemblies (827ms)
			LogAssemblyErrors (0ms)
			InitializePlatformSupportModulesInManaged (58ms)
			SetLoadedEditorAssemblies (7ms)
			RefreshPlugins (0ms)
			BeforeProcessingInitializeOnLoad (183ms)
			ProcessInitializeOnLoadAttributes (513ms)
			ProcessInitializeOnLoadMethodAttributes (53ms)
			AfterProcessingInitializeOnLoad (13ms)
			EditorAssembliesLoaded (0ms)
		ExecutionOrderSort2 (0ms)
		AwakeInstancesAfterBackupRestoration (24ms)
Refreshing native plugins compatible for Editor in 65.21 ms, found 4 plugins.
Preloading 0 native plugins for Editor in 0.00 ms.
Unloading 4490 Unused Serialized files (Serialized files now loaded: 0)
Unloading 156 unused Assets / (96.0 KB). Loaded Objects now: 4891.
Memory consumption went from 162.1 MB to 162.0 MB.
Total: 4.120800 ms (FindLiveObjects: 0.360700 ms CreateObjectMapping: 0.475000 ms MarkObjects: 3.099800 ms  DeleteObjects: 0.184300 ms)

Prepare: number of updated asset objects reloaded= 0
AssetImportParameters requested are different than current active one (requested -> active):
  custom:container-demuxer-ogg: 62fdf1f143b41e24485cea50d1cbac27 -> 
  custom:video-decoder-ogg-theora: a1e56fd34408186e4bbccfd4996cb3dc -> 
  custom:framework-win-MediaFoundation: 216162199b28c13a410421893ffa2e32 -> 
  custom:CustomObjectIndexerAttribute: 756ad292c208cfabdd7b50bc23989ffe -> 
  custom:container-demuxer-webm: 4f35f7cbe854078d1ac9338744f61a02 -> 
  custom:container-muxer-webm: aa71ff27fc2769a1b78a27578f13a17b -> 
  custom:video-decoder-webm-vp8: 9c59270c3fd7afecdb556c50c9e8de78 -> 
  custom:SearchIndexIgnoredProperties: e643bd26f0fe6173181afceb89e7c659 -> 
  custom:AudioImporter_EditorPlatform: d09bf68614088b80899f8185d706f6e7 -> 
  custom:video-encoder-webm-vp8: eb34c28f22e8b96e1ab97ce403110664 -> 
  custom:audio-decoder-ogg-vorbis: bf7c407c2cedff20999df2af8eb42d56 -> 
  custom:audio-encoder-webm-vorbis: bf7c407c2cedff20999df2af8eb42d56 -> 
========================================================================
Received Prepare
Begin MonoManager ReloadAssembly
- Loaded All Assemblies, in  0.785 seconds
Refreshing native plugins compatible for Editor in 37.48 ms, found 4 plugins.
Native extension for WindowsStandalone target not found
Native extension for iOS target not found
Native extension for Android target not found
Native extension for WebGL target not found
GPGSUpgrader start
0x00007ff6eeb5a4bd (Unity) StackWalker::GetCurrentCallstack
0x00007ff6eeb5f469 (Unity) StackWalker::ShowCallstack
0x00007ff6efb36da1 (Unity) GetStacktrace
0x00007ff6f01f5782 (Unity) DebugStringToFile
0x00007ff6edaa9e76 (Unity) DebugLogHandler_CUSTOM_Internal_Log
0x000002070f5a990a (Mono JIT Code) (wrapper managed-to-native) UnityEngine.DebugLogHandler:Internal_Log (UnityEngine.LogType,UnityEngine.LogOption,string,UnityEngine.Object)
0x000002070f5a925b (Mono JIT Code) UnityEngine.DebugLogHandler:LogFormat (UnityEngine.LogType,UnityEngine.Object,string,object[])
0x000002070f5a877e (Mono JIT Code) UnityEngine.Logger:Log (UnityEngine.LogType,object)
0x000002070f5a840d (Mono JIT Code) UnityEngine.Debug:Log (object)
0x000002070f5a7b83 (Mono JIT Code) GooglePlayGames.Editor.GPGSUpgrader:.cctor () (at C:/GitHub/2DGames/DontTouchTheSpikes/Assets/GooglePlayGames/com.google.play.games/Editor/GPGSUpgrader.cs:38)
0x000002070f5a8115 (Mono JIT Code) (wrapper runtime-invoke) object:runtime_invoke_void (object,intptr,intptr,intptr)
0x00007ff8e6634b6e (mono-2.0-bdwgc) mono_jit_runtime_invoke (at C:/build/output/Unity-Technologies/mono/mono/mini/mini-runtime.c:3445)
0x00007ff8e656d204 (mono-2.0-bdwgc) do_runtime_invoke (at C:/build/output/Unity-Technologies/mono/mono/metadata/object.c:3066)
0x00007ff8e6567fa9 (mono-2.0-bdwgc) mono_runtime_class_init_full (at C:/build/output/Unity-Technologies/mono/mono/metadata/object.c:563)
0x00007ff8e649ddd7 (mono-2.0-bdwgc) ves_icall_System_Runtime_CompilerServices_RuntimeHelpers_RunClassConstructor (at C:/build/output/Unity-Technologies/mono/mono/metadata/icall.c:1292)
0x00007ff8e64cfebc (mono-2.0-bdwgc) ves_icall_System_Runtime_CompilerServices_RuntimeHelpers_RunClassConstructor_raw (at C:/build/output/Unity-Technologies/mono/mono/metadata/icall-def.h:756)
0x000002070e114612 (Mono JIT Code) (wrapper managed-to-native) System.Runtime.CompilerServices.RuntimeHelpers:RunClassConstructor (intptr)
0x000002070e1144eb (Mono JIT Code) System.Runtime.CompilerServices.RuntimeHelpers:RunClassConstructor (System.RuntimeTypeHandle)
0x000002070e10b433 (Mono JIT Code) UnityEditor.EditorAssemblies:ProcessInitializeOnLoadAttributes (System.Type[])
0x000002070f86cc1b (Mono JIT Code) (wrapper runtime-invoke) <Module>:runtime_invoke_void_object (object,intptr,intptr,intptr)
0x00007ff8e6634b6e (mono-2.0-bdwgc) mono_jit_runtime_invoke (at C:/build/output/Unity-Technologies/mono/mono/mini/mini-runtime.c:3445)
0x00007ff8e656d204 (mono-2.0-bdwgc) do_runtime_invoke (at C:/build/output/Unity-Technologies/mono/mono/metadata/object.c:3066)
0x00007ff8e656d37c (mono-2.0-bdwgc) mono_runtime_invoke (at C:/build/output/Unity-Technologies/mono/mono/metadata/object.c:3113)
0x00007ff6eea71654 (Unity) scripting_method_invoke
0x00007ff6eea4f704 (Unity) ScriptingInvocation::Invoke
0x00007ff6eea4a345 (Unity) ScriptingInvocation::Invoke<void>
0x00007ff6eeb9d103 (Unity) Scripting::UnityEditor::EditorAssembliesProxy::ProcessInitializeOnLoadAttributes
0x00007ff6eea444c8 (Unity) MonoManager::SetupLoadedEditorAssemblies
0x00007ff6eea39e89 (Unity) MonoManager::FinalizeReload
0x00007ff6efe32efa (Unity) ScriptingInitializer::FinalizeReload
0x00007ff6ef9e01fb (Unity) LoadUserAssemblies
0x00007ff6efee1585 (Unity) <lambda_b37b41f03089e3cb3f55061bbc93253d>::operator()
0x00007ff6eff1b5d2 (Unity) asio::detail::completion_handler<core::mutable_function<void __cdecl(void)>,asio::io_context::basic_executor_type<std::allocator<void>,0> >::do_complete
0x00007ff6eff0757e (Unity) asio::detail::win_iocp_io_context::do_one
0x00007ff6eff091e4 (Unity) asio::detail::win_iocp_io_context::run
0x00007ff6eff1997c (Unity) IOService::Run
0x00007ff6efeedb9f (Unity) AssetImportWorkerClient::Run
0x00007ff6efeb8757 (Unity) RunAssetImportWorkerClientV2
0x00007ff6efeb87db (Unity) RunAssetImporterV2
0x00007ff6ef6b7da3 (Unity) Application::InitializeProject
0x00007ff6efb42ba5 (Unity) WinMain
0x00007ff6f0f2870e (Unity) __scrt_common_main_seh
0x00007ff961617344 (KERNEL32) BaseThreadInitThunk
0x00007ff961ee26b1 (ntdll) RtlUserThreadStart

GPGSUpgrader done
0x00007ff6eeb5a4bd (Unity) StackWalker::GetCurrentCallstack
0x00007ff6eeb5f469 (Unity) StackWalker::ShowCallstack
0x00007ff6efb36da1 (Unity) GetStacktrace
0x00007ff6f01f5782 (Unity) DebugStringToFile
0x00007ff6edaa9e76 (Unity) DebugLogHandler_CUSTOM_Internal_Log
0x000002070f5a990a (Mono JIT Code) (wrapper managed-to-native) UnityEngine.DebugLogHandler:Internal_Log (UnityEngine.LogType,UnityEngine.LogOption,string,UnityEngine.Object)
0x000002070f5a925b (Mono JIT Code) UnityEngine.DebugLogHandler:LogFormat (UnityEngine.LogType,UnityEngine.Object,string,object[])
0x000002070f5a877e (Mono JIT Code) UnityEngine.Logger:Log (UnityEngine.LogType,object)
0x000002070f5a840d (Mono JIT Code) UnityEngine.Debug:Log (object)
0x000002070f5a7eb3 (Mono JIT Code) GooglePlayGames.Editor.GPGSUpgrader:.cctor () (at C:/GitHub/2DGames/DontTouchTheSpikes/Assets/GooglePlayGames/com.google.play.games/Editor/GPGSUpgrader.cs:57)
0x000002070f5a8115 (Mono JIT Code) (wrapper runtime-invoke) object:runtime_invoke_void (object,intptr,intptr,intptr)
0x00007ff8e6634b6e (mono-2.0-bdwgc) mono_jit_runtime_invoke (at C:/build/output/Unity-Technologies/mono/mono/mini/mini-runtime.c:3445)
0x00007ff8e656d204 (mono-2.0-bdwgc) do_runtime_invoke (at C:/build/output/Unity-Technologies/mono/mono/metadata/object.c:3066)
0x00007ff8e6567fa9 (mono-2.0-bdwgc) mono_runtime_class_init_full (at C:/build/output/Unity-Technologies/mono/mono/metadata/object.c:563)
0x00007ff8e649ddd7 (mono-2.0-bdwgc) ves_icall_System_Runtime_CompilerServices_RuntimeHelpers_RunClassConstructor (at C:/build/output/Unity-Technologies/mono/mono/metadata/icall.c:1292)
0x00007ff8e64cfebc (mono-2.0-bdwgc) ves_icall_System_Runtime_CompilerServices_RuntimeHelpers_RunClassConstructor_raw (at C:/build/output/Unity-Technologies/mono/mono/metadata/icall-def.h:756)
0x000002070e114612 (Mono JIT Code) (wrapper managed-to-native) System.Runtime.CompilerServices.RuntimeHelpers:RunClassConstructor (intptr)
0x000002070e1144eb (Mono JIT Code) System.Runtime.CompilerServices.RuntimeHelpers:RunClassConstructor (System.RuntimeTypeHandle)
0x000002070e10b433 (Mono JIT Code) UnityEditor.EditorAssemblies:ProcessInitializeOnLoadAttributes (System.Type[])
0x000002070f86cc1b (Mono JIT Code) (wrapper runtime-invoke) <Module>:runtime_invoke_void_object (object,intptr,intptr,intptr)
0x00007ff8e6634b6e (mono-2.0-bdwgc) mono_jit_runtime_invoke (at C:/build/output/Unity-Technologies/mono/mono/mini/mini-runtime.c:3445)
0x00007ff8e656d204 (mono-2.0-bdwgc) do_runtime_invoke (at C:/build/output/Unity-Technologies/mono/mono/metadata/object.c:3066)
0x00007ff8e656d37c (mono-2.0-bdwgc) mono_runtime_invoke (at C:/build/output/Unity-Technologies/mono/mono/metadata/object.c:3113)
0x00007ff6eea71654 (Unity) scripting_method_invoke
0x00007ff6eea4f704 (Unity) ScriptingInvocation::Invoke
0x00007ff6eea4a345 (Unity) ScriptingInvocation::Invoke<void>
0x00007ff6eeb9d103 (Unity) Scripting::UnityEditor::EditorAssembliesProxy::ProcessInitializeOnLoadAttributes
0x00007ff6eea444c8 (Unity) MonoManager::SetupLoadedEditorAssemblies
0x00007ff6eea39e89 (Unity) MonoManager::FinalizeReload
0x00007ff6efe32efa (Unity) ScriptingInitializer::FinalizeReload
0x00007ff6ef9e01fb (Unity) LoadUserAssemblies
0x00007ff6efee1585 (Unity) <lambda_b37b41f03089e3cb3f55061bbc93253d>::operator()
0x00007ff6eff1b5d2 (Unity) asio::detail::completion_handler<core::mutable_function<void __cdecl(void)>,asio::io_context::basic_executor_type<std::allocator<void>,0> >::do_complete
0x00007ff6eff0757e (Unity) asio::detail::win_iocp_io_context::do_one
0x00007ff6eff091e4 (Unity) asio::detail::win_iocp_io_context::run
0x00007ff6eff1997c (Unity) IOService::Run
0x00007ff6efeedb9f (Unity) AssetImportWorkerClient::Run
0x00007ff6efeb8757 (Unity) RunAssetImportWorkerClientV2
0x00007ff6efeb87db (Unity) RunAssetImporterV2
0x00007ff6ef6b7da3 (Unity) Application::InitializeProject
0x00007ff6efb42ba5 (Unity) WinMain
0x00007ff6f0f2870e (Unity) __scrt_common_main_seh
0x00007ff961617344 (KERNEL32) BaseThreadInitThunk
0x00007ff961ee26b1 (ntdll) RtlUserThreadStart

[Package Manager] Server::EnsureServerProcessIsRunning -- launch failed, reason: Unity was launched with the -noUpm command-line argument
[Package Manager] UpmClient::Send -- Unable to send message (not connected to UPM process).
[Package Manager] Cannot connect to Unity Package Manager local server
Mono: successfully reloaded assembly
[Package Manager] Server::EnsureServerProcessIsRunning -- launch failed, reason: Unity was launched with the -noUpm command-line argument
[Package Manager] UpmClient::Send -- Unable to send message (not connected to UPM process).
[Package Manager] Cannot connect to Unity Package Manager local server
- Finished resetting the current domain, in  1.746 seconds
Domain Reload Profiling: 2523ms
	BeginReloadAssembly (235ms)
		ExecutionOrderSort (0ms)
		DisableScriptedObjects (12ms)
		BackupInstance (0ms)
		ReleaseScriptingObjects (0ms)
		CreateAndSetChildDomain (46ms)
	RebuildCommonClasses (45ms)
	RebuildNativeTypeToScriptingClass (16ms)
	initialDomainReloadingComplete (47ms)
	LoadAllAssembliesAndSetupDomain (434ms)
		LoadAssemblies (559ms)
		RebuildTransferFunctionScriptingTraits (0ms)
		AnalyzeDomain (15ms)
			TypeCache.Refresh (8ms)
				TypeCache.ScanAssembly (0ms)
			ScanForSourceGeneratedMonoScriptInfo (0ms)
			ResolveRequiredComponents (6ms)
	FinalizeReload (1746ms)
		ReleaseScriptCaches (0ms)
		RebuildScriptCaches (0ms)
		SetupLoadedEditorAssemblies (820ms)
			LogAssemblyErrors (0ms)
			InitializePlatformSupportModulesInManaged (57ms)
			SetLoadedEditorAssemblies (8ms)
			RefreshPlugins (0ms)
			BeforeProcessingInitializeOnLoad (184ms)
			ProcessInitializeOnLoadAttributes (505ms)
			ProcessInitializeOnLoadMethodAttributes (53ms)
			AfterProcessingInitializeOnLoad (13ms)
			EditorAssembliesLoaded (1ms)
		ExecutionOrderSort2 (0ms)
		AwakeInstancesAfterBackupRestoration (26ms)
Refreshing native plugins compatible for Editor in 56.35 ms, found 4 plugins.
Preloading 0 native plugins for Editor in 0.00 ms.
Unloading 4490 Unused Serialized files (Serialized files now loaded: 0)
Unloading 156 unused Assets / (96.1 KB). Loaded Objects now: 4895.
Memory consumption went from 164.0 MB to 163.9 MB.
Total: 3.826300 ms (FindLiveObjects: 0.337400 ms CreateObjectMapping: 0.471300 ms MarkObjects: 2.859800 ms  DeleteObjects: 0.156900 ms)

Prepare: number of updated asset objects reloaded= 0
AssetImportParameters requested are different than current active one (requested -> active):
  custom:container-demuxer-ogg: 62fdf1f143b41e24485cea50d1cbac27 -> 
  custom:video-decoder-ogg-theora: a1e56fd34408186e4bbccfd4996cb3dc -> 
  custom:framework-win-MediaFoundation: 216162199b28c13a410421893ffa2e32 -> 
  custom:CustomObjectIndexerAttribute: 756ad292c208cfabdd7b50bc23989ffe -> 
  custom:container-demuxer-webm: 4f35f7cbe854078d1ac9338744f61a02 -> 
  custom:container-muxer-webm: aa71ff27fc2769a1b78a27578f13a17b -> 
  custom:video-decoder-webm-vp8: 9c59270c3fd7afecdb556c50c9e8de78 -> 
  custom:SearchIndexIgnoredProperties: e643bd26f0fe6173181afceb89e7c659 -> 
  custom:AudioImporter_EditorPlatform: d09bf68614088b80899f8185d706f6e7 -> 
  custom:video-encoder-webm-vp8: eb34c28f22e8b96e1ab97ce403110664 -> 
  custom:audio-decoder-ogg-vorbis: bf7c407c2cedff20999df2af8eb42d56 -> 
  custom:audio-encoder-webm-vorbis: bf7c407c2cedff20999df2af8eb42d56 -> 
========================================================================
Received Prepare
Begin MonoManager ReloadAssembly
- Loaded All Assemblies, in  5.173 seconds
Refreshing native plugins compatible for Editor in 44.22 ms, found 4 plugins.
Native extension for WindowsStandalone target not found
Native extension for iOS target not found
Native extension for Android target not found
Native extension for WebGL target not found
GPGSUpgrader start
0x00007ff6eeb5a4bd (Unity) StackWalker::GetCurrentCallstack
0x00007ff6eeb5f469 (Unity) StackWalker::ShowCallstack
0x00007ff6efb36da1 (Unity) GetStacktrace
0x00007ff6f01f5782 (Unity) DebugStringToFile
0x00007ff6edaa9e76 (Unity) DebugLogHandler_CUSTOM_Internal_Log
0x000002070f57990a (Mono JIT Code) (wrapper managed-to-native) UnityEngine.DebugLogHandler:Internal_Log (UnityEngine.LogType,UnityEngine.LogOption,string,UnityEngine.Object)
0x000002070f57925b (Mono JIT Code) UnityEngine.DebugLogHandler:LogFormat (UnityEngine.LogType,UnityEngine.Object,string,object[])
0x000002070f57877e (Mono JIT Code) UnityEngine.Logger:Log (UnityEngine.LogType,object)
0x000002070f57840d (Mono JIT Code) UnityEngine.Debug:Log (object)
0x000002070f577b83 (Mono JIT Code) GooglePlayGames.Editor.GPGSUpgrader:.cctor () (at C:/GitHub/2DGames/DontTouchTheSpikes/Assets/GooglePlayGames/com.google.play.games/Editor/GPGSUpgrader.cs:38)
0x000002070f578115 (Mono JIT Code) (wrapper runtime-invoke) object:runtime_invoke_void (object,intptr,intptr,intptr)
0x00007ff8e6634b6e (mono-2.0-bdwgc) mono_jit_runtime_invoke (at C:/build/output/Unity-Technologies/mono/mono/mini/mini-runtime.c:3445)
0x00007ff8e656d204 (mono-2.0-bdwgc) do_runtime_invoke (at C:/build/output/Unity-Technologies/mono/mono/metadata/object.c:3066)
0x00007ff8e6567fa9 (mono-2.0-bdwgc) mono_runtime_class_init_full (at C:/build/output/Unity-Technologies/mono/mono/metadata/object.c:563)
0x00007ff8e649ddd7 (mono-2.0-bdwgc) ves_icall_System_Runtime_CompilerServices_RuntimeHelpers_RunClassConstructor (at C:/build/output/Unity-Technologies/mono/mono/metadata/icall.c:1292)
0x00007ff8e64cfebc (mono-2.0-bdwgc) ves_icall_System_Runtime_CompilerServices_RuntimeHelpers_RunClassConstructor_raw (at C:/build/output/Unity-Technologies/mono/mono/metadata/icall-def.h:756)
0x000002070e134c22 (Mono JIT Code) (wrapper managed-to-native) System.Runtime.CompilerServices.RuntimeHelpers:RunClassConstructor (intptr)
0x000002070e134afb (Mono JIT Code) System.Runtime.CompilerServices.RuntimeHelpers:RunClassConstructor (System.RuntimeTypeHandle)
0x000002070e12ba33 (Mono JIT Code) UnityEditor.EditorAssemblies:ProcessInitializeOnLoadAttributes (System.Type[])
0x000002070fcfcc1b (Mono JIT Code) (wrapper runtime-invoke) <Module>:runtime_invoke_void_object (object,intptr,intptr,intptr)
0x00007ff8e6634b6e (mono-2.0-bdwgc) mono_jit_runtime_invoke (at C:/build/output/Unity-Technologies/mono/mono/mini/mini-runtime.c:3445)
0x00007ff8e656d204 (mono-2.0-bdwgc) do_runtime_invoke (at C:/build/output/Unity-Technologies/mono/mono/metadata/object.c:3066)
0x00007ff8e656d37c (mono-2.0-bdwgc) mono_runtime_invoke (at C:/build/output/Unity-Technologies/mono/mono/metadata/object.c:3113)
0x00007ff6eea71654 (Unity) scripting_method_invoke
0x00007ff6eea4f704 (Unity) ScriptingInvocation::Invoke
0x00007ff6eea4a345 (Unity) ScriptingInvocation::Invoke<void>
0x00007ff6eeb9d103 (Unity) Scripting::UnityEditor::EditorAssembliesProxy::ProcessInitializeOnLoadAttributes
0x00007ff6eea444c8 (Unity) MonoManager::SetupLoadedEditorAssemblies
0x00007ff6eea39e89 (Unity) MonoManager::FinalizeReload
0x00007ff6efe32efa (Unity) ScriptingInitializer::FinalizeReload
0x00007ff6ef9e01fb (Unity) LoadUserAssemblies
0x00007ff6efee1585 (Unity) <lambda_b37b41f03089e3cb3f55061bbc93253d>::operator()
0x00007ff6eff1b5d2 (Unity) asio::detail::completion_handler<core::mutable_function<void __cdecl(void)>,asio::io_context::basic_executor_type<std::allocator<void>,0> >::do_complete
0x00007ff6eff0757e (Unity) asio::detail::win_iocp_io_context::do_one
0x00007ff6eff091e4 (Unity) asio::detail::win_iocp_io_context::run
0x00007ff6eff1997c (Unity) IOService::Run
0x00007ff6efeedb9f (Unity) AssetImportWorkerClient::Run
0x00007ff6efeb8757 (Unity) RunAssetImportWorkerClientV2
0x00007ff6efeb87db (Unity) RunAssetImporterV2
0x00007ff6ef6b7da3 (Unity) Application::InitializeProject
0x00007ff6efb42ba5 (Unity) WinMain
0x00007ff6f0f2870e (Unity) __scrt_common_main_seh
0x00007ff961617344 (KERNEL32) BaseThreadInitThunk
0x00007ff961ee26b1 (ntdll) RtlUserThreadStart

System.IO.IOException: Sharing violation on path C:\GitHub\2DGames\DontTouchTheSpikes\ProjectSettings\GooglePlayGameSettings.txt
  at System.IO.FileStream..ctor (System.String path, System.IO.FileMode mode, System.IO.FileAccess access, System.IO.FileShare share, System.Int32 bufferSize, System.Boolean anonymous, System.IO.FileOptions options) [0x0019e] in <834b2ded5dad441e8c7a4287897d63c7>:0 
  at System.IO.FileStream..ctor (System.String path, System.IO.FileMode mode, System.IO.FileAccess access, System.IO.FileShare share, System.Int32 bufferSize, System.IO.FileOptions options) [0x00000] in <834b2ded5dad441e8c7a4287897d63c7>:0 
  at (wrapper remoting-invoke-with-check) System.IO.FileStream..ctor(string,System.IO.FileMode,System.IO.FileAccess,System.IO.FileShare,int,System.IO.FileOptions)
  at System.IO.StreamWriter..ctor (System.String path, System.Boolean append, System.Text.Encoding encoding, System.Int32 bufferSize) [0x00055] in <834b2ded5dad441e8c7a4287897d63c7>:0 
  at System.IO.StreamWriter..ctor (System.String path, System.Boolean append) [0x00008] in <834b2ded5dad441e8c7a4287897d63c7>:0 
  at (wrapper remoting-invoke-with-check) System.IO.StreamWriter..ctor(string,bool)
  at GooglePlayGames.Editor.GPGSProjectSettings.Save () [0x0004d] in C:\GitHub\2DGames\DontTouchTheSpikes\Assets\GooglePlayGames\com.google.play.games\Editor\GPGSProjectSettings.cs:182 
  at GooglePlayGames.Editor.GPGSUpgrader..cctor () [0x00041] in C:\GitHub\2DGames\DontTouchTheSpikes\Assets\GooglePlayGames\com.google.play.games\Editor\GPGSUpgrader.cs:43 
0x00007ff6eeb5a4bd (Unity) StackWalker::GetCurrentCallstack
0x00007ff6eeb5f469 (Unity) StackWalker::ShowCallstack
0x00007ff6efb36da1 (Unity) GetStacktrace
0x00007ff6f01f5782 (Unity) DebugStringToFile
0x00007ff6edaa9e76 (Unity) DebugLogHandler_CUSTOM_Internal_Log
0x000002070f57990a (Mono JIT Code) (wrapper managed-to-native) UnityEngine.DebugLogHandler:Internal_Log (UnityEngine.LogType,UnityEngine.LogOption,string,UnityEngine.Object)
0x000002070f57925b (Mono JIT Code) UnityEngine.DebugLogHandler:LogFormat (UnityEngine.LogType,UnityEngine.Object,string,object[])
0x000002070f57877e (Mono JIT Code) UnityEngine.Logger:Log (UnityEngine.LogType,object)
0x000002070f5b1cfa (Mono JIT Code) UnityEngine.Debug:LogError (object)
0x000002070e12bc4b (Mono JIT Code) UnityEditor.EditorAssemblies:ProcessInitializeOnLoadAttributes (System.Type[])
0x000002070fcfcc1b (Mono JIT Code) (wrapper runtime-invoke) <Module>:runtime_invoke_void_object (object,intptr,intptr,intptr)
0x00007ff8e6634b6e (mono-2.0-bdwgc) mono_jit_runtime_invoke (at C:/build/output/Unity-Technologies/mono/mono/mini/mini-runtime.c:3445)
0x00007ff8e656d204 (mono-2.0-bdwgc) do_runtime_invoke (at C:/build/output/Unity-Technologies/mono/mono/metadata/object.c:3066)
0x00007ff8e656d37c (mono-2.0-bdwgc) mono_runtime_invoke (at C:/build/output/Unity-Technologies/mono/mono/metadata/object.c:3113)
0x00007ff6eea71654 (Unity) scripting_method_invoke
0x00007ff6eea4f704 (Unity) ScriptingInvocation::Invoke
0x00007ff6eea4a345 (Unity) ScriptingInvocation::Invoke<void>
0x00007ff6eeb9d103 (Unity) Scripting::UnityEditor::EditorAssembliesProxy::ProcessInitializeOnLoadAttributes
0x00007ff6eea444c8 (Unity) MonoManager::SetupLoadedEditorAssemblies
0x00007ff6eea39e89 (Unity) MonoManager::FinalizeReload
0x00007ff6efe32efa (Unity) ScriptingInitializer::FinalizeReload
0x00007ff6ef9e01fb (Unity) LoadUserAssemblies
0x00007ff6efee1585 (Unity) <lambda_b37b41f03089e3cb3f55061bbc93253d>::operator()
0x00007ff6eff1b5d2 (Unity) asio::detail::completion_handler<core::mutable_function<void __cdecl(void)>,asio::io_context::basic_executor_type<std::allocator<void>,0> >::do_complete
0x00007ff6eff0757e (Unity) asio::detail::win_iocp_io_context::do_one
0x00007ff6eff091e4 (Unity) asio::detail::win_iocp_io_context::run
0x00007ff6eff1997c (Unity) IOService::Run
0x00007ff6efeedb9f (Unity) AssetImportWorkerClient::Run
0x00007ff6efeb8757 (Unity) RunAssetImportWorkerClientV2
0x00007ff6efeb87db (Unity) RunAssetImporterV2
0x00007ff6ef6b7da3 (Unity) Application::InitializeProject
0x00007ff6efb42ba5 (Unity) WinMain
0x00007ff6f0f2870e (Unity) __scrt_common_main_seh
0x00007ff961617344 (KERNEL32) BaseThreadInitThunk
0x00007ff961ee26b1 (ntdll) RtlUserThreadStart

[Package Manager] Server::EnsureServerProcessIsRunning -- launch failed, reason: Unity was launched with the -noUpm command-line argument
[Package Manager] UpmClient::Send -- Unable to send message (not connected to UPM process).
[Package Manager] Cannot connect to Unity Package Manager local server
Mono: successfully reloaded assembly
[Package Manager] Server::EnsureServerProcessIsRunning -- launch failed, reason: Unity was launched with the -noUpm command-line argument
[Package Manager] UpmClient::Send -- Unable to send message (not connected to UPM process).
[Package Manager] Cannot connect to Unity Package Manager local server
- Finished resetting the current domain, in 16.250 seconds
Domain Reload Profiling: 21416ms
	BeginReloadAssembly (221ms)
		ExecutionOrderSort (0ms)
		DisableScriptedObjects (13ms)
		BackupInstance (0ms)
		ReleaseScriptingObjects (0ms)
		CreateAndSetChildDomain (46ms)
	RebuildCommonClasses (159ms)
	RebuildNativeTypeToScriptingClass (13ms)
	initialDomainReloadingComplete (50ms)
	LoadAllAssembliesAndSetupDomain (4722ms)
		LoadAssemblies (4830ms)
		RebuildTransferFunctionScriptingTraits (0ms)
		AnalyzeDomain (18ms)
			TypeCache.Refresh (9ms)
				TypeCache.ScanAssembly (0ms)
			ScanForSourceGeneratedMonoScriptInfo (0ms)
			ResolveRequiredComponents (8ms)
	FinalizeReload (16251ms)
		ReleaseScriptCaches (0ms)
		RebuildScriptCaches (0ms)
		SetupLoadedEditorAssemblies (848ms)
			LogAssemblyErrors (0ms)
			InitializePlatformSupportModulesInManaged (56ms)
			SetLoadedEditorAssemblies (7ms)
			RefreshPlugins (0ms)
			BeforeProcessingInitializeOnLoad (185ms)
			ProcessInitializeOnLoadAttributes (535ms)
			ProcessInitializeOnLoadMethodAttributes (52ms)
			AfterProcessingInitializeOnLoad (12ms)
			EditorAssembliesLoaded (1ms)
		ExecutionOrderSort2 (0ms)
		AwakeInstancesAfterBackupRestoration (25ms)
Refreshing native plugins compatible for Editor in 48.11 ms, found 4 plugins.
Preloading 0 native plugins for Editor in 0.00 ms.
Unloading 4490 Unused Serialized files (Serialized files now loaded: 0)
Unloading 156 unused Assets / (96.0 KB). Loaded Objects now: 4899.
Memory consumption went from 166.0 MB to 165.9 MB.
Total: 4.627500 ms (FindLiveObjects: 0.342200 ms CreateObjectMapping: 0.498500 ms MarkObjects: 3.561400 ms  DeleteObjects: 0.223600 ms)

Prepare: number of updated asset objects reloaded= 0
AssetImportParameters requested are different than current active one (requested -> active):
  custom:container-demuxer-ogg: 62fdf1f143b41e24485cea50d1cbac27 -> 
  custom:video-decoder-ogg-theora: a1e56fd34408186e4bbccfd4996cb3dc -> 
  custom:framework-win-MediaFoundation: 216162199b28c13a410421893ffa2e32 -> 
  custom:CustomObjectIndexerAttribute: 756ad292c208cfabdd7b50bc23989ffe -> 
  custom:container-demuxer-webm: 4f35f7cbe854078d1ac9338744f61a02 -> 
  custom:container-muxer-webm: aa71ff27fc2769a1b78a27578f13a17b -> 
  custom:video-decoder-webm-vp8: 9c59270c3fd7afecdb556c50c9e8de78 -> 
  custom:SearchIndexIgnoredProperties: e643bd26f0fe6173181afceb89e7c659 -> 
  custom:AudioImporter_EditorPlatform: d09bf68614088b80899f8185d706f6e7 -> 
  custom:video-encoder-webm-vp8: eb34c28f22e8b96e1ab97ce403110664 -> 
  custom:audio-decoder-ogg-vorbis: bf7c407c2cedff20999df2af8eb42d56 -> 
  custom:audio-encoder-webm-vorbis: bf7c407c2cedff20999df2af8eb42d56 -> 
========================================================================
Received Import Request.
  Time since last request: 7463.060081 seconds.
  path: Assets/GoogleMobileAds/Resources/GoogleMobileAdsSettings.asset
  artifactKey: Guid(0b7c4c6c8cd20794b8d9ae46d08686d6) Importer(815301076,1909f56bfc062723c751e8b465ee728b)
Start importing Assets/GoogleMobileAds/Resources/GoogleMobileAdsSettings.asset using Guid(0b7c4c6c8cd20794b8d9ae46d08686d6) Importer(815301076,1909f56bfc062723c751e8b465ee728b)  -> (artifact id: '48b21b5c031e6d0729916f6d710a4bf0') in 0.014483 seconds
Number of updated asset objects reloaded before import = 0
Number of asset objects unloaded after import = 1
========================================================================
Received Import Request.
  Time since last request: 96.032630 seconds.
  path: Assets/GoogleMobileAds/Resources/GoogleMobileAdsSettings.asset
  artifactKey: Guid(0b7c4c6c8cd20794b8d9ae46d08686d6) Importer(815301076,1909f56bfc062723c751e8b465ee728b)
Start importing Assets/GoogleMobileAds/Resources/GoogleMobileAdsSettings.asset using Guid(0b7c4c6c8cd20794b8d9ae46d08686d6) Importer(815301076,1909f56bfc062723c751e8b465ee728b)  -> (artifact id: '14f93c79a909c20fe3840f38db242d8b') in 0.001449 seconds
Number of updated asset objects reloaded before import = 0
Number of asset objects unloaded after import = 1
========================================================================
Received Prepare
Begin MonoManager ReloadAssembly
- Loaded All Assemblies, in  0.935 seconds
Refreshing native plugins compatible for Editor in 38.67 ms, found 4 plugins.
Native extension for WindowsStandalone target not found
Native extension for iOS target not found
Native extension for Android target not found
Native extension for WebGL target not found
GPGSUpgrader start
0x00007ff6eeb5a4bd (Unity) StackWalker::GetCurrentCallstack
0x00007ff6eeb5f469 (Unity) StackWalker::ShowCallstack
0x00007ff6efb36da1 (Unity) GetStacktrace
0x00007ff6f01f5782 (Unity) DebugStringToFile
0x00007ff6edaa9e76 (Unity) DebugLogHandler_CUSTOM_Internal_Log
0x000002070f49990a (Mono JIT Code) (wrapper managed-to-native) UnityEngine.DebugLogHandler:Internal_Log (UnityEngine.LogType,UnityEngine.LogOption,string,UnityEngine.Object)
0x000002070f49925b (Mono JIT Code) UnityEngine.DebugLogHandler:LogFormat (UnityEngine.LogType,UnityEngine.Object,string,object[])
0x000002070f49877e (Mono JIT Code) UnityEngine.Logger:Log (UnityEngine.LogType,object)
0x000002070f49840d (Mono JIT Code) UnityEngine.Debug:Log (object)
0x000002070f497b83 (Mono JIT Code) GooglePlayGames.Editor.GPGSUpgrader:.cctor () (at C:/GitHub/2DGames/DontTouchTheSpikes/Assets/GooglePlayGames/com.google.play.games/Editor/GPGSUpgrader.cs:38)
0x000002070f498115 (Mono JIT Code) (wrapper runtime-invoke) object:runtime_invoke_void (object,intptr,intptr,intptr)
0x00007ff8e6634b6e (mono-2.0-bdwgc) mono_jit_runtime_invoke (at C:/build/output/Unity-Technologies/mono/mono/mini/mini-runtime.c:3445)
0x00007ff8e656d204 (mono-2.0-bdwgc) do_runtime_invoke (at C:/build/output/Unity-Technologies/mono/mono/metadata/object.c:3066)
0x00007ff8e6567fa9 (mono-2.0-bdwgc) mono_runtime_class_init_full (at C:/build/output/Unity-Technologies/mono/mono/metadata/object.c:563)
0x00007ff8e649ddd7 (mono-2.0-bdwgc) ves_icall_System_Runtime_CompilerServices_RuntimeHelpers_RunClassConstructor (at C:/build/output/Unity-Technologies/mono/mono/metadata/icall.c:1292)
0x00007ff8e64cfebc (mono-2.0-bdwgc) ves_icall_System_Runtime_CompilerServices_RuntimeHelpers_RunClassConstructor_raw (at C:/build/output/Unity-Technologies/mono/mono/metadata/icall-def.h:756)
0x000002070e114c22 (Mono JIT Code) (wrapper managed-to-native) System.Runtime.CompilerServices.RuntimeHelpers:RunClassConstructor (intptr)
0x000002070e114afb (Mono JIT Code) System.Runtime.CompilerServices.RuntimeHelpers:RunClassConstructor (System.RuntimeTypeHandle)
0x000002070e10ba33 (Mono JIT Code) UnityEditor.EditorAssemblies:ProcessInitializeOnLoadAttributes (System.Type[])
0x00000207186ccc1b (Mono JIT Code) (wrapper runtime-invoke) <Module>:runtime_invoke_void_object (object,intptr,intptr,intptr)
0x00007ff8e6634b6e (mono-2.0-bdwgc) mono_jit_runtime_invoke (at C:/build/output/Unity-Technologies/mono/mono/mini/mini-runtime.c:3445)
0x00007ff8e656d204 (mono-2.0-bdwgc) do_runtime_invoke (at C:/build/output/Unity-Technologies/mono/mono/metadata/object.c:3066)
0x00007ff8e656d37c (mono-2.0-bdwgc) mono_runtime_invoke (at C:/build/output/Unity-Technologies/mono/mono/metadata/object.c:3113)
0x00007ff6eea71654 (Unity) scripting_method_invoke
0x00007ff6eea4f704 (Unity) ScriptingInvocation::Invoke
0x00007ff6eea4a345 (Unity) ScriptingInvocation::Invoke<void>
0x00007ff6eeb9d103 (Unity) Scripting::UnityEditor::EditorAssembliesProxy::ProcessInitializeOnLoadAttributes
0x00007ff6eea444c8 (Unity) MonoManager::SetupLoadedEditorAssemblies
0x00007ff6eea39e89 (Unity) MonoManager::FinalizeReload
0x00007ff6efe32efa (Unity) ScriptingInitializer::FinalizeReload
0x00007ff6ef9e01fb (Unity) LoadUserAssemblies
0x00007ff6efee1585 (Unity) <lambda_b37b41f03089e3cb3f55061bbc93253d>::operator()
0x00007ff6eff1b5d2 (Unity) asio::detail::completion_handler<core::mutable_function<void __cdecl(void)>,asio::io_context::basic_executor_type<std::allocator<void>,0> >::do_complete
0x00007ff6eff0757e (Unity) asio::detail::win_iocp_io_context::do_one
0x00007ff6eff091e4 (Unity) asio::detail::win_iocp_io_context::run
0x00007ff6eff1997c (Unity) IOService::Run
0x00007ff6efeedb9f (Unity) AssetImportWorkerClient::Run
0x00007ff6efeb8757 (Unity) RunAssetImportWorkerClientV2
0x00007ff6efeb87db (Unity) RunAssetImporterV2
0x00007ff6ef6b7da3 (Unity) Application::InitializeProject
0x00007ff6efb42ba5 (Unity) WinMain
0x00007ff6f0f2870e (Unity) __scrt_common_main_seh
0x00007ff961617344 (KERNEL32) BaseThreadInitThunk
0x00007ff961ee26b1 (ntdll) RtlUserThreadStart

GPGSUpgrader done
0x00007ff6eeb5a4bd (Unity) StackWalker::GetCurrentCallstack
0x00007ff6eeb5f469 (Unity) StackWalker::ShowCallstack
0x00007ff6efb36da1 (Unity) GetStacktrace
0x00007ff6f01f5782 (Unity) DebugStringToFile
0x00007ff6edaa9e76 (Unity) DebugLogHandler_CUSTOM_Internal_Log
0x000002070f49990a (Mono JIT Code) (wrapper managed-to-native) UnityEngine.DebugLogHandler:Internal_Log (UnityEngine.LogType,UnityEngine.LogOption,string,UnityEngine.Object)
0x000002070f49925b (Mono JIT Code) UnityEngine.DebugLogHandler:LogFormat (UnityEngine.LogType,UnityEngine.Object,string,object[])
0x000002070f49877e (Mono JIT Code) UnityEngine.Logger:Log (UnityEngine.LogType,object)
0x000002070f49840d (Mono JIT Code) UnityEngine.Debug:Log (object)
0x000002070f497eb3 (Mono JIT Code) GooglePlayGames.Editor.GPGSUpgrader:.cctor () (at C:/GitHub/2DGames/DontTouchTheSpikes/Assets/GooglePlayGames/com.google.play.games/Editor/GPGSUpgrader.cs:57)
0x000002070f498115 (Mono JIT Code) (wrapper runtime-invoke) object:runtime_invoke_void (object,intptr,intptr,intptr)
0x00007ff8e6634b6e (mono-2.0-bdwgc) mono_jit_runtime_invoke (at C:/build/output/Unity-Technologies/mono/mono/mini/mini-runtime.c:3445)
0x00007ff8e656d204 (mono-2.0-bdwgc) do_runtime_invoke (at C:/build/output/Unity-Technologies/mono/mono/metadata/object.c:3066)
0x00007ff8e6567fa9 (mono-2.0-bdwgc) mono_runtime_class_init_full (at C:/build/output/Unity-Technologies/mono/mono/metadata/object.c:563)
0x00007ff8e649ddd7 (mono-2.0-bdwgc) ves_icall_System_Runtime_CompilerServices_RuntimeHelpers_RunClassConstructor (at C:/build/output/Unity-Technologies/mono/mono/metadata/icall.c:1292)
0x00007ff8e64cfebc (mono-2.0-bdwgc) ves_icall_System_Runtime_CompilerServices_RuntimeHelpers_RunClassConstructor_raw (at C:/build/output/Unity-Technologies/mono/mono/metadata/icall-def.h:756)
0x000002070e114c22 (Mono JIT Code) (wrapper managed-to-native) System.Runtime.CompilerServices.RuntimeHelpers:RunClassConstructor (intptr)
0x000002070e114afb (Mono JIT Code) System.Runtime.CompilerServices.RuntimeHelpers:RunClassConstructor (System.RuntimeTypeHandle)
0x000002070e10ba33 (Mono JIT Code) UnityEditor.EditorAssemblies:ProcessInitializeOnLoadAttributes (System.Type[])
0x00000207186ccc1b (Mono JIT Code) (wrapper runtime-invoke) <Module>:runtime_invoke_void_object (object,intptr,intptr,intptr)
0x00007ff8e6634b6e (mono-2.0-bdwgc) mono_jit_runtime_invoke (at C:/build/output/Unity-Technologies/mono/mono/mini/mini-runtime.c:3445)
0x00007ff8e656d204 (mono-2.0-bdwgc) do_runtime_invoke (at C:/build/output/Unity-Technologies/mono/mono/metadata/object.c:3066)
0x00007ff8e656d37c (mono-2.0-bdwgc) mono_runtime_invoke (at C:/build/output/Unity-Technologies/mono/mono/metadata/object.c:3113)
0x00007ff6eea71654 (Unity) scripting_method_invoke
0x00007ff6eea4f704 (Unity) ScriptingInvocation::Invoke
0x00007ff6eea4a345 (Unity) ScriptingInvocation::Invoke<void>
0x00007ff6eeb9d103 (Unity) Scripting::UnityEditor::EditorAssembliesProxy::ProcessInitializeOnLoadAttributes
0x00007ff6eea444c8 (Unity) MonoManager::SetupLoadedEditorAssemblies
0x00007ff6eea39e89 (Unity) MonoManager::FinalizeReload
0x00007ff6efe32efa (Unity) ScriptingInitializer::FinalizeReload
0x00007ff6ef9e01fb (Unity) LoadUserAssemblies
0x00007ff6efee1585 (Unity) <lambda_b37b41f03089e3cb3f55061bbc93253d>::operator()
0x00007ff6eff1b5d2 (Unity) asio::detail::completion_handler<core::mutable_function<void __cdecl(void)>,asio::io_context::basic_executor_type<std::allocator<void>,0> >::do_complete
0x00007ff6eff0757e (Unity) asio::detail::win_iocp_io_context::do_one
0x00007ff6eff091e4 (Unity) asio::detail::win_iocp_io_context::run
0x00007ff6eff1997c (Unity) IOService::Run
0x00007ff6efeedb9f (Unity) AssetImportWorkerClient::Run
0x00007ff6efeb8757 (Unity) RunAssetImportWorkerClientV2
0x00007ff6efeb87db (Unity) RunAssetImporterV2
0x00007ff6ef6b7da3 (Unity) Application::InitializeProject
0x00007ff6efb42ba5 (Unity) WinMain
0x00007ff6f0f2870e (Unity) __scrt_common_main_seh
0x00007ff961617344 (KERNEL32) BaseThreadInitThunk
0x00007ff961ee26b1 (ntdll) RtlUserThreadStart

[Package Manager] Server::EnsureServerProcessIsRunning -- launch failed, reason: Unity was launched with the -noUpm command-line argument
[Package Manager] UpmClient::Send -- Unable to send message (not connected to UPM process).
[Package Manager] Cannot connect to Unity Package Manager local server
Mono: successfully reloaded assembly
[Package Manager] Server::EnsureServerProcessIsRunning -- launch failed, reason: Unity was launched with the -noUpm command-line argument
[Package Manager] UpmClient::Send -- Unable to send message (not connected to UPM process).
[Package Manager] Cannot connect to Unity Package Manager local server
- Finished resetting the current domain, in  1.807 seconds
Domain Reload Profiling: 2733ms
	BeginReloadAssembly (276ms)
		ExecutionOrderSort (0ms)
		DisableScriptedObjects (24ms)
		BackupInstance (0ms)
		ReleaseScriptingObjects (0ms)
		CreateAndSetChildDomain (82ms)
	RebuildCommonClasses (42ms)
	RebuildNativeTypeToScriptingClass (12ms)
	initialDomainReloadingComplete (57ms)
	LoadAllAssembliesAndSetupDomain (539ms)
		LoadAssemblies (639ms)
		RebuildTransferFunctionScriptingTraits (0ms)
		AnalyzeDomain (19ms)
			TypeCache.Refresh (10ms)
				TypeCache.ScanAssembly (0ms)
			ScanForSourceGeneratedMonoScriptInfo (0ms)
			ResolveRequiredComponents (8ms)
	FinalizeReload (1807ms)
		ReleaseScriptCaches (0ms)
		RebuildScriptCaches (0ms)
		SetupLoadedEditorAssemblies (786ms)
			LogAssemblyErrors (0ms)
			InitializePlatformSupportModulesInManaged (52ms)
			SetLoadedEditorAssemblies (6ms)
			RefreshPlugins (0ms)
			BeforeProcessingInitializeOnLoad (169ms)
			ProcessInitializeOnLoadAttributes (502ms)
			ProcessInitializeOnLoadMethodAttributes (44ms)
			AfterProcessingInitializeOnLoad (11ms)
			EditorAssembliesLoaded (0ms)
		ExecutionOrderSort2 (0ms)
		AwakeInstancesAfterBackupRestoration (23ms)
Refreshing native plugins compatible for Editor in 68.76 ms, found 4 plugins.
Preloading 0 native plugins for Editor in 0.00 ms.
Unloading 4489 Unused Serialized files (Serialized files now loaded: 0)
Unloading 156 unused Assets / (96.0 KB). Loaded Objects now: 4904.
Memory consumption went from 167.7 MB to 167.6 MB.
Total: 3.703200 ms (FindLiveObjects: 0.342700 ms CreateObjectMapping: 0.343500 ms MarkObjects: 2.858000 ms  DeleteObjects: 0.157800 ms)

Prepare: number of updated asset objects reloaded= 0
AssetImportParameters requested are different than current active one (requested -> active):
  custom:container-demuxer-ogg: 62fdf1f143b41e24485cea50d1cbac27 -> 
  custom:video-decoder-ogg-theora: a1e56fd34408186e4bbccfd4996cb3dc -> 
  custom:framework-win-MediaFoundation: 216162199b28c13a410421893ffa2e32 -> 
  custom:CustomObjectIndexerAttribute: 756ad292c208cfabdd7b50bc23989ffe -> 
  custom:container-demuxer-webm: 4f35f7cbe854078d1ac9338744f61a02 -> 
  custom:container-muxer-webm: aa71ff27fc2769a1b78a27578f13a17b -> 
  custom:video-decoder-webm-vp8: 9c59270c3fd7afecdb556c50c9e8de78 -> 
  custom:SearchIndexIgnoredProperties: e643bd26f0fe6173181afceb89e7c659 -> 
  custom:AudioImporter_EditorPlatform: d09bf68614088b80899f8185d706f6e7 -> 
  custom:video-encoder-webm-vp8: eb34c28f22e8b96e1ab97ce403110664 -> 
  custom:audio-decoder-ogg-vorbis: bf7c407c2cedff20999df2af8eb42d56 -> 
  custom:audio-encoder-webm-vorbis: bf7c407c2cedff20999df2af8eb42d56 -> 
