Using pre-set license
Built from '2022.3/staging' branch; Version is '2022.3.13f1 (5f90a5ebde0f) revision 6262949'; Using compiler version '192829333'; Build Type 'Release'
OS: 'Windows 10  (10.0.19045) 64bit Core' Language: 'ko' Physical Memory: 16298 MB
BatchMode: 1, IsHumanControllingUs: 0, StartBugReporterOnCrash: 0, Is64bit: 1, IsPro: 1

COMMAND LINE ARGUMENTS:
C:\Program Files\Unity\Hub\Editor\2022.3.13f1\Editor\Unity.exe
-adb2
-batchMode
-noUpm
-name
AssetImportWorker1
-projectPath
C:/GitHub/2DGames/DontTouchTheSpikes
-logFile
Logs/AssetImportWorker1.log
-srvPort
12914
Successfully changed project path to: C:/GitHub/2DGames/DontTouchTheSpikes
C:/GitHub/2DGames/DontTouchTheSpikes
[UnityMemory] Configuration Parameters - Can be set up in boot.config
    "memorysetup-bucket-allocator-granularity=16"
    "memorysetup-bucket-allocator-bucket-count=8"
    "memorysetup-bucket-allocator-block-size=33554432"
    "memorysetup-bucket-allocator-block-count=8"
    "memorysetup-main-allocator-block-size=16777216"
    "memorysetup-thread-allocator-block-size=16777216"
    "memorysetup-gfx-main-allocator-block-size=16777216"
    "memorysetup-gfx-thread-allocator-block-size=16777216"
    "memorysetup-cache-allocator-block-size=4194304"
    "memorysetup-typetree-allocator-block-size=2097152"
    "memorysetup-profiler-bucket-allocator-granularity=16"
    "memorysetup-profiler-bucket-allocator-bucket-count=8"
    "memorysetup-profiler-bucket-allocator-block-size=33554432"
    "memorysetup-profiler-bucket-allocator-block-count=8"
    "memorysetup-profiler-allocator-block-size=16777216"
    "memorysetup-profiler-editor-allocator-block-size=1048576"
    "memorysetup-temp-allocator-size-main=16777216"
    "memorysetup-job-temp-allocator-block-size=2097152"
    "memorysetup-job-temp-allocator-block-size-background=1048576"
    "memorysetup-job-temp-allocator-reduction-small-platforms=262144"
    "memorysetup-allocator-temp-initial-block-size-main=262144"
    "memorysetup-allocator-temp-initial-block-size-worker=262144"
    "memorysetup-temp-allocator-size-background-worker=32768"
    "memorysetup-temp-allocator-size-job-worker=262144"
    "memorysetup-temp-allocator-size-preload-manager=33554432"
    "memorysetup-temp-allocator-size-nav-mesh-worker=65536"
    "memorysetup-temp-allocator-size-audio-worker=65536"
    "memorysetup-temp-allocator-size-cloud-worker=32768"
    "memorysetup-temp-allocator-size-gi-baking-worker=262144"
    "memorysetup-temp-allocator-size-gfx=262144"
Player connection [30244] Host "[IP] 192.168.0.67 [Port] 0 [Flags] 2 [Guid] 3388135867 [EditorId] 3388135867 [Version] 1048832 [Id] WindowsEditor(7,DESKTOP-MNV88Q3) [Debug] 1 [PackageName] WindowsEditor [ProjectName] Editor" joined multi-casting on [225.0.0.222:54997]...

Player connection [30244] Host "[IP] 192.168.0.67 [Port] 0 [Flags] 2 [Guid] 3388135867 [EditorId] 3388135867 [Version] 1048832 [Id] WindowsEditor(7,DESKTOP-MNV88Q3) [Debug] 1 [PackageName] WindowsEditor [ProjectName] Editor" joined alternative multi-casting on [225.0.0.222:34997]...

[Physics::Module] Initialized MultithreadedJobDispatcher with 7 workers.
Refreshing native plugins compatible for Editor in 81.46 ms, found 4 plugins.
Preloading 0 native plugins for Editor in 0.00 ms.
Initialize engine version: 2022.3.13f1 (5f90a5ebde0f)
[Subsystems] Discovering subsystems at path C:/Program Files/Unity/Hub/Editor/2022.3.13f1/Editor/Data/Resources/UnitySubsystems
[Subsystems] Discovering subsystems at path C:/GitHub/2DGames/DontTouchTheSpikes/Assets
GfxDevice: creating device client; threaded=0; jobified=0
Direct3D:
    Version:  Direct3D 11.0 [level 11.1]
    Renderer: NVIDIA GeForce GTX 1060 3GB (ID=0x1c02)
    Vendor:   NVIDIA
    VRAM:     2979 MB
    Driver:   31.0.15.3623
Initialize mono
Mono path[0] = 'C:/Program Files/Unity/Hub/Editor/2022.3.13f1/Editor/Data/Managed'
Mono path[1] = 'C:/Program Files/Unity/Hub/Editor/2022.3.13f1/Editor/Data/MonoBleedingEdge/lib/mono/unityjit-win32'
Mono config path = 'C:/Program Files/Unity/Hub/Editor/2022.3.13f1/Editor/Data/MonoBleedingEdge/etc'
Using monoOptions --debugger-agent=transport=dt_socket,embedding=1,server=y,suspend=n,address=127.0.0.1:56976
Begin MonoManager ReloadAssembly
Registering precompiled unity dll's ...
Register platform support module: C:/Program Files/Unity/Hub/Editor/2022.3.13f1/Editor/Data/PlaybackEngines/WebGLSupport/UnityEditor.WebGL.Extensions.dll
Register platform support module: C:/Program Files/Unity/Hub/Editor/2022.3.13f1/Editor/Data/PlaybackEngines/AndroidPlayer/UnityEditor.Android.Extensions.dll
Register platform support module: C:/Program Files/Unity/Hub/Editor/2022.3.13f1/Editor/Data/PlaybackEngines/iOSSupport/UnityEditor.iOS.Extensions.dll
Register platform support module: C:/Program Files/Unity/Hub/Editor/2022.3.13f1/Editor/Data/PlaybackEngines/WindowsStandaloneSupport/UnityEditor.WindowsStandalone.Extensions.dll
Registered in 0.021941 seconds.
- Loaded All Assemblies, in  0.466 seconds
Native extension for WindowsStandalone target not found
[usbmuxd] Start listen thread
[usbmuxd] Listen thread started
Native extension for iOS target not found
Native extension for Android target not found
Android Extension - Scanning For ADB Devices 334 ms
Native extension for WebGL target not found
Mono: successfully reloaded assembly
- Finished resetting the current domain, in  0.742 seconds
Domain Reload Profiling: 1204ms
	BeginReloadAssembly (139ms)
		ExecutionOrderSort (0ms)
		DisableScriptedObjects (0ms)
		BackupInstance (0ms)
		ReleaseScriptingObjects (0ms)
		CreateAndSetChildDomain (1ms)
	RebuildCommonClasses (43ms)
	RebuildNativeTypeToScriptingClass (12ms)
	initialDomainReloadingComplete (83ms)
	LoadAllAssembliesAndSetupDomain (186ms)
		LoadAssemblies (137ms)
		RebuildTransferFunctionScriptingTraits (0ms)
		AnalyzeDomain (181ms)
			TypeCache.Refresh (180ms)
				TypeCache.ScanAssembly (165ms)
			ScanForSourceGeneratedMonoScriptInfo (0ms)
			ResolveRequiredComponents (1ms)
	FinalizeReload (742ms)
		ReleaseScriptCaches (0ms)
		RebuildScriptCaches (0ms)
		SetupLoadedEditorAssemblies (672ms)
			LogAssemblyErrors (0ms)
			InitializePlatformSupportModulesInManaged (474ms)
			SetLoadedEditorAssemblies (5ms)
			RefreshPlugins (0ms)
			BeforeProcessingInitializeOnLoad (3ms)
			ProcessInitializeOnLoadAttributes (122ms)
			ProcessInitializeOnLoadMethodAttributes (68ms)
			AfterProcessingInitializeOnLoad (0ms)
			EditorAssembliesLoaded (0ms)
		ExecutionOrderSort2 (0ms)
		AwakeInstancesAfterBackupRestoration (0ms)
========================================================================
Worker process is ready to serve import requests
Begin MonoManager ReloadAssembly
- Loaded All Assemblies, in  1.011 seconds
Refreshing native plugins compatible for Editor in 45.23 ms, found 4 plugins.
Native extension for WindowsStandalone target not found
Native extension for iOS target not found
Native extension for Android target not found
Native extension for WebGL target not found
GPGSUpgrader start
0x00007ff71d70a4bd (Unity) StackWalker::GetCurrentCallstack
0x00007ff71d70f469 (Unity) StackWalker::ShowCallstack
0x00007ff71e6e6da1 (Unity) GetStacktrace
0x00007ff71eda5782 (Unity) DebugStringToFile
0x00007ff71c659e76 (Unity) DebugLogHandler_CUSTOM_Internal_Log
0x0000029ca01ba35a (Mono JIT Code) (wrapper managed-to-native) UnityEngine.DebugLogHandler:Internal_Log (UnityEngine.LogType,UnityEngine.LogOption,string,UnityEngine.Object)
0x0000029ca01b9cab (Mono JIT Code) UnityEngine.DebugLogHandler:LogFormat (UnityEngine.LogType,UnityEngine.Object,string,object[])
0x0000029ca01b91ce (Mono JIT Code) UnityEngine.Logger:Log (UnityEngine.LogType,object)
0x0000029ca01b8e5d (Mono JIT Code) UnityEngine.Debug:Log (object)
0x0000029ca01b85d3 (Mono JIT Code) GooglePlayGames.Editor.GPGSUpgrader:.cctor () (at C:/GitHub/2DGames/DontTouchTheSpikes/Assets/GooglePlayGames/com.google.play.games/Editor/GPGSUpgrader.cs:38)
0x0000029ca01b8b65 (Mono JIT Code) (wrapper runtime-invoke) object:runtime_invoke_void (object,intptr,intptr,intptr)
0x00007ff8c75e4b6e (mono-2.0-bdwgc) mono_jit_runtime_invoke (at C:/build/output/Unity-Technologies/mono/mono/mini/mini-runtime.c:3445)
0x00007ff8c751d204 (mono-2.0-bdwgc) do_runtime_invoke (at C:/build/output/Unity-Technologies/mono/mono/metadata/object.c:3066)
0x00007ff8c7517fa9 (mono-2.0-bdwgc) mono_runtime_class_init_full (at C:/build/output/Unity-Technologies/mono/mono/metadata/object.c:563)
0x00007ff8c744ddd7 (mono-2.0-bdwgc) ves_icall_System_Runtime_CompilerServices_RuntimeHelpers_RunClassConstructor (at C:/build/output/Unity-Technologies/mono/mono/metadata/icall.c:1292)
0x00007ff8c747febc (mono-2.0-bdwgc) ves_icall_System_Runtime_CompilerServices_RuntimeHelpers_RunClassConstructor_raw (at C:/build/output/Unity-Technologies/mono/mono/metadata/icall-def.h:756)
0x0000029c947dee52 (Mono JIT Code) (wrapper managed-to-native) System.Runtime.CompilerServices.RuntimeHelpers:RunClassConstructor (intptr)
0x0000029c947ded2b (Mono JIT Code) System.Runtime.CompilerServices.RuntimeHelpers:RunClassConstructor (System.RuntimeTypeHandle)
0x0000029c947d58f3 (Mono JIT Code) UnityEditor.EditorAssemblies:ProcessInitializeOnLoadAttributes (System.Type[])
0x0000029c9470cc1b (Mono JIT Code) (wrapper runtime-invoke) <Module>:runtime_invoke_void_object (object,intptr,intptr,intptr)
0x00007ff8c75e4b6e (mono-2.0-bdwgc) mono_jit_runtime_invoke (at C:/build/output/Unity-Technologies/mono/mono/mini/mini-runtime.c:3445)
0x00007ff8c751d204 (mono-2.0-bdwgc) do_runtime_invoke (at C:/build/output/Unity-Technologies/mono/mono/metadata/object.c:3066)
0x00007ff8c751d37c (mono-2.0-bdwgc) mono_runtime_invoke (at C:/build/output/Unity-Technologies/mono/mono/metadata/object.c:3113)
0x00007ff71d621654 (Unity) scripting_method_invoke
0x00007ff71d5ff704 (Unity) ScriptingInvocation::Invoke
0x00007ff71d5fa345 (Unity) ScriptingInvocation::Invoke<void>
0x00007ff71d74d103 (Unity) Scripting::UnityEditor::EditorAssembliesProxy::ProcessInitializeOnLoadAttributes
0x00007ff71d5f44c8 (Unity) MonoManager::SetupLoadedEditorAssemblies
0x00007ff71d5e9e89 (Unity) MonoManager::FinalizeReload
0x00007ff71e9e2efa (Unity) ScriptingInitializer::FinalizeReload
0x00007ff71e5901fb (Unity) LoadUserAssemblies
0x00007ff71ea9182f (Unity) <lambda_e4c09a862f47a773e31babb76239f51f>::operator()
0x00007ff71eacb5d2 (Unity) asio::detail::completion_handler<core::mutable_function<void __cdecl(void)>,asio::io_context::basic_executor_type<std::allocator<void>,0> >::do_complete
0x00007ff71eab757e (Unity) asio::detail::win_iocp_io_context::do_one
0x00007ff71eab91ae (Unity) asio::detail::win_iocp_io_context::run
0x00007ff71eac997c (Unity) IOService::Run
0x00007ff71ea9db9f (Unity) AssetImportWorkerClient::Run
0x00007ff71ea68757 (Unity) RunAssetImportWorkerClientV2
0x00007ff71ea687db (Unity) RunAssetImporterV2
0x00007ff71e267da3 (Unity) Application::InitializeProject
0x00007ff71e6f2ba5 (Unity) WinMain
0x00007ff71fad870e (Unity) __scrt_common_main_seh
0x00007ff961617344 (KERNEL32) BaseThreadInitThunk
0x00007ff961ee26b1 (ntdll) RtlUserThreadStart

System.IO.IOException: Sharing violation on path C:\GitHub\2DGames\DontTouchTheSpikes\ProjectSettings\GooglePlayGameSettings.txt
  at System.IO.FileStream..ctor (System.String path, System.IO.FileMode mode, System.IO.FileAccess access, System.IO.FileShare share, System.Int32 bufferSize, System.Boolean anonymous, System.IO.FileOptions options) [0x0019e] in <834b2ded5dad441e8c7a4287897d63c7>:0 
  at System.IO.FileStream..ctor (System.String path, System.IO.FileMode mode, System.IO.FileAccess access, System.IO.FileShare share, System.Int32 bufferSize, System.IO.FileOptions options) [0x00000] in <834b2ded5dad441e8c7a4287897d63c7>:0 
  at (wrapper remoting-invoke-with-check) System.IO.FileStream..ctor(string,System.IO.FileMode,System.IO.FileAccess,System.IO.FileShare,int,System.IO.FileOptions)
  at System.IO.StreamWriter..ctor (System.String path, System.Boolean append, System.Text.Encoding encoding, System.Int32 bufferSize) [0x00055] in <834b2ded5dad441e8c7a4287897d63c7>:0 
  at System.IO.StreamWriter..ctor (System.String path, System.Boolean append) [0x00008] in <834b2ded5dad441e8c7a4287897d63c7>:0 
  at (wrapper remoting-invoke-with-check) System.IO.StreamWriter..ctor(string,bool)
  at GooglePlayGames.Editor.GPGSProjectSettings.Save () [0x0004d] in C:\GitHub\2DGames\DontTouchTheSpikes\Assets\GooglePlayGames\com.google.play.games\Editor\GPGSProjectSettings.cs:182 
  at GooglePlayGames.Editor.GPGSUpgrader..cctor () [0x00041] in C:\GitHub\2DGames\DontTouchTheSpikes\Assets\GooglePlayGames\com.google.play.games\Editor\GPGSUpgrader.cs:43 
0x00007ff71d70a4bd (Unity) StackWalker::GetCurrentCallstack
0x00007ff71d70f469 (Unity) StackWalker::ShowCallstack
0x00007ff71e6e6da1 (Unity) GetStacktrace
0x00007ff71eda5782 (Unity) DebugStringToFile
0x00007ff71c659e76 (Unity) DebugLogHandler_CUSTOM_Internal_Log
0x0000029ca01ba35a (Mono JIT Code) (wrapper managed-to-native) UnityEngine.DebugLogHandler:Internal_Log (UnityEngine.LogType,UnityEngine.LogOption,string,UnityEngine.Object)
0x0000029ca01b9cab (Mono JIT Code) UnityEngine.DebugLogHandler:LogFormat (UnityEngine.LogType,UnityEngine.Object,string,object[])
0x0000029ca01b91ce (Mono JIT Code) UnityEngine.Logger:Log (UnityEngine.LogType,object)
0x0000029ca05c1cfa (Mono JIT Code) UnityEngine.Debug:LogError (object)
0x0000029c947d5b0b (Mono JIT Code) UnityEditor.EditorAssemblies:ProcessInitializeOnLoadAttributes (System.Type[])
0x0000029c9470cc1b (Mono JIT Code) (wrapper runtime-invoke) <Module>:runtime_invoke_void_object (object,intptr,intptr,intptr)
0x00007ff8c75e4b6e (mono-2.0-bdwgc) mono_jit_runtime_invoke (at C:/build/output/Unity-Technologies/mono/mono/mini/mini-runtime.c:3445)
0x00007ff8c751d204 (mono-2.0-bdwgc) do_runtime_invoke (at C:/build/output/Unity-Technologies/mono/mono/metadata/object.c:3066)
0x00007ff8c751d37c (mono-2.0-bdwgc) mono_runtime_invoke (at C:/build/output/Unity-Technologies/mono/mono/metadata/object.c:3113)
0x00007ff71d621654 (Unity) scripting_method_invoke
0x00007ff71d5ff704 (Unity) ScriptingInvocation::Invoke
0x00007ff71d5fa345 (Unity) ScriptingInvocation::Invoke<void>
0x00007ff71d74d103 (Unity) Scripting::UnityEditor::EditorAssembliesProxy::ProcessInitializeOnLoadAttributes
0x00007ff71d5f44c8 (Unity) MonoManager::SetupLoadedEditorAssemblies
0x00007ff71d5e9e89 (Unity) MonoManager::FinalizeReload
0x00007ff71e9e2efa (Unity) ScriptingInitializer::FinalizeReload
0x00007ff71e5901fb (Unity) LoadUserAssemblies
0x00007ff71ea9182f (Unity) <lambda_e4c09a862f47a773e31babb76239f51f>::operator()
0x00007ff71eacb5d2 (Unity) asio::detail::completion_handler<core::mutable_function<void __cdecl(void)>,asio::io_context::basic_executor_type<std::allocator<void>,0> >::do_complete
0x00007ff71eab757e (Unity) asio::detail::win_iocp_io_context::do_one
0x00007ff71eab91ae (Unity) asio::detail::win_iocp_io_context::run
0x00007ff71eac997c (Unity) IOService::Run
0x00007ff71ea9db9f (Unity) AssetImportWorkerClient::Run
0x00007ff71ea68757 (Unity) RunAssetImportWorkerClientV2
0x00007ff71ea687db (Unity) RunAssetImporterV2
0x00007ff71e267da3 (Unity) Application::InitializeProject
0x00007ff71e6f2ba5 (Unity) WinMain
0x00007ff71fad870e (Unity) __scrt_common_main_seh
0x00007ff961617344 (KERNEL32) BaseThreadInitThunk
0x00007ff961ee26b1 (ntdll) RtlUserThreadStart

Package Manager log level set to [2]
[Package Manager] Server::EnsureServerProcessIsRunning -- launch failed, reason: Unity was launched with the -noUpm command-line argument
[Package Manager] UpmClient::Send -- Unable to send message (not connected to UPM process).
[Package Manager] Cannot connect to Unity Package Manager local server
Unable to write to 'ProjectSettings\GvhProjectSettings.xml' (System.IO.IOException: Sharing violation on path C:\GitHub\2DGames\DontTouchTheSpikes\ProjectSettings\GvhProjectSettings.xml
  at System.IO.FileStream..ctor (System.String path, System.IO.FileMode mode, System.IO.FileAccess access, System.IO.FileShare share, System.Int32 bufferSize, System.Boolean anonymous, System.IO.FileOptions options) [0x0019e] in <834b2ded5dad441e8c7a4287897d63c7>:0 
  at System.IO.FileStream..ctor (System.String path, System.IO.FileMode mode, System.IO.FileAccess access, System.IO.FileShare share, System.Int32 bufferSize, System.IO.FileOptions options) [0x00000] in <834b2ded5dad441e8c7a4287897d63c7>:0 
  at System.IO.FileStream..ctor (System.String path, System.IO.FileMode mode, System.IO.FileAccess access, System.IO.FileShare share, System.Int32 bufferSize, System.Boolean useAsync) [0x00000] in <834b2ded5dad441e8c7a4287897d63c7>:0 
  at (wrapper remoting-invoke-with-check) System.IO.FileStream..ctor(string,System.IO.FileMode,System.IO.FileAccess,System.IO.FileShare,int,bool)
  at System.Xml.XmlWriterSettings.CreateWriter (System.String outputFileName) [0x00051] in <cec8eb42eacd40439ca76aa290dad7e2>:0 
  at System.Xml.XmlWriter.Create (System.String outputFileName, System.Xml.XmlWriterSettings settings) [0x0000a] in <cec8eb42eacd40439ca76aa290dad7e2>:0 
  at Google.ProjectSettings.Save () [0x0006d] in /Users/chkuang/Workspace/git/unity-jar-resolver/source/VersionHandlerImpl/src/ProjectSettings.cs:821 , Project settings were not saved!
0x00007ff71d70a4bd (Unity) StackWalker::GetCurrentCallstack
0x00007ff71d70f469 (Unity) StackWalker::ShowCallstack
0x00007ff71e6e6da1 (Unity) GetStacktrace
0x00007ff71eda5782 (Unity) DebugStringToFile
0x00007ff71c659e76 (Unity) DebugLogHandler_CUSTOM_Internal_Log
0x0000029ca01ba35a (Mono JIT Code) (wrapper managed-to-native) UnityEngine.DebugLogHandler:Internal_Log (UnityEngine.LogType,UnityEngine.LogOption,string,UnityEngine.Object)
0x0000029ca01b9cab (Mono JIT Code) UnityEngine.DebugLogHandler:LogFormat (UnityEngine.LogType,UnityEngine.Object,string,object[])
0x0000029ca01b91ce (Mono JIT Code) UnityEngine.Logger:Log (UnityEngine.LogType,object)
0x0000029ca05c1cfa (Mono JIT Code) UnityEngine.Debug:LogError (object)
0x0000029ca5264953 (Mono JIT Code) Google.Logger:Log (string,Google.LogLevel) (at /Users/chkuang/Workspace/git/unity-jar-resolver/source/VersionHandlerImpl/src/Logger.cs:137)
0x0000029ca671c165 (Mono JIT Code) Google.ProjectSettings:Save () (at /Users/chkuang/Workspace/git/unity-jar-resolver/source/VersionHandlerImpl/src/ProjectSettings.cs:847)
0x0000029ca671b053 (Mono JIT Code) Google.ProjectSettings:SetBool (string,bool,Google.SettingsLocation) (at /Users/chkuang/Workspace/git/unity-jar-resolver/source/VersionHandlerImpl/src/ProjectSettings.cs:485)
0x0000029ca671ae6b (Mono JIT Code) Google.ProjectSettings:SetBool (string,bool) (at /Users/chkuang/Workspace/git/unity-jar-resolver/source/VersionHandlerImpl/src/ProjectSettings.cs:498)
0x0000029ca671ad1b (Mono JIT Code) Google.IOSResolver:set_VerboseLoggingEnabled (bool) (at /Users/chkuang/Workspace/git/unity-jar-resolver/source/IOSResolver/src/IOSResolver.cs:999)
0x0000029ca526e84b (Mono JIT Code) Google.IOSResolver:.cctor () (at /Users/chkuang/Workspace/git/unity-jar-resolver/source/IOSResolver/src/IOSResolver.cs:698)
0x0000029ca526ec15 (Mono JIT Code) (wrapper runtime-invoke) object:runtime_invoke_void (object,intptr,intptr,intptr)
0x00007ff8c75e4b6e (mono-2.0-bdwgc) mono_jit_runtime_invoke (at C:/build/output/Unity-Technologies/mono/mono/mini/mini-runtime.c:3445)
0x00007ff8c751d204 (mono-2.0-bdwgc) do_runtime_invoke (at C:/build/output/Unity-Technologies/mono/mono/metadata/object.c:3066)
0x00007ff8c7517fa9 (mono-2.0-bdwgc) mono_runtime_class_init_full (at C:/build/output/Unity-Technologies/mono/mono/metadata/object.c:563)
0x00007ff8c744ddd7 (mono-2.0-bdwgc) ves_icall_System_Runtime_CompilerServices_RuntimeHelpers_RunClassConstructor (at C:/build/output/Unity-Technologies/mono/mono/metadata/icall.c:1292)
0x00007ff8c747febc (mono-2.0-bdwgc) ves_icall_System_Runtime_CompilerServices_RuntimeHelpers_RunClassConstructor_raw (at C:/build/output/Unity-Technologies/mono/mono/metadata/icall-def.h:756)
0x0000029c947dee52 (Mono JIT Code) (wrapper managed-to-native) System.Runtime.CompilerServices.RuntimeHelpers:RunClassConstructor (intptr)
0x0000029c947ded2b (Mono JIT Code) System.Runtime.CompilerServices.RuntimeHelpers:RunClassConstructor (System.RuntimeTypeHandle)
0x0000029c947d58f3 (Mono JIT Code) UnityEditor.EditorAssemblies:ProcessInitializeOnLoadAttributes (System.Type[])
0x0000029c9470cc1b (Mono JIT Code) (wrapper runtime-invoke) <Module>:runtime_invoke_void_object (object,intptr,intptr,intptr)
0x00007ff8c75e4b6e (mono-2.0-bdwgc) mono_jit_runtime_invoke (at C:/build/output/Unity-Technologies/mono/mono/mini/mini-runtime.c:3445)
0x00007ff8c751d204 (mono-2.0-bdwgc) do_runtime_invoke (at C:/build/output/Unity-Technologies/mono/mono/metadata/object.c:3066)
0x00007ff8c751d37c (mono-2.0-bdwgc) mono_runtime_invoke (at C:/build/output/Unity-Technologies/mono/mono/metadata/object.c:3113)
0x00007ff71d621654 (Unity) scripting_method_invoke
0x00007ff71d5ff704 (Unity) ScriptingInvocation::Invoke
0x00007ff71d5fa345 (Unity) ScriptingInvocation::Invoke<void>
0x00007ff71d74d103 (Unity) Scripting::UnityEditor::EditorAssembliesProxy::ProcessInitializeOnLoadAttributes
0x00007ff71d5f44c8 (Unity) MonoManager::SetupLoadedEditorAssemblies
0x00007ff71d5e9e89 (Unity) MonoManager::FinalizeReload
0x00007ff71e9e2efa (Unity) ScriptingInitializer::FinalizeReload
0x00007ff71e5901fb (Unity) LoadUserAssemblies
0x00007ff71ea9182f (Unity) <lambda_e4c09a862f47a773e31babb76239f51f>::operator()
0x00007ff71eacb5d2 (Unity) asio::detail::completion_handler<core::mutable_function<void __cdecl(void)>,asio::io_context::basic_executor_type<std::allocator<void>,0> >::do_complete
0x00007ff71eab757e (Unity) asio::detail::win_iocp_io_context::do_one
0x00007ff71eab91ae (Unity) asio::detail::win_iocp_io_context::run
0x00007ff71eac997c (Unity) IOService::Run
0x00007ff71ea9db9f (Unity) AssetImportWorkerClient::Run
0x00007ff71ea68757 (Unity) RunAssetImportWorkerClientV2
0x00007ff71ea687db (Unity) RunAssetImporterV2
0x00007ff71e267da3 (Unity) Application::InitializeProject
0x00007ff71e6f2ba5 (Unity) WinMain
0x00007ff71fad870e (Unity) __scrt_common_main_seh
0x00007ff961617344 (KERNEL32) BaseThreadInitThunk
0x00007ff961ee26b1 (ntdll) RtlUserThreadStart

Mono: successfully reloaded assembly
[Package Manager] Server::EnsureServerProcessIsRunning -- launch failed, reason: Unity was launched with the -noUpm command-line argument
[Package Manager] UpmClient::Send -- Unable to send message (not connected to UPM process).
[Package Manager] Cannot connect to Unity Package Manager local server
[Package Manager] Server::EnsureServerProcessIsRunning -- launch failed, reason: Unity was launched with the -noUpm command-line argument
[Package Manager] UpmClient::Send -- Unable to send message (not connected to UPM process).
[Package Manager] Cannot connect to Unity Package Manager local server
- Finished resetting the current domain, in  1.243 seconds
Domain Reload Profiling: 2245ms
	BeginReloadAssembly (182ms)
		ExecutionOrderSort (0ms)
		DisableScriptedObjects (7ms)
		BackupInstance (0ms)
		ReleaseScriptingObjects (0ms)
		CreateAndSetChildDomain (25ms)
	RebuildCommonClasses (41ms)
	RebuildNativeTypeToScriptingClass (14ms)
	initialDomainReloadingComplete (62ms)
	LoadAllAssembliesAndSetupDomain (703ms)
		LoadAssemblies (578ms)
		RebuildTransferFunctionScriptingTraits (0ms)
		AnalyzeDomain (232ms)
			TypeCache.Refresh (195ms)
				TypeCache.ScanAssembly (172ms)
			ScanForSourceGeneratedMonoScriptInfo (31ms)
			ResolveRequiredComponents (6ms)
	FinalizeReload (1243ms)
		ReleaseScriptCaches (0ms)
		RebuildScriptCaches (0ms)
		SetupLoadedEditorAssemblies (1014ms)
			LogAssemblyErrors (0ms)
			InitializePlatformSupportModulesInManaged (49ms)
			SetLoadedEditorAssemblies (5ms)
			RefreshPlugins (0ms)
			BeforeProcessingInitializeOnLoad (158ms)
			ProcessInitializeOnLoadAttributes (734ms)
			ProcessInitializeOnLoadMethodAttributes (57ms)
			AfterProcessingInitializeOnLoad (11ms)
			EditorAssembliesLoaded (0ms)
		ExecutionOrderSort2 (0ms)
		AwakeInstancesAfterBackupRestoration (15ms)
Launched and connected shader compiler UnityShaderCompiler.exe after 0.05 seconds
Refreshing native plugins compatible for Editor in 67.82 ms, found 4 plugins.
Preloading 0 native plugins for Editor in 0.00 ms.
Unloading 4519 Unused Serialized files (Serialized files now loaded: 0)
Unloading 184 unused Assets / (121.8 KB). Loaded Objects now: 4886.
Memory consumption went from 165.0 MB to 164.8 MB.
Total: 3.866200 ms (FindLiveObjects: 0.337000 ms CreateObjectMapping: 0.352500 ms MarkObjects: 2.960400 ms  DeleteObjects: 0.215100 ms)

AssetImportParameters requested are different than current active one (requested -> active):
  custom:container-demuxer-ogg: 62fdf1f143b41e24485cea50d1cbac27 -> 
  custom:video-decoder-ogg-theora: a1e56fd34408186e4bbccfd4996cb3dc -> 
  custom:framework-win-MediaFoundation: 216162199b28c13a410421893ffa2e32 -> 
  custom:container-demuxer-webm: 4f35f7cbe854078d1ac9338744f61a02 -> 
  custom:container-muxer-webm: aa71ff27fc2769a1b78a27578f13a17b -> 
  custom:video-decoder-webm-vp8: 9c59270c3fd7afecdb556c50c9e8de78 -> 
  custom:AudioImporter_EditorPlatform: d09bf68614088b80899f8185d706f6e7 -> 
  custom:video-encoder-webm-vp8: eb34c28f22e8b96e1ab97ce403110664 -> 
  custom:audio-decoder-ogg-vorbis: bf7c407c2cedff20999df2af8eb42d56 -> 
  custom:audio-encoder-webm-vorbis: bf7c407c2cedff20999df2af8eb42d56 -> 
========================================================================
Received Import Request.
  Time since last request: 638732.053602 seconds.
  path: Assets/CasualGameSounds/license.pdf
  artifactKey: Guid(97e586aae91a04999b17478d7aa1a576) Importer(815301076,1909f56bfc062723c751e8b465ee728b)
Start importing Assets/CasualGameSounds/license.pdf using Guid(97e586aae91a04999b17478d7aa1a576) Importer(815301076,1909f56bfc062723c751e8b465ee728b)  -> (artifact id: 'ad29314f38d14fde9a0caa7476029a75') in 0.013474 seconds
Number of updated asset objects reloaded before import = 0
Number of asset objects unloaded after import = 1
========================================================================
Received Prepare
Refreshing native plugins compatible for Editor in 54.55 ms, found 4 plugins.
Preloading 0 native plugins for Editor in 0.00 ms.
Unloading 0 Unused Serialized files (Serialized files now loaded: 0)
Unloading 1 unused Assets / (0.8 KB). Loaded Objects now: 4887.
Memory consumption went from 87.5 MB to 87.5 MB.
Total: 3.833900 ms (FindLiveObjects: 0.414900 ms CreateObjectMapping: 0.362300 ms MarkObjects: 3.035700 ms  DeleteObjects: 0.020300 ms)

Prepare: number of updated asset objects reloaded= 0
AssetImportParameters requested are different than current active one (requested -> active):
  custom:container-demuxer-ogg: 62fdf1f143b41e24485cea50d1cbac27 -> 
  custom:video-decoder-ogg-theora: a1e56fd34408186e4bbccfd4996cb3dc -> 
  custom:framework-win-MediaFoundation: 216162199b28c13a410421893ffa2e32 -> 
  custom:CustomObjectIndexerAttribute: 756ad292c208cfabdd7b50bc23989ffe -> 
  custom:container-demuxer-webm: 4f35f7cbe854078d1ac9338744f61a02 -> 
  custom:container-muxer-webm: aa71ff27fc2769a1b78a27578f13a17b -> 
  custom:video-decoder-webm-vp8: 9c59270c3fd7afecdb556c50c9e8de78 -> 
  custom:SearchIndexIgnoredProperties: e643bd26f0fe6173181afceb89e7c659 -> 
  custom:AudioImporter_EditorPlatform: d09bf68614088b80899f8185d706f6e7 -> 
  custom:video-encoder-webm-vp8: eb34c28f22e8b96e1ab97ce403110664 -> 
  custom:audio-decoder-ogg-vorbis: bf7c407c2cedff20999df2af8eb42d56 -> 
  custom:audio-encoder-webm-vorbis: bf7c407c2cedff20999df2af8eb42d56 -> 
========================================================================
Received Prepare
Begin MonoManager ReloadAssembly
- Loaded All Assemblies, in  0.788 seconds
Refreshing native plugins compatible for Editor in 42.66 ms, found 4 plugins.
Native extension for WindowsStandalone target not found
Native extension for iOS target not found
Native extension for Android target not found
Native extension for WebGL target not found
GPGSUpgrader start
0x00007ff71d70a4bd (Unity) StackWalker::GetCurrentCallstack
0x00007ff71d70f469 (Unity) StackWalker::ShowCallstack
0x00007ff71e6e6da1 (Unity) GetStacktrace
0x00007ff71eda5782 (Unity) DebugStringToFile
0x00007ff71c659e76 (Unity) DebugLogHandler_CUSTOM_Internal_Log
0x0000029c945d990a (Mono JIT Code) (wrapper managed-to-native) UnityEngine.DebugLogHandler:Internal_Log (UnityEngine.LogType,UnityEngine.LogOption,string,UnityEngine.Object)
0x0000029c945d925b (Mono JIT Code) UnityEngine.DebugLogHandler:LogFormat (UnityEngine.LogType,UnityEngine.Object,string,object[])
0x0000029c945d877e (Mono JIT Code) UnityEngine.Logger:Log (UnityEngine.LogType,object)
0x0000029c945d840d (Mono JIT Code) UnityEngine.Debug:Log (object)
0x0000029c945d7b83 (Mono JIT Code) GooglePlayGames.Editor.GPGSUpgrader:.cctor () (at C:/GitHub/2DGames/DontTouchTheSpikes/Assets/GooglePlayGames/com.google.play.games/Editor/GPGSUpgrader.cs:38)
0x0000029c945d8115 (Mono JIT Code) (wrapper runtime-invoke) object:runtime_invoke_void (object,intptr,intptr,intptr)
0x00007ff8c75e4b6e (mono-2.0-bdwgc) mono_jit_runtime_invoke (at C:/build/output/Unity-Technologies/mono/mono/mini/mini-runtime.c:3445)
0x00007ff8c751d204 (mono-2.0-bdwgc) do_runtime_invoke (at C:/build/output/Unity-Technologies/mono/mono/metadata/object.c:3066)
0x00007ff8c7517fa9 (mono-2.0-bdwgc) mono_runtime_class_init_full (at C:/build/output/Unity-Technologies/mono/mono/metadata/object.c:563)
0x00007ff8c744ddd7 (mono-2.0-bdwgc) ves_icall_System_Runtime_CompilerServices_RuntimeHelpers_RunClassConstructor (at C:/build/output/Unity-Technologies/mono/mono/metadata/icall.c:1292)
0x00007ff8c747febc (mono-2.0-bdwgc) ves_icall_System_Runtime_CompilerServices_RuntimeHelpers_RunClassConstructor_raw (at C:/build/output/Unity-Technologies/mono/mono/metadata/icall-def.h:756)
0x0000029c931a4612 (Mono JIT Code) (wrapper managed-to-native) System.Runtime.CompilerServices.RuntimeHelpers:RunClassConstructor (intptr)
0x0000029c931a44eb (Mono JIT Code) System.Runtime.CompilerServices.RuntimeHelpers:RunClassConstructor (System.RuntimeTypeHandle)
0x0000029c9319b363 (Mono JIT Code) UnityEditor.EditorAssemblies:ProcessInitializeOnLoadAttributes (System.Type[])
0x0000029ca671cc1b (Mono JIT Code) (wrapper runtime-invoke) <Module>:runtime_invoke_void_object (object,intptr,intptr,intptr)
0x00007ff8c75e4b6e (mono-2.0-bdwgc) mono_jit_runtime_invoke (at C:/build/output/Unity-Technologies/mono/mono/mini/mini-runtime.c:3445)
0x00007ff8c751d204 (mono-2.0-bdwgc) do_runtime_invoke (at C:/build/output/Unity-Technologies/mono/mono/metadata/object.c:3066)
0x00007ff8c751d37c (mono-2.0-bdwgc) mono_runtime_invoke (at C:/build/output/Unity-Technologies/mono/mono/metadata/object.c:3113)
0x00007ff71d621654 (Unity) scripting_method_invoke
0x00007ff71d5ff704 (Unity) ScriptingInvocation::Invoke
0x00007ff71d5fa345 (Unity) ScriptingInvocation::Invoke<void>
0x00007ff71d74d103 (Unity) Scripting::UnityEditor::EditorAssembliesProxy::ProcessInitializeOnLoadAttributes
0x00007ff71d5f44c8 (Unity) MonoManager::SetupLoadedEditorAssemblies
0x00007ff71d5e9e89 (Unity) MonoManager::FinalizeReload
0x00007ff71e9e2efa (Unity) ScriptingInitializer::FinalizeReload
0x00007ff71e5901fb (Unity) LoadUserAssemblies
0x00007ff71ea91585 (Unity) <lambda_b37b41f03089e3cb3f55061bbc93253d>::operator()
0x00007ff71eacb5d2 (Unity) asio::detail::completion_handler<core::mutable_function<void __cdecl(void)>,asio::io_context::basic_executor_type<std::allocator<void>,0> >::do_complete
0x00007ff71eab757e (Unity) asio::detail::win_iocp_io_context::do_one
0x00007ff71eab91e4 (Unity) asio::detail::win_iocp_io_context::run
0x00007ff71eac997c (Unity) IOService::Run
0x00007ff71ea9db9f (Unity) AssetImportWorkerClient::Run
0x00007ff71ea68757 (Unity) RunAssetImportWorkerClientV2
0x00007ff71ea687db (Unity) RunAssetImporterV2
0x00007ff71e267da3 (Unity) Application::InitializeProject
0x00007ff71e6f2ba5 (Unity) WinMain
0x00007ff71fad870e (Unity) __scrt_common_main_seh
0x00007ff961617344 (KERNEL32) BaseThreadInitThunk
0x00007ff961ee26b1 (ntdll) RtlUserThreadStart

GPGSUpgrader done
0x00007ff71d70a4bd (Unity) StackWalker::GetCurrentCallstack
0x00007ff71d70f469 (Unity) StackWalker::ShowCallstack
0x00007ff71e6e6da1 (Unity) GetStacktrace
0x00007ff71eda5782 (Unity) DebugStringToFile
0x00007ff71c659e76 (Unity) DebugLogHandler_CUSTOM_Internal_Log
0x0000029c945d990a (Mono JIT Code) (wrapper managed-to-native) UnityEngine.DebugLogHandler:Internal_Log (UnityEngine.LogType,UnityEngine.LogOption,string,UnityEngine.Object)
0x0000029c945d925b (Mono JIT Code) UnityEngine.DebugLogHandler:LogFormat (UnityEngine.LogType,UnityEngine.Object,string,object[])
0x0000029c945d877e (Mono JIT Code) UnityEngine.Logger:Log (UnityEngine.LogType,object)
0x0000029c945d840d (Mono JIT Code) UnityEngine.Debug:Log (object)
0x0000029c945d7eb3 (Mono JIT Code) GooglePlayGames.Editor.GPGSUpgrader:.cctor () (at C:/GitHub/2DGames/DontTouchTheSpikes/Assets/GooglePlayGames/com.google.play.games/Editor/GPGSUpgrader.cs:57)
0x0000029c945d8115 (Mono JIT Code) (wrapper runtime-invoke) object:runtime_invoke_void (object,intptr,intptr,intptr)
0x00007ff8c75e4b6e (mono-2.0-bdwgc) mono_jit_runtime_invoke (at C:/build/output/Unity-Technologies/mono/mono/mini/mini-runtime.c:3445)
0x00007ff8c751d204 (mono-2.0-bdwgc) do_runtime_invoke (at C:/build/output/Unity-Technologies/mono/mono/metadata/object.c:3066)
0x00007ff8c7517fa9 (mono-2.0-bdwgc) mono_runtime_class_init_full (at C:/build/output/Unity-Technologies/mono/mono/metadata/object.c:563)
0x00007ff8c744ddd7 (mono-2.0-bdwgc) ves_icall_System_Runtime_CompilerServices_RuntimeHelpers_RunClassConstructor (at C:/build/output/Unity-Technologies/mono/mono/metadata/icall.c:1292)
0x00007ff8c747febc (mono-2.0-bdwgc) ves_icall_System_Runtime_CompilerServices_RuntimeHelpers_RunClassConstructor_raw (at C:/build/output/Unity-Technologies/mono/mono/metadata/icall-def.h:756)
0x0000029c931a4612 (Mono JIT Code) (wrapper managed-to-native) System.Runtime.CompilerServices.RuntimeHelpers:RunClassConstructor (intptr)
0x0000029c931a44eb (Mono JIT Code) System.Runtime.CompilerServices.RuntimeHelpers:RunClassConstructor (System.RuntimeTypeHandle)
0x0000029c9319b363 (Mono JIT Code) UnityEditor.EditorAssemblies:ProcessInitializeOnLoadAttributes (System.Type[])
0x0000029ca671cc1b (Mono JIT Code) (wrapper runtime-invoke) <Module>:runtime_invoke_void_object (object,intptr,intptr,intptr)
0x00007ff8c75e4b6e (mono-2.0-bdwgc) mono_jit_runtime_invoke (at C:/build/output/Unity-Technologies/mono/mono/mini/mini-runtime.c:3445)
0x00007ff8c751d204 (mono-2.0-bdwgc) do_runtime_invoke (at C:/build/output/Unity-Technologies/mono/mono/metadata/object.c:3066)
0x00007ff8c751d37c (mono-2.0-bdwgc) mono_runtime_invoke (at C:/build/output/Unity-Technologies/mono/mono/metadata/object.c:3113)
0x00007ff71d621654 (Unity) scripting_method_invoke
0x00007ff71d5ff704 (Unity) ScriptingInvocation::Invoke
0x00007ff71d5fa345 (Unity) ScriptingInvocation::Invoke<void>
0x00007ff71d74d103 (Unity) Scripting::UnityEditor::EditorAssembliesProxy::ProcessInitializeOnLoadAttributes
0x00007ff71d5f44c8 (Unity) MonoManager::SetupLoadedEditorAssemblies
0x00007ff71d5e9e89 (Unity) MonoManager::FinalizeReload
0x00007ff71e9e2efa (Unity) ScriptingInitializer::FinalizeReload
0x00007ff71e5901fb (Unity) LoadUserAssemblies
0x00007ff71ea91585 (Unity) <lambda_b37b41f03089e3cb3f55061bbc93253d>::operator()
0x00007ff71eacb5d2 (Unity) asio::detail::completion_handler<core::mutable_function<void __cdecl(void)>,asio::io_context::basic_executor_type<std::allocator<void>,0> >::do_complete
0x00007ff71eab757e (Unity) asio::detail::win_iocp_io_context::do_one
0x00007ff71eab91e4 (Unity) asio::detail::win_iocp_io_context::run
0x00007ff71eac997c (Unity) IOService::Run
0x00007ff71ea9db9f (Unity) AssetImportWorkerClient::Run
0x00007ff71ea68757 (Unity) RunAssetImportWorkerClientV2
0x00007ff71ea687db (Unity) RunAssetImporterV2
0x00007ff71e267da3 (Unity) Application::InitializeProject
0x00007ff71e6f2ba5 (Unity) WinMain
0x00007ff71fad870e (Unity) __scrt_common_main_seh
0x00007ff961617344 (KERNEL32) BaseThreadInitThunk
0x00007ff961ee26b1 (ntdll) RtlUserThreadStart

[Package Manager] Server::EnsureServerProcessIsRunning -- launch failed, reason: Unity was launched with the -noUpm command-line argument
[Package Manager] UpmClient::Send -- Unable to send message (not connected to UPM process).
[Package Manager] Cannot connect to Unity Package Manager local server
System.IO.IOException: Sharing violation on path C:\GitHub\2DGames\DontTouchTheSpikes\ProjectSettings\GvhProjectSettings.xml
  at System.IO.FileStream..ctor (System.String path, System.IO.FileMode mode, System.IO.FileAccess access, System.IO.FileShare share, System.Int32 bufferSize, System.Boolean anonymous, System.IO.FileOptions options) [0x0019e] in <834b2ded5dad441e8c7a4287897d63c7>:0 
  at System.IO.FileStream..ctor (System.String path, System.IO.FileMode mode, System.IO.FileAccess access, System.IO.FileShare share, System.Int32 bufferSize, System.IO.FileOptions options) [0x00000] in <834b2ded5dad441e8c7a4287897d63c7>:0 
  at (wrapper remoting-invoke-with-check) System.IO.FileStream..ctor(string,System.IO.FileMode,System.IO.FileAccess,System.IO.FileShare,int,System.IO.FileOptions)
  at System.IO.StreamReader..ctor (System.String path, System.Text.Encoding encoding, System.Boolean detectEncodingFromByteOrderMarks, System.Int32 bufferSize) [0x00055] in <834b2ded5dad441e8c7a4287897d63c7>:0 
  at System.IO.StreamReader..ctor (System.String path, System.Boolean detectEncodingFromByteOrderMarks) [0x00007] in <834b2ded5dad441e8c7a4287897d63c7>:0 
  at System.IO.StreamReader..ctor (System.String path) [0x00000] in <834b2ded5dad441e8c7a4287897d63c7>:0 
  at (wrapper remoting-invoke-with-check) System.IO.StreamReader..ctor(string)
  at Google.XmlUtilities.ParseXmlTextFileElements (System.String filename, Google.Logger logger, Google.XmlUtilities+ParseElement parseElement) [0x0000f] in /Users/chkuang/Workspace/git/unity-jar-resolver/source/VersionHandlerImpl/src/XmlUtilities.cs:104 
  at Google.ProjectSettings.Load () [0x00012] in /Users/chkuang/Workspace/git/unity-jar-resolver/source/VersionHandlerImpl/src/ProjectSettings.cs:777 
  at Google.ProjectSettings.LoadIfEmpty () [0x0001b] in /Users/chkuang/Workspace/git/unity-jar-resolver/source/VersionHandlerImpl/src/ProjectSettings.cs:558 
  at Google.ProjectSettings.GetBool (System.String name, System.Boolean defaultValue, Google.SettingsLocation location) [0x0002b] in /Users/chkuang/Workspace/git/unity-jar-resolver/source/VersionHandlerImpl/src/ProjectSettings.cs:606 
  at Google.ProjectSettings.GetBool (System.String name, System.Boolean defaultValue) [0x00000] in /Users/chkuang/Workspace/git/unity-jar-resolver/source/VersionHandlerImpl/src/ProjectSettings.cs:619 
  at Google.IOSResolver.get_VerboseLoggingEnabled () [0x00000] in /Users/chkuang/Workspace/git/unity-jar-resolver/source/IOSResolver/src/IOSResolver.cs:996 
  at Google.IOSResolver..cctor () [0x001ec] in /Users/chkuang/Workspace/git/unity-jar-resolver/source/IOSResolver/src/IOSResolver.cs:692 
0x00007ff71d70a4bd (Unity) StackWalker::GetCurrentCallstack
0x00007ff71d70f469 (Unity) StackWalker::ShowCallstack
0x00007ff71e6e6da1 (Unity) GetStacktrace
0x00007ff71eda5782 (Unity) DebugStringToFile
0x00007ff71c659e76 (Unity) DebugLogHandler_CUSTOM_Internal_Log
0x0000029c945d990a (Mono JIT Code) (wrapper managed-to-native) UnityEngine.DebugLogHandler:Internal_Log (UnityEngine.LogType,UnityEngine.LogOption,string,UnityEngine.Object)
0x0000029c945d925b (Mono JIT Code) UnityEngine.DebugLogHandler:LogFormat (UnityEngine.LogType,UnityEngine.Object,string,object[])
0x0000029c945d877e (Mono JIT Code) UnityEngine.Logger:Log (UnityEngine.LogType,object)
0x0000029c94d3ec6a (Mono JIT Code) UnityEngine.Debug:LogError (object)
0x0000029c9319b57b (Mono JIT Code) UnityEditor.EditorAssemblies:ProcessInitializeOnLoadAttributes (System.Type[])
0x0000029ca671cc1b (Mono JIT Code) (wrapper runtime-invoke) <Module>:runtime_invoke_void_object (object,intptr,intptr,intptr)
0x00007ff8c75e4b6e (mono-2.0-bdwgc) mono_jit_runtime_invoke (at C:/build/output/Unity-Technologies/mono/mono/mini/mini-runtime.c:3445)
0x00007ff8c751d204 (mono-2.0-bdwgc) do_runtime_invoke (at C:/build/output/Unity-Technologies/mono/mono/metadata/object.c:3066)
0x00007ff8c751d37c (mono-2.0-bdwgc) mono_runtime_invoke (at C:/build/output/Unity-Technologies/mono/mono/metadata/object.c:3113)
0x00007ff71d621654 (Unity) scripting_method_invoke
0x00007ff71d5ff704 (Unity) ScriptingInvocation::Invoke
0x00007ff71d5fa345 (Unity) ScriptingInvocation::Invoke<void>
0x00007ff71d74d103 (Unity) Scripting::UnityEditor::EditorAssembliesProxy::ProcessInitializeOnLoadAttributes
0x00007ff71d5f44c8 (Unity) MonoManager::SetupLoadedEditorAssemblies
0x00007ff71d5e9e89 (Unity) MonoManager::FinalizeReload
0x00007ff71e9e2efa (Unity) ScriptingInitializer::FinalizeReload
0x00007ff71e5901fb (Unity) LoadUserAssemblies
0x00007ff71ea91585 (Unity) <lambda_b37b41f03089e3cb3f55061bbc93253d>::operator()
0x00007ff71eacb5d2 (Unity) asio::detail::completion_handler<core::mutable_function<void __cdecl(void)>,asio::io_context::basic_executor_type<std::allocator<void>,0> >::do_complete
0x00007ff71eab757e (Unity) asio::detail::win_iocp_io_context::do_one
0x00007ff71eab91e4 (Unity) asio::detail::win_iocp_io_context::run
0x00007ff71eac997c (Unity) IOService::Run
0x00007ff71ea9db9f (Unity) AssetImportWorkerClient::Run
0x00007ff71ea68757 (Unity) RunAssetImportWorkerClientV2
0x00007ff71ea687db (Unity) RunAssetImporterV2
0x00007ff71e267da3 (Unity) Application::InitializeProject
0x00007ff71e6f2ba5 (Unity) WinMain
0x00007ff71fad870e (Unity) __scrt_common_main_seh
0x00007ff961617344 (KERNEL32) BaseThreadInitThunk
0x00007ff961ee26b1 (ntdll) RtlUserThreadStart

Mono: successfully reloaded assembly
[Package Manager] Server::EnsureServerProcessIsRunning -- launch failed, reason: Unity was launched with the -noUpm command-line argument
[Package Manager] UpmClient::Send -- Unable to send message (not connected to UPM process).
[Package Manager] Cannot connect to Unity Package Manager local server
- Finished resetting the current domain, in  1.730 seconds
Domain Reload Profiling: 2510ms
	BeginReloadAssembly (238ms)
		ExecutionOrderSort (0ms)
		DisableScriptedObjects (12ms)
		BackupInstance (0ms)
		ReleaseScriptingObjects (0ms)
		CreateAndSetChildDomain (51ms)
	RebuildCommonClasses (34ms)
	RebuildNativeTypeToScriptingClass (12ms)
	initialDomainReloadingComplete (49ms)
	LoadAllAssembliesAndSetupDomain (446ms)
		LoadAssemblies (562ms)
		RebuildTransferFunctionScriptingTraits (0ms)
		AnalyzeDomain (18ms)
			TypeCache.Refresh (7ms)
				TypeCache.ScanAssembly (0ms)
			ScanForSourceGeneratedMonoScriptInfo (0ms)
			ResolveRequiredComponents (9ms)
	FinalizeReload (1730ms)
		ReleaseScriptCaches (0ms)
		RebuildScriptCaches (0ms)
		SetupLoadedEditorAssemblies (807ms)
			LogAssemblyErrors (0ms)
			InitializePlatformSupportModulesInManaged (51ms)
			SetLoadedEditorAssemblies (7ms)
			RefreshPlugins (0ms)
			BeforeProcessingInitializeOnLoad (178ms)
			ProcessInitializeOnLoadAttributes (511ms)
			ProcessInitializeOnLoadMethodAttributes (48ms)
			AfterProcessingInitializeOnLoad (12ms)
			EditorAssembliesLoaded (1ms)
		ExecutionOrderSort2 (0ms)
		AwakeInstancesAfterBackupRestoration (23ms)
Refreshing native plugins compatible for Editor in 67.08 ms, found 4 plugins.
Preloading 0 native plugins for Editor in 0.00 ms.
Unloading 4494 Unused Serialized files (Serialized files now loaded: 0)
Unloading 156 unused Assets / (96.0 KB). Loaded Objects now: 4892.
Memory consumption went from 160.2 MB to 160.1 MB.
Total: 3.903100 ms (FindLiveObjects: 0.416500 ms CreateObjectMapping: 0.449200 ms MarkObjects: 2.858700 ms  DeleteObjects: 0.177700 ms)

Prepare: number of updated asset objects reloaded= 0
AssetImportParameters requested are different than current active one (requested -> active):
  custom:container-demuxer-ogg: 62fdf1f143b41e24485cea50d1cbac27 -> 
  custom:video-decoder-ogg-theora: a1e56fd34408186e4bbccfd4996cb3dc -> 
  custom:framework-win-MediaFoundation: 216162199b28c13a410421893ffa2e32 -> 
  custom:CustomObjectIndexerAttribute: 756ad292c208cfabdd7b50bc23989ffe -> 
  custom:container-demuxer-webm: 4f35f7cbe854078d1ac9338744f61a02 -> 
  custom:container-muxer-webm: aa71ff27fc2769a1b78a27578f13a17b -> 
  custom:video-decoder-webm-vp8: 9c59270c3fd7afecdb556c50c9e8de78 -> 
  custom:SearchIndexIgnoredProperties: e643bd26f0fe6173181afceb89e7c659 -> 
  custom:AudioImporter_EditorPlatform: d09bf68614088b80899f8185d706f6e7 -> 
  custom:video-encoder-webm-vp8: eb34c28f22e8b96e1ab97ce403110664 -> 
  custom:audio-decoder-ogg-vorbis: bf7c407c2cedff20999df2af8eb42d56 -> 
  custom:audio-encoder-webm-vorbis: bf7c407c2cedff20999df2af8eb42d56 -> 
